{"/home/runner/work/API/API/src/app.ts": {"path":"/home/runner/work/API/API/src/app.ts","statementMap":{"0":{"start":{"line":1,"column":0},"end":{"line":1,"column":24}},"1":{"start":{"line":2,"column":0},"end":{"line":2,"column":67}},"2":{"start":{"line":4,"column":0},"end":{"line":4,"column":43}},"3":{"start":{"line":5,"column":0},"end":{"line":5,"column":46}},"4":{"start":{"line":6,"column":0},"end":{"line":6,"column":42}},"5":{"start":{"line":7,"column":0},"end":{"line":7,"column":54}},"6":{"start":{"line":8,"column":0},"end":{"line":8,"column":42}},"7":{"start":{"line":9,"column":0},"end":{"line":9,"column":61}},"8":{"start":{"line":11,"column":33},"end":{"line":11,"column":42}},"9":{"start":{"line":67,"column":9},"end":{"line":67,"column":12}},"10":{"start":{"line":67,"column":14},"end":{"line":67,"column":20}},"11":{"start":{"line":14,"column":19},"end":{"line":64,"column":2}},"12":{"start":{"line":14,"column":30},"end":{"line":64,"column":2}},"13":{"start":{"line":15,"column":2},"end":{"line":21,"column":4}},"14":{"start":{"line":22,"column":2},"end":{"line":22,"column":26}},"15":{"start":{"line":23,"column":2},"end":{"line":23,"column":51}},"16":{"start":{"line":25,"column":2},"end":{"line":31,"column":5}},"17":{"start":{"line":25,"column":54},"end":{"line":31,"column":4}},"18":{"start":{"line":26,"column":4},"end":{"line":30,"column":13}},"19":{"start":{"line":27,"column":6},"end":{"line":29,"column":9}},"20":{"start":{"line":34,"column":2},"end":{"line":36,"column":5}},"21":{"start":{"line":35,"column":4},"end":{"line":35,"column":46}},"22":{"start":{"line":38,"column":2},"end":{"line":38,"column":69}},"23":{"start":{"line":41,"column":2},"end":{"line":41,"column":25}},"24":{"start":{"line":46,"column":2},"end":{"line":53,"column":5}},"25":{"start":{"line":47,"column":4},"end":{"line":47,"column":21}},"26":{"start":{"line":48,"column":4},"end":{"line":52,"column":null}},"27":{"start":{"line":49,"column":6},"end":{"line":49,"column":70}},"28":{"start":{"line":51,"column":6},"end":{"line":51,"column":70}},"29":{"start":{"line":56,"column":13},"end":{"line":56,"column":40}},"30":{"start":{"line":57,"column":2},"end":{"line":59,"column":null}},"31":{"start":{"line":58,"column":4},"end":{"line":58,"column":16}},"32":{"start":{"line":61,"column":2},"end":{"line":63,"column":5}},"33":{"start":{"line":62,"column":4},"end":{"line":62,"column":63}},"34":{"start":{"line":66,"column":0},"end":{"line":66,"column":13}}},"fnMap":{"0":{"name":"(anonymous_8)","decl":{"start":{"line":14,"column":19},"end":{"line":14,"column":28}},"loc":{"start":{"line":14,"column":30},"end":{"line":64,"column":2}}},"1":{"name":"(anonymous_9)","decl":{"start":{"line":14,"column":30},"end":{"line":14,"column":null}},"loc":{"start":{"line":14,"column":30},"end":{"line":64,"column":1}}},"2":{"name":"(anonymous_10)","decl":{"start":{"line":25,"column":10},"end":{"line":25,"column":17}},"loc":{"start":{"line":25,"column":54},"end":{"line":31,"column":4}}},"3":{"name":"(anonymous_11)","decl":{"start":{"line":25,"column":54},"end":{"line":25,"column":null}},"loc":{"start":{"line":25,"column":54},"end":{"line":31,"column":3}}},"4":{"name":"(anonymous_12)","decl":{"start":{"line":26,"column":23},"end":{"line":26,"column":26}},"loc":{"start":{"line":26,"column":28},"end":{"line":30,"column":5}}},"5":{"name":"(anonymous_13)","decl":{"start":{"line":34,"column":21},"end":{"line":34,"column":22}},"loc":{"start":{"line":34,"column":34},"end":{"line":36,"column":3}}},"6":{"name":"(anonymous_14)","decl":{"start":{"line":46,"column":10},"end":{"line":46,"column":11}},"loc":{"start":{"line":46,"column":74},"end":{"line":53,"column":3}}},"7":{"name":"(anonymous_15)","decl":{"start":{"line":61,"column":28},"end":{"line":61,"column":31}},"loc":{"start":{"line":61,"column":33},"end":{"line":63,"column":3}}}},"branchMap":{"0":{"loc":{"start":{"line":48,"column":4},"end":{"line":52,"column":null}},"type":"if","locations":[{"start":{"line":48,"column":4},"end":{"line":52,"column":null}},{"start":{"line":48,"column":4},"end":{"line":52,"column":null}}]},"1":{"loc":{"start":{"line":56,"column":22},"end":{"line":56,"column":33}},"type":"binary-expr","locations":[{"start":{"line":56,"column":22},"end":{"line":56,"column":33}},{"start":{"line":56,"column":37},"end":{"line":56,"column":39}}]},"2":{"loc":{"start":{"line":57,"column":2},"end":{"line":59,"column":null}},"type":"if","locations":[{"start":{"line":57,"column":2},"end":{"line":59,"column":null}},{"start":{"line":57,"column":2},"end":{"line":59,"column":null}}]},"3":{"loc":{"start":{"line":57,"column":6},"end":{"line":57,"column":17}},"type":"binary-expr","locations":[{"start":{"line":57,"column":6},"end":{"line":57,"column":17}},{"start":{"line":57,"column":21},"end":{"line":57,"column":31}}]}},"s":{"0":5,"1":5,"2":5,"3":5,"4":5,"5":5,"6":5,"7":5,"8":5,"9":5,"10":5,"11":5,"12":5,"13":5,"14":5,"15":5,"16":5,"17":34,"18":34,"19":0,"20":5,"21":0,"22":5,"23":5,"24":5,"25":4,"26":4,"27":1,"28":3,"29":5,"30":5,"31":0,"32":5,"33":5,"34":5},"f":{"0":5,"1":5,"2":34,"3":34,"4":0,"5":0,"6":4,"7":5},"b":{"0":[1,3],"1":[5,0],"2":[0,5],"3":[5,5]}}
,"/home/runner/work/API/API/src/configs/config.ts": {"path":"/home/runner/work/API/API/src/configs/config.ts","statementMap":{"0":{"start":{"line":1,"column":0},"end":{"line":1,"column":28}},"1":{"start":{"line":2,"column":0},"end":{"line":2,"column":24}},"2":{"start":{"line":3,"column":12},"end":{"line":3,"column":23}},"3":{"start":{"line":4,"column":0},"end":{"line":4,"column":23}},"4":{"start":{"line":6,"column":0},"end":{"line":20,"column":null}},"5":{"start":{"line":8,"column":4},"end":{"line":8,"column":72}},"6":{"start":{"line":9,"column":4},"end":{"line":9,"column":10}},"7":{"start":{"line":12,"column":4},"end":{"line":12,"column":71}},"8":{"start":{"line":13,"column":4},"end":{"line":13,"column":10}},"9":{"start":{"line":16,"column":4},"end":{"line":16,"column":72}},"10":{"start":{"line":17,"column":4},"end":{"line":17,"column":10}},"11":{"start":{"line":19,"column":4},"end":{"line":19,"column":71}},"12":{"start":{"line":33,"column":13},"end":{"line":43,"column":2}},"13":{"start":{"line":44,"column":0},"end":{"line":44,"column":34}},"14":{"start":{"line":45,"column":0},"end":{"line":45,"column":20}},"15":{"start":{"line":46,"column":0},"end":{"line":46,"column":27}}},"fnMap":{},"branchMap":{"0":{"loc":{"start":{"line":7,"column":2},"end":{"line":9,"column":10}},"type":"switch","locations":[{"start":{"line":7,"column":2},"end":{"line":9,"column":10}},{"start":{"line":10,"column":2},"end":{"line":10,"column":21}},{"start":{"line":11,"column":2},"end":{"line":13,"column":10}},{"start":{"line":14,"column":2},"end":{"line":14,"column":20}},{"start":{"line":15,"column":2},"end":{"line":17,"column":10}},{"start":{"line":18,"column":2},"end":{"line":19,"column":71}}]},"1":{"loc":{"start":{"line":34,"column":8},"end":{"line":34,"column":16}},"type":"binary-expr","locations":[{"start":{"line":34,"column":8},"end":{"line":34,"column":16}},{"start":{"line":34,"column":20},"end":{"line":34,"column":31}}]},"2":{"loc":{"start":{"line":35,"column":11},"end":{"line":35,"column":22}},"type":"binary-expr","locations":[{"start":{"line":35,"column":11},"end":{"line":35,"column":22}},{"start":{"line":35,"column":26},"end":{"line":35,"column":37}}]},"3":{"loc":{"start":{"line":36,"column":25},"end":{"line":36,"column":46}},"type":"cond-expr","locations":[{"start":{"line":36,"column":25},"end":{"line":36,"column":46}},{"start":{"line":36,"column":49},"end":{"line":36,"column":53}}]},"4":{"loc":{"start":{"line":37,"column":11},"end":{"line":37,"column":22}},"type":"binary-expr","locations":[{"start":{"line":37,"column":11},"end":{"line":37,"column":22}},{"start":{"line":37,"column":26},"end":{"line":37,"column":36}}]},"5":{"loc":{"start":{"line":38,"column":15},"end":{"line":38,"column":30}},"type":"binary-expr","locations":[{"start":{"line":38,"column":15},"end":{"line":38,"column":30}},{"start":{"line":38,"column":34},"end":{"line":38,"column":44}}]},"6":{"loc":{"start":{"line":39,"column":15},"end":{"line":39,"column":30}},"type":"binary-expr","locations":[{"start":{"line":39,"column":15},"end":{"line":39,"column":30}},{"start":{"line":39,"column":34},"end":{"line":39,"column":44}}]},"7":{"loc":{"start":{"line":40,"column":36},"end":{"line":40,"column":40}},"type":"cond-expr","locations":[{"start":{"line":40,"column":36},"end":{"line":40,"column":40}},{"start":{"line":40,"column":43},"end":{"line":40,"column":48}}]},"8":{"loc":{"start":{"line":41,"column":36},"end":{"line":41,"column":40}},"type":"cond-expr","locations":[{"start":{"line":41,"column":36},"end":{"line":41,"column":40}},{"start":{"line":41,"column":43},"end":{"line":41,"column":48}}]},"9":{"loc":{"start":{"line":42,"column":17},"end":{"line":42,"column":34}},"type":"binary-expr","locations":[{"start":{"line":42,"column":17},"end":{"line":42,"column":34}},{"start":{"line":42,"column":38},"end":{"line":42,"column":61}}]}},"s":{"0":6,"1":6,"2":6,"3":6,"4":6,"5":6,"6":6,"7":0,"8":0,"9":0,"10":0,"11":0,"12":6,"13":6,"14":6,"15":6},"f":{},"b":{"0":[6,0,0,0,0,0],"1":[6,0],"2":[6,0],"3":[6,0],"4":[6,0],"5":[6,0],"6":[6,0],"7":[6,0],"8":[0,6],"9":[6,0]}}
,"/home/runner/work/API/API/src/configs/ormconfig.ts": {"path":"/home/runner/work/API/API/src/configs/ormconfig.ts","statementMap":{"0":{"start":{"line":1,"column":0},"end":{"line":1,"column":34}},"1":{"start":{"line":2,"column":0},"end":{"line":2,"column":34}},"2":{"start":{"line":5,"column":19},"end":{"line":5,"column":58}},"3":{"start":{"line":6,"column":0},"end":{"line":6,"column":65}},"4":{"start":{"line":7,"column":0},"end":{"line":28,"column":9}}},"fnMap":{},"branchMap":{"0":{"loc":{"start":{"line":9,"column":8},"end":{"line":9,"column":22}},"type":"binary-expr","locations":[{"start":{"line":9,"column":8},"end":{"line":9,"column":22}},{"start":{"line":9,"column":26},"end":{"line":9,"column":37}}]},"1":{"loc":{"start":{"line":10,"column":8},"end":{"line":10,"column":22}},"type":"binary-expr","locations":[{"start":{"line":10,"column":8},"end":{"line":10,"column":22}},{"start":{"line":10,"column":26},"end":{"line":10,"column":30}}]},"2":{"loc":{"start":{"line":11,"column":12},"end":{"line":11,"column":30}},"type":"binary-expr","locations":[{"start":{"line":11,"column":12},"end":{"line":11,"column":30}},{"start":{"line":11,"column":34},"end":{"line":11,"column":44}}]},"3":{"loc":{"start":{"line":12,"column":12},"end":{"line":12,"column":30}},"type":"binary-expr","locations":[{"start":{"line":12,"column":12},"end":{"line":12,"column":30}},{"start":{"line":12,"column":34},"end":{"line":12,"column":44}}]},"4":{"loc":{"start":{"line":13,"column":12},"end":{"line":13,"column":26}},"type":"binary-expr","locations":[{"start":{"line":13,"column":12},"end":{"line":13,"column":26}},{"start":{"line":13,"column":30},"end":{"line":13,"column":40}}]},"5":{"loc":{"start":{"line":14,"column":15},"end":{"line":14,"column":29}},"type":"binary-expr","locations":[{"start":{"line":14,"column":15},"end":{"line":14,"column":29}},{"start":{"line":14,"column":33},"end":{"line":14,"column":38}}]},"6":{"loc":{"start":{"line":15,"column":11},"end":{"line":15,"column":25}},"type":"binary-expr","locations":[{"start":{"line":15,"column":11},"end":{"line":15,"column":25}},{"start":{"line":15,"column":29},"end":{"line":15,"column":34}}]}},"s":{"0":6,"1":6,"2":6,"3":6,"4":6},"f":{},"b":{"0":[6,0],"1":[6,0],"2":[6,0],"3":[6,0],"4":[6,0],"5":[6,0],"6":[6,6]}}
,"/home/runner/work/API/API/src/controllers/index.ts": {"path":"/home/runner/work/API/API/src/controllers/index.ts","statementMap":{"0":{"start":{"line":1,"column":0},"end":{"line":1,"column":38}},"1":{"start":{"line":2,"column":0},"end":{"line":2,"column":39}},"2":{"start":{"line":3,"column":0},"end":{"line":3,"column":40}},"3":{"start":{"line":4,"column":0},"end":{"line":4,"column":39}},"4":{"start":{"line":5,"column":0},"end":{"line":5,"column":39}},"5":{"start":{"line":6,"column":0},"end":{"line":6,"column":40}},"6":{"start":{"line":7,"column":0},"end":{"line":7,"column":41}},"7":{"start":{"line":8,"column":0},"end":{"line":8,"column":40}}},"fnMap":{},"branchMap":{},"s":{"0":5,"1":5,"2":5,"3":5,"4":5,"5":5,"6":5,"7":5},"f":{},"b":{}}
,"/home/runner/work/API/API/src/controllers/google/adController.ts": {"path":"/home/runner/work/API/API/src/controllers/google/adController.ts","statementMap":{"0":{"start":{"line":1,"column":0},"end":{"line":1,"column":60}},"1":{"start":{"line":2,"column":0},"end":{"line":2,"column":49}},"2":{"start":{"line":31,"column":8},"end":{"line":31,"column":19}},"3":{"start":{"line":32,"column":25},"end":{"line":32,"column":59}},"4":{"start":{"line":32,"column":47},"end":{"line":32,"column":58}},"5":{"start":{"line":33,"column":39},"end":{"line":48,"column":6}},"6":{"start":{"line":60,"column":37},"end":{"line":60,"column":39}},"7":{"start":{"line":61,"column":4},"end":{"line":63,"column":null}},"8":{"start":{"line":62,"column":6},"end":{"line":62,"column":74}},"9":{"start":{"line":65,"column":4},"end":{"line":67,"column":null}},"10":{"start":{"line":66,"column":6},"end":{"line":66,"column":67}},"11":{"start":{"line":69,"column":4},"end":{"line":74,"column":null}},"12":{"start":{"line":70,"column":6},"end":{"line":73,"column":9}},"13":{"start":{"line":76,"column":4},"end":{"line":78,"column":null}},"14":{"start":{"line":77,"column":6},"end":{"line":77,"column":62}},"15":{"start":{"line":80,"column":4},"end":{"line":82,"column":null}},"16":{"start":{"line":81,"column":6},"end":{"line":81,"column":74}},"17":{"start":{"line":84,"column":4},"end":{"line":86,"column":null}},"18":{"start":{"line":85,"column":6},"end":{"line":85,"column":70}},"19":{"start":{"line":88,"column":4},"end":{"line":98,"column":null}},"20":{"start":{"line":89,"column":6},"end":{"line":97,"column":8}},"21":{"start":{"line":90,"column":8},"end":{"line":96,"column":null}},"22":{"start":{"line":90,"column":21},"end":{"line":90,"column":22}},"23":{"start":{"line":91,"column":10},"end":{"line":95,"column":null}},"24":{"start":{"line":92,"column":12},"end":{"line":92,"column":67}},"25":{"start":{"line":94,"column":12},"end":{"line":94,"column":70}},"26":{"start":{"line":101,"column":18},"end":{"line":101,"column":69}},"27":{"start":{"line":101,"column":64},"end":{"line":101,"column":68}},"28":{"start":{"line":103,"column":29},"end":{"line":103,"column":41}},"29":{"start":{"line":105,"column":16},"end":{"line":110,"column":6}},"30":{"start":{"line":112,"column":4},"end":{"line":112,"column":28}},"31":{"start":{"line":113,"column":4},"end":{"line":113,"column":28}},"32":{"start":{"line":115,"column":26},"end":{"line":115,"column":59}},"33":{"start":{"line":118,"column":4},"end":{"line":122,"column":6}},"34":{"start":{"line":126,"column":4},"end":{"line":129,"column":7}},"35":{"start":{"line":141,"column":21},"end":{"line":144,"column":6}},"36":{"start":{"line":145,"column":4},"end":{"line":145,"column":44}},"37":{"start":{"line":157,"column":26},"end":{"line":160,"column":6}},"38":{"start":{"line":161,"column":4},"end":{"line":161,"column":51}},"39":{"start":{"line":5,"column":0},"end":{"line":5,"column":13}}},"fnMap":{"0":{"name":"(anonymous_7)","decl":{"start":{"line":19,"column":8},"end":{"line":19,"column":14}},"loc":{"start":{"line":20,"column":56},"end":{"line":123,"column":null}}},"1":{"name":"(anonymous_9)","decl":{"start":{"line":32,"column":40},"end":{"line":32,"column":41}},"loc":{"start":{"line":32,"column":47},"end":{"line":32,"column":58}}},"2":{"name":"(anonymous_10)","decl":{"start":{"line":89,"column":26},"end":{"line":89,"column":27}},"loc":{"start":{"line":89,"column":38},"end":{"line":97,"column":7}}},"3":{"name":"(anonymous_11)","decl":{"start":{"line":101,"column":57},"end":{"line":101,"column":58}},"loc":{"start":{"line":101,"column":64},"end":{"line":101,"column":68}}},"4":{"name":"(anonymous_12)","decl":{"start":{"line":125,"column":8},"end":{"line":125,"column":15}},"loc":{"start":{"line":125,"column":26},"end":{"line":130,"column":null}}},"5":{"name":"(anonymous_14)","decl":{"start":{"line":140,"column":8},"end":{"line":140,"column":18}},"loc":{"start":{"line":140,"column":46},"end":{"line":146,"column":null}}},"6":{"name":"(anonymous_16)","decl":{"start":{"line":156,"column":8},"end":{"line":156,"column":23}},"loc":{"start":{"line":156,"column":51},"end":{"line":162,"column":null}}}},"branchMap":{"0":{"loc":{"start":{"line":32,"column":34},"end":{"line":32,"column":36}},"type":"cond-expr","locations":[{"start":{"line":32,"column":34},"end":{"line":32,"column":36}},{"start":{"line":32,"column":25},"end":{"line":32,"column":59}}]},"1":{"loc":{"start":{"line":32,"column":25},"end":{"line":32,"column":36}},"type":"binary-expr","locations":[{"start":{"line":32,"column":25},"end":{"line":32,"column":36}},{"start":{"line":32,"column":25},"end":{"line":32,"column":36}}]},"2":{"loc":{"start":{"line":34,"column":20},"end":{"line":34,"column":25}},"type":"cond-expr","locations":[{"start":{"line":34,"column":20},"end":{"line":34,"column":25}},{"start":{"line":34,"column":28},"end":{"line":34,"column":30}}]},"3":{"loc":{"start":{"line":35,"column":21},"end":{"line":35,"column":27}},"type":"cond-expr","locations":[{"start":{"line":35,"column":21},"end":{"line":35,"column":27}},{"start":{"line":35,"column":30},"end":{"line":35,"column":31}}]},"4":{"loc":{"start":{"line":61,"column":4},"end":{"line":63,"column":null}},"type":"if","locations":[{"start":{"line":61,"column":4},"end":{"line":63,"column":null}},{"start":{"line":61,"column":4},"end":{"line":63,"column":null}}]},"5":{"loc":{"start":{"line":65,"column":4},"end":{"line":67,"column":null}},"type":"if","locations":[{"start":{"line":65,"column":4},"end":{"line":67,"column":null}},{"start":{"line":65,"column":4},"end":{"line":67,"column":null}}]},"6":{"loc":{"start":{"line":69,"column":4},"end":{"line":74,"column":null}},"type":"if","locations":[{"start":{"line":69,"column":4},"end":{"line":74,"column":null}},{"start":{"line":69,"column":4},"end":{"line":74,"column":null}}]},"7":{"loc":{"start":{"line":76,"column":4},"end":{"line":78,"column":null}},"type":"if","locations":[{"start":{"line":76,"column":4},"end":{"line":78,"column":null}},{"start":{"line":76,"column":4},"end":{"line":78,"column":null}}]},"8":{"loc":{"start":{"line":80,"column":4},"end":{"line":82,"column":null}},"type":"if","locations":[{"start":{"line":80,"column":4},"end":{"line":82,"column":null}},{"start":{"line":80,"column":4},"end":{"line":82,"column":null}}]},"9":{"loc":{"start":{"line":84,"column":4},"end":{"line":86,"column":null}},"type":"if","locations":[{"start":{"line":84,"column":4},"end":{"line":86,"column":null}},{"start":{"line":84,"column":4},"end":{"line":86,"column":null}}]},"10":{"loc":{"start":{"line":88,"column":4},"end":{"line":98,"column":null}},"type":"if","locations":[{"start":{"line":88,"column":4},"end":{"line":98,"column":null}},{"start":{"line":88,"column":4},"end":{"line":98,"column":null}}]},"11":{"loc":{"start":{"line":91,"column":10},"end":{"line":95,"column":null}},"type":"if","locations":[{"start":{"line":91,"column":10},"end":{"line":95,"column":null}},{"start":{"line":91,"column":10},"end":{"line":95,"column":null}}]}},"s":{"0":5,"1":5,"2":7,"3":7,"4":1,"5":7,"6":7,"7":7,"8":1,"9":7,"10":2,"11":7,"12":1,"13":7,"14":1,"15":7,"16":1,"17":7,"18":1,"19":7,"20":4,"21":8,"22":8,"23":14,"24":8,"25":6,"26":7,"27":13,"28":7,"29":7,"30":7,"31":7,"32":7,"33":7,"34":4,"35":4,"36":4,"37":0,"38":0,"39":5},"f":{"0":7,"1":1,"2":8,"3":13,"4":4,"5":4,"6":0},"b":{"0":[6,1],"1":[7,7],"2":[7,0],"3":[1,6],"4":[1,6],"5":[2,5],"6":[1,6],"7":[1,6],"8":[1,6],"9":[1,6],"10":[4,3],"11":[8,6]}}
,"/home/runner/work/API/API/src/controllers/google/botController.ts": {"path":"/home/runner/work/API/API/src/controllers/google/botController.ts","statementMap":{"0":{"start":{"line":1,"column":0},"end":{"line":1,"column":37}},"1":{"start":{"line":5,"column":4},"end":{"line":5,"column":34}},"2":{"start":{"line":9,"column":4},"end":{"line":11,"column":7}},"3":{"start":{"line":3,"column":0},"end":{"line":3,"column":13}}},"fnMap":{"0":{"name":"(anonymous_7)","decl":{"start":{"line":4,"column":8},"end":{"line":4,"column":14}},"loc":{"start":{"line":4,"column":14},"end":{"line":6,"column":null}}},"1":{"name":"(anonymous_9)","decl":{"start":{"line":8,"column":8},"end":{"line":8,"column":21}},"loc":{"start":{"line":8,"column":38},"end":{"line":12,"column":null}}}},"branchMap":{},"s":{"0":5,"1":1,"2":2,"3":5},"f":{"0":1,"1":2},"b":{}}
,"/home/runner/work/API/API/src/controllers/google/statController.ts": {"path":"/home/runner/work/API/API/src/controllers/google/statController.ts","statementMap":{"0":{"start":{"line":1,"column":0},"end":{"line":1,"column":40}},"1":{"start":{"line":2,"column":0},"end":{"line":2,"column":60}},"2":{"start":{"line":17,"column":19},"end":{"line":17,"column":21}},"3":{"start":{"line":18,"column":17},"end":{"line":23,"column":19}},"4":{"start":{"line":24,"column":4},"end":{"line":27,"column":7}},"5":{"start":{"line":29,"column":4},"end":{"line":34,"column":20}},"6":{"start":{"line":36,"column":4},"end":{"line":39,"column":7}},"7":{"start":{"line":40,"column":4},"end":{"line":40,"column":15}},"8":{"start":{"line":55,"column":17},"end":{"line":61,"column":19}},"9":{"start":{"line":62,"column":4},"end":{"line":66,"column":7}},"10":{"start":{"line":63,"column":6},"end":{"line":65,"column":null}},"11":{"start":{"line":64,"column":8},"end":{"line":64,"column":34}},"12":{"start":{"line":67,"column":4},"end":{"line":67,"column":18}},"13":{"start":{"line":80,"column":17},"end":{"line":94,"column":19}},"14":{"start":{"line":95,"column":4},"end":{"line":101,"column":7}},"15":{"start":{"line":96,"column":6},"end":{"line":98,"column":null}},"16":{"start":{"line":97,"column":8},"end":{"line":97,"column":34}},"17":{"start":{"line":99,"column":6},"end":{"line":99,"column":44}},"18":{"start":{"line":100,"column":6},"end":{"line":100,"column":50}},"19":{"start":{"line":102,"column":4},"end":{"line":102,"column":18}},"20":{"start":{"line":116,"column":16},"end":{"line":117,"column":null}},"21":{"start":{"line":119,"column":14},"end":{"line":120,"column":null}},"22":{"start":{"line":122,"column":30},"end":{"line":122,"column":73}},"23":{"start":{"line":123,"column":19},"end":{"line":132,"column":null}},"24":{"start":{"line":135,"column":4},"end":{"line":135,"column":18}},"25":{"start":{"line":143,"column":28},"end":{"line":147,"column":13}},"26":{"start":{"line":148,"column":29},"end":{"line":152,"column":19}},"27":{"start":{"line":153,"column":21},"end":{"line":153,"column":56}},"28":{"start":{"line":155,"column":4},"end":{"line":159,"column":6}},"29":{"start":{"line":4,"column":0},"end":{"line":4,"column":13}}},"fnMap":{"0":{"name":"(anonymous_7)","decl":{"start":{"line":8,"column":8},"end":{"line":8,"column":27}},"loc":{"start":{"line":8,"column":27},"end":{"line":41,"column":null}}},"1":{"name":"(anonymous_9)","decl":{"start":{"line":49,"column":8},"end":{"line":49,"column":23}},"loc":{"start":{"line":49,"column":23},"end":{"line":68,"column":null}}},"2":{"name":"(anonymous_11)","decl":{"start":{"line":62,"column":19},"end":{"line":62,"column":20}},"loc":{"start":{"line":62,"column":25},"end":{"line":66,"column":5}}},"3":{"name":"(anonymous_12)","decl":{"start":{"line":73,"column":8},"end":{"line":73,"column":26}},"loc":{"start":{"line":73,"column":26},"end":{"line":103,"column":null}}},"4":{"name":"(anonymous_14)","decl":{"start":{"line":95,"column":19},"end":{"line":95,"column":20}},"loc":{"start":{"line":95,"column":25},"end":{"line":101,"column":5}}},"5":{"name":"(anonymous_15)","decl":{"start":{"line":108,"column":8},"end":{"line":108,"column":19}},"loc":{"start":{"line":109,"column":19},"end":{"line":136,"column":null}}},"6":{"name":"(anonymous_17)","decl":{"start":{"line":138,"column":8},"end":{"line":138,"column":18}},"loc":{"start":{"line":138,"column":18},"end":{"line":160,"column":null}}}},"branchMap":{"0":{"loc":{"start":{"line":63,"column":6},"end":{"line":65,"column":null}},"type":"if","locations":[{"start":{"line":63,"column":6},"end":{"line":65,"column":null}},{"start":{"line":63,"column":6},"end":{"line":65,"column":null}}]},"1":{"loc":{"start":{"line":96,"column":6},"end":{"line":98,"column":null}},"type":"if","locations":[{"start":{"line":96,"column":6},"end":{"line":98,"column":null}},{"start":{"line":96,"column":6},"end":{"line":98,"column":null}}]}},"s":{"0":5,"1":5,"2":1,"3":1,"4":1,"5":1,"6":1,"7":1,"8":1,"9":1,"10":4,"11":1,"12":1,"13":1,"14":1,"15":4,"16":1,"17":4,"18":4,"19":1,"20":1,"21":1,"22":1,"23":1,"24":1,"25":1,"26":1,"27":1,"28":1,"29":5},"f":{"0":1,"1":1,"2":4,"3":1,"4":4,"5":1,"6":1},"b":{"0":[1,3],"1":[1,3]}}
,"/home/runner/work/API/API/src/controllers/google/tagController.ts": {"path":"/home/runner/work/API/API/src/controllers/google/tagController.ts","statementMap":{"0":{"start":{"line":1,"column":0},"end":{"line":1,"column":37}},"1":{"start":{"line":5,"column":4},"end":{"line":5,"column":34}},"2":{"start":{"line":9,"column":4},"end":{"line":11,"column":7}},"3":{"start":{"line":15,"column":4},"end":{"line":17,"column":7}},"4":{"start":{"line":21,"column":19},"end":{"line":23,"column":6}},"5":{"start":{"line":24,"column":4},"end":{"line":24,"column":40}},"6":{"start":{"line":3,"column":0},"end":{"line":3,"column":13}}},"fnMap":{"0":{"name":"(anonymous_7)","decl":{"start":{"line":4,"column":8},"end":{"line":4,"column":14}},"loc":{"start":{"line":4,"column":14},"end":{"line":6,"column":null}}},"1":{"name":"(anonymous_9)","decl":{"start":{"line":8,"column":8},"end":{"line":8,"column":15}},"loc":{"start":{"line":8,"column":26},"end":{"line":12,"column":null}}},"2":{"name":"(anonymous_11)","decl":{"start":{"line":14,"column":8},"end":{"line":14,"column":17}},"loc":{"start":{"line":14,"column":30},"end":{"line":18,"column":null}}},"3":{"name":"(anonymous_13)","decl":{"start":{"line":20,"column":8},"end":{"line":20,"column":17}},"loc":{"start":{"line":20,"column":30},"end":{"line":25,"column":null}}}},"branchMap":{},"s":{"0":5,"1":2,"2":0,"3":0,"4":0,"5":0,"6":5},"f":{"0":2,"1":0,"2":0,"3":0},"b":{}}
,"/home/runner/work/API/API/src/controllers/twitter/adController.ts": {"path":"/home/runner/work/API/API/src/controllers/twitter/adController.ts","statementMap":{"0":{"start":{"line":1,"column":0},"end":{"line":1,"column":60}},"1":{"start":{"line":2,"column":0},"end":{"line":2,"column":71}},"2":{"start":{"line":32,"column":8},"end":{"line":32,"column":19}},"3":{"start":{"line":33,"column":25},"end":{"line":33,"column":59}},"4":{"start":{"line":33,"column":47},"end":{"line":33,"column":58}},"5":{"start":{"line":35,"column":39},"end":{"line":51,"column":6}},"6":{"start":{"line":54,"column":37},"end":{"line":54,"column":39}},"7":{"start":{"line":56,"column":4},"end":{"line":58,"column":null}},"8":{"start":{"line":57,"column":6},"end":{"line":57,"column":67}},"9":{"start":{"line":60,"column":4},"end":{"line":65,"column":null}},"10":{"start":{"line":61,"column":6},"end":{"line":64,"column":9}},"11":{"start":{"line":67,"column":4},"end":{"line":69,"column":null}},"12":{"start":{"line":68,"column":6},"end":{"line":68,"column":62}},"13":{"start":{"line":71,"column":4},"end":{"line":76,"column":null}},"14":{"start":{"line":72,"column":6},"end":{"line":75,"column":9}},"15":{"start":{"line":74,"column":38},"end":{"line":74,"column":53}},"16":{"start":{"line":78,"column":4},"end":{"line":80,"column":null}},"17":{"start":{"line":79,"column":6},"end":{"line":79,"column":77}},"18":{"start":{"line":82,"column":4},"end":{"line":84,"column":null}},"19":{"start":{"line":83,"column":6},"end":{"line":83,"column":73}},"20":{"start":{"line":86,"column":4},"end":{"line":88,"column":null}},"21":{"start":{"line":87,"column":6},"end":{"line":87,"column":69}},"22":{"start":{"line":90,"column":4},"end":{"line":100,"column":null}},"23":{"start":{"line":91,"column":6},"end":{"line":99,"column":8}},"24":{"start":{"line":92,"column":8},"end":{"line":98,"column":null}},"25":{"start":{"line":92,"column":21},"end":{"line":92,"column":22}},"26":{"start":{"line":93,"column":10},"end":{"line":97,"column":null}},"27":{"start":{"line":94,"column":12},"end":{"line":94,"column":67}},"28":{"start":{"line":96,"column":12},"end":{"line":96,"column":70}},"29":{"start":{"line":103,"column":18},"end":{"line":104,"column":null}},"30":{"start":{"line":104,"column":33},"end":{"line":104,"column":43}},"31":{"start":{"line":106,"column":29},"end":{"line":106,"column":41}},"32":{"start":{"line":108,"column":16},"end":{"line":113,"column":6}},"33":{"start":{"line":115,"column":4},"end":{"line":115,"column":28}},"34":{"start":{"line":116,"column":4},"end":{"line":116,"column":28}},"35":{"start":{"line":118,"column":26},"end":{"line":118,"column":69}},"36":{"start":{"line":121,"column":4},"end":{"line":125,"column":6}},"37":{"start":{"line":154,"column":8},"end":{"line":154,"column":19}},"38":{"start":{"line":155,"column":25},"end":{"line":155,"column":59}},"39":{"start":{"line":155,"column":47},"end":{"line":155,"column":58}},"40":{"start":{"line":157,"column":39},"end":{"line":173,"column":6}},"41":{"start":{"line":177,"column":37},"end":{"line":177,"column":39}},"42":{"start":{"line":179,"column":4},"end":{"line":181,"column":null}},"43":{"start":{"line":180,"column":6},"end":{"line":180,"column":67}},"44":{"start":{"line":183,"column":4},"end":{"line":188,"column":null}},"45":{"start":{"line":184,"column":6},"end":{"line":187,"column":9}},"46":{"start":{"line":190,"column":4},"end":{"line":192,"column":null}},"47":{"start":{"line":191,"column":6},"end":{"line":191,"column":62}},"48":{"start":{"line":194,"column":4},"end":{"line":199,"column":null}},"49":{"start":{"line":195,"column":6},"end":{"line":198,"column":9}},"50":{"start":{"line":197,"column":38},"end":{"line":197,"column":53}},"51":{"start":{"line":201,"column":4},"end":{"line":203,"column":null}},"52":{"start":{"line":202,"column":6},"end":{"line":202,"column":77}},"53":{"start":{"line":205,"column":4},"end":{"line":207,"column":null}},"54":{"start":{"line":206,"column":6},"end":{"line":206,"column":73}},"55":{"start":{"line":209,"column":4},"end":{"line":211,"column":null}},"56":{"start":{"line":210,"column":6},"end":{"line":210,"column":69}},"57":{"start":{"line":213,"column":4},"end":{"line":223,"column":null}},"58":{"start":{"line":214,"column":6},"end":{"line":222,"column":8}},"59":{"start":{"line":215,"column":8},"end":{"line":221,"column":null}},"60":{"start":{"line":215,"column":21},"end":{"line":215,"column":22}},"61":{"start":{"line":216,"column":10},"end":{"line":220,"column":null}},"62":{"start":{"line":217,"column":12},"end":{"line":217,"column":67}},"63":{"start":{"line":219,"column":12},"end":{"line":219,"column":70}},"64":{"start":{"line":226,"column":18},"end":{"line":227,"column":null}},"65":{"start":{"line":227,"column":24},"end":{"line":227,"column":28}},"66":{"start":{"line":230,"column":29},"end":{"line":230,"column":41}},"67":{"start":{"line":232,"column":23},"end":{"line":237,"column":6}},"68":{"start":{"line":238,"column":4},"end":{"line":241,"column":7}},"69":{"start":{"line":239,"column":6},"end":{"line":239,"column":32}},"70":{"start":{"line":240,"column":6},"end":{"line":240,"column":21}},"71":{"start":{"line":243,"column":4},"end":{"line":243,"column":28}},"72":{"start":{"line":244,"column":4},"end":{"line":244,"column":28}},"73":{"start":{"line":246,"column":26},"end":{"line":246,"column":60}},"74":{"start":{"line":249,"column":4},"end":{"line":253,"column":6}},"75":{"start":{"line":257,"column":4},"end":{"line":260,"column":7}},"76":{"start":{"line":272,"column":21},"end":{"line":275,"column":6}},"77":{"start":{"line":276,"column":4},"end":{"line":276,"column":45}},"78":{"start":{"line":288,"column":26},"end":{"line":291,"column":6}},"79":{"start":{"line":292,"column":4},"end":{"line":292,"column":52}},"80":{"start":{"line":5,"column":0},"end":{"line":5,"column":13}}},"fnMap":{"0":{"name":"(anonymous_7)","decl":{"start":{"line":19,"column":8},"end":{"line":19,"column":22}},"loc":{"start":{"line":20,"column":57},"end":{"line":126,"column":null}}},"1":{"name":"(anonymous_9)","decl":{"start":{"line":33,"column":40},"end":{"line":33,"column":41}},"loc":{"start":{"line":33,"column":47},"end":{"line":33,"column":58}}},"2":{"name":"(anonymous_10)","decl":{"start":{"line":74,"column":31},"end":{"line":74,"column":32}},"loc":{"start":{"line":74,"column":38},"end":{"line":74,"column":53}}},"3":{"name":"(anonymous_11)","decl":{"start":{"line":91,"column":26},"end":{"line":91,"column":27}},"loc":{"start":{"line":91,"column":38},"end":{"line":99,"column":7}}},"4":{"name":"(anonymous_12)","decl":{"start":{"line":104,"column":6},"end":{"line":104,"column":7}},"loc":{"start":{"line":104,"column":33},"end":{"line":104,"column":43}}},"5":{"name":"(anonymous_13)","decl":{"start":{"line":141,"column":8},"end":{"line":141,"column":20}},"loc":{"start":{"line":142,"column":57},"end":{"line":254,"column":null}}},"6":{"name":"(anonymous_15)","decl":{"start":{"line":155,"column":40},"end":{"line":155,"column":41}},"loc":{"start":{"line":155,"column":47},"end":{"line":155,"column":58}}},"7":{"name":"(anonymous_16)","decl":{"start":{"line":197,"column":31},"end":{"line":197,"column":32}},"loc":{"start":{"line":197,"column":38},"end":{"line":197,"column":53}}},"8":{"name":"(anonymous_17)","decl":{"start":{"line":214,"column":26},"end":{"line":214,"column":27}},"loc":{"start":{"line":214,"column":38},"end":{"line":222,"column":7}}},"9":{"name":"(anonymous_18)","decl":{"start":{"line":227,"column":6},"end":{"line":227,"column":7}},"loc":{"start":{"line":227,"column":24},"end":{"line":227,"column":28}}},"10":{"name":"(anonymous_19)","decl":{"start":{"line":238,"column":12},"end":{"line":238,"column":13}},"loc":{"start":{"line":238,"column":23},"end":{"line":241,"column":5}}},"11":{"name":"(anonymous_20)","decl":{"start":{"line":256,"column":8},"end":{"line":256,"column":15}},"loc":{"start":{"line":256,"column":26},"end":{"line":261,"column":null}}},"12":{"name":"(anonymous_22)","decl":{"start":{"line":271,"column":8},"end":{"line":271,"column":18}},"loc":{"start":{"line":271,"column":46},"end":{"line":277,"column":null}}},"13":{"name":"(anonymous_24)","decl":{"start":{"line":287,"column":8},"end":{"line":287,"column":23}},"loc":{"start":{"line":287,"column":51},"end":{"line":293,"column":null}}}},"branchMap":{"0":{"loc":{"start":{"line":33,"column":34},"end":{"line":33,"column":36}},"type":"cond-expr","locations":[{"start":{"line":33,"column":34},"end":{"line":33,"column":36}},{"start":{"line":33,"column":25},"end":{"line":33,"column":59}}]},"1":{"loc":{"start":{"line":33,"column":25},"end":{"line":33,"column":36}},"type":"binary-expr","locations":[{"start":{"line":33,"column":25},"end":{"line":33,"column":36}},{"start":{"line":33,"column":25},"end":{"line":33,"column":36}}]},"2":{"loc":{"start":{"line":36,"column":20},"end":{"line":36,"column":25}},"type":"cond-expr","locations":[{"start":{"line":36,"column":20},"end":{"line":36,"column":25}},{"start":{"line":36,"column":28},"end":{"line":36,"column":30}}]},"3":{"loc":{"start":{"line":37,"column":21},"end":{"line":37,"column":27}},"type":"cond-expr","locations":[{"start":{"line":37,"column":21},"end":{"line":37,"column":27}},{"start":{"line":37,"column":30},"end":{"line":37,"column":31}}]},"4":{"loc":{"start":{"line":56,"column":4},"end":{"line":58,"column":null}},"type":"if","locations":[{"start":{"line":56,"column":4},"end":{"line":58,"column":null}},{"start":{"line":56,"column":4},"end":{"line":58,"column":null}}]},"5":{"loc":{"start":{"line":60,"column":4},"end":{"line":65,"column":null}},"type":"if","locations":[{"start":{"line":60,"column":4},"end":{"line":65,"column":null}},{"start":{"line":60,"column":4},"end":{"line":65,"column":null}}]},"6":{"loc":{"start":{"line":67,"column":4},"end":{"line":69,"column":null}},"type":"if","locations":[{"start":{"line":67,"column":4},"end":{"line":69,"column":null}},{"start":{"line":67,"column":4},"end":{"line":69,"column":null}}]},"7":{"loc":{"start":{"line":71,"column":4},"end":{"line":76,"column":null}},"type":"if","locations":[{"start":{"line":71,"column":4},"end":{"line":76,"column":null}},{"start":{"line":71,"column":4},"end":{"line":76,"column":null}}]},"8":{"loc":{"start":{"line":78,"column":4},"end":{"line":80,"column":null}},"type":"if","locations":[{"start":{"line":78,"column":4},"end":{"line":80,"column":null}},{"start":{"line":78,"column":4},"end":{"line":80,"column":null}}]},"9":{"loc":{"start":{"line":82,"column":4},"end":{"line":84,"column":null}},"type":"if","locations":[{"start":{"line":82,"column":4},"end":{"line":84,"column":null}},{"start":{"line":82,"column":4},"end":{"line":84,"column":null}}]},"10":{"loc":{"start":{"line":86,"column":4},"end":{"line":88,"column":null}},"type":"if","locations":[{"start":{"line":86,"column":4},"end":{"line":88,"column":null}},{"start":{"line":86,"column":4},"end":{"line":88,"column":null}}]},"11":{"loc":{"start":{"line":90,"column":4},"end":{"line":100,"column":null}},"type":"if","locations":[{"start":{"line":90,"column":4},"end":{"line":100,"column":null}},{"start":{"line":90,"column":4},"end":{"line":100,"column":null}}]},"12":{"loc":{"start":{"line":93,"column":10},"end":{"line":97,"column":null}},"type":"if","locations":[{"start":{"line":93,"column":10},"end":{"line":97,"column":null}},{"start":{"line":93,"column":10},"end":{"line":97,"column":null}}]},"13":{"loc":{"start":{"line":155,"column":34},"end":{"line":155,"column":36}},"type":"cond-expr","locations":[{"start":{"line":155,"column":34},"end":{"line":155,"column":36}},{"start":{"line":155,"column":25},"end":{"line":155,"column":59}}]},"14":{"loc":{"start":{"line":155,"column":25},"end":{"line":155,"column":36}},"type":"binary-expr","locations":[{"start":{"line":155,"column":25},"end":{"line":155,"column":36}},{"start":{"line":155,"column":25},"end":{"line":155,"column":36}}]},"15":{"loc":{"start":{"line":158,"column":20},"end":{"line":158,"column":25}},"type":"cond-expr","locations":[{"start":{"line":158,"column":20},"end":{"line":158,"column":25}},{"start":{"line":158,"column":28},"end":{"line":158,"column":30}}]},"16":{"loc":{"start":{"line":159,"column":21},"end":{"line":159,"column":27}},"type":"cond-expr","locations":[{"start":{"line":159,"column":21},"end":{"line":159,"column":27}},{"start":{"line":159,"column":30},"end":{"line":159,"column":31}}]},"17":{"loc":{"start":{"line":179,"column":4},"end":{"line":181,"column":null}},"type":"if","locations":[{"start":{"line":179,"column":4},"end":{"line":181,"column":null}},{"start":{"line":179,"column":4},"end":{"line":181,"column":null}}]},"18":{"loc":{"start":{"line":183,"column":4},"end":{"line":188,"column":null}},"type":"if","locations":[{"start":{"line":183,"column":4},"end":{"line":188,"column":null}},{"start":{"line":183,"column":4},"end":{"line":188,"column":null}}]},"19":{"loc":{"start":{"line":190,"column":4},"end":{"line":192,"column":null}},"type":"if","locations":[{"start":{"line":190,"column":4},"end":{"line":192,"column":null}},{"start":{"line":190,"column":4},"end":{"line":192,"column":null}}]},"20":{"loc":{"start":{"line":194,"column":4},"end":{"line":199,"column":null}},"type":"if","locations":[{"start":{"line":194,"column":4},"end":{"line":199,"column":null}},{"start":{"line":194,"column":4},"end":{"line":199,"column":null}}]},"21":{"loc":{"start":{"line":201,"column":4},"end":{"line":203,"column":null}},"type":"if","locations":[{"start":{"line":201,"column":4},"end":{"line":203,"column":null}},{"start":{"line":201,"column":4},"end":{"line":203,"column":null}}]},"22":{"loc":{"start":{"line":205,"column":4},"end":{"line":207,"column":null}},"type":"if","locations":[{"start":{"line":205,"column":4},"end":{"line":207,"column":null}},{"start":{"line":205,"column":4},"end":{"line":207,"column":null}}]},"23":{"loc":{"start":{"line":209,"column":4},"end":{"line":211,"column":null}},"type":"if","locations":[{"start":{"line":209,"column":4},"end":{"line":211,"column":null}},{"start":{"line":209,"column":4},"end":{"line":211,"column":null}}]},"24":{"loc":{"start":{"line":213,"column":4},"end":{"line":223,"column":null}},"type":"if","locations":[{"start":{"line":213,"column":4},"end":{"line":223,"column":null}},{"start":{"line":213,"column":4},"end":{"line":223,"column":null}}]},"25":{"loc":{"start":{"line":216,"column":10},"end":{"line":220,"column":null}},"type":"if","locations":[{"start":{"line":216,"column":10},"end":{"line":220,"column":null}},{"start":{"line":216,"column":10},"end":{"line":220,"column":null}}]}},"s":{"0":5,"1":5,"2":0,"3":0,"4":0,"5":0,"6":0,"7":0,"8":0,"9":0,"10":0,"11":0,"12":0,"13":0,"14":0,"15":0,"16":0,"17":0,"18":0,"19":0,"20":0,"21":0,"22":0,"23":0,"24":0,"25":0,"26":0,"27":0,"28":0,"29":0,"30":0,"31":0,"32":0,"33":0,"34":0,"35":0,"36":0,"37":7,"38":7,"39":1,"40":7,"41":7,"42":7,"43":2,"44":7,"45":1,"46":7,"47":1,"48":7,"49":0,"50":0,"51":7,"52":1,"53":7,"54":1,"55":7,"56":0,"57":7,"58":4,"59":8,"60":8,"61":12,"62":8,"63":4,"64":7,"65":13,"66":7,"67":7,"68":7,"69":13,"70":13,"71":7,"72":7,"73":7,"74":7,"75":0,"76":0,"77":0,"78":0,"79":0,"80":5},"f":{"0":0,"1":0,"2":0,"3":0,"4":0,"5":7,"6":1,"7":0,"8":8,"9":13,"10":13,"11":0,"12":0,"13":0},"b":{"0":[0,0],"1":[0,0],"2":[0,0],"3":[0,0],"4":[0,0],"5":[0,0],"6":[0,0],"7":[0,0],"8":[0,0],"9":[0,0],"10":[0,0],"11":[0,0],"12":[0,0],"13":[6,1],"14":[7,7],"15":[7,0],"16":[1,6],"17":[2,5],"18":[1,6],"19":[1,6],"20":[0,7],"21":[1,6],"22":[1,6],"23":[0,7],"24":[4,3],"25":[8,4]}}
,"/home/runner/work/API/API/src/controllers/twitter/botController.ts": {"path":"/home/runner/work/API/API/src/controllers/twitter/botController.ts","statementMap":{"0":{"start":{"line":1,"column":0},"end":{"line":1,"column":38}},"1":{"start":{"line":5,"column":4},"end":{"line":5,"column":35}},"2":{"start":{"line":9,"column":4},"end":{"line":11,"column":7}},"3":{"start":{"line":3,"column":0},"end":{"line":3,"column":13}}},"fnMap":{"0":{"name":"(anonymous_7)","decl":{"start":{"line":4,"column":8},"end":{"line":4,"column":14}},"loc":{"start":{"line":4,"column":14},"end":{"line":6,"column":null}}},"1":{"name":"(anonymous_9)","decl":{"start":{"line":8,"column":8},"end":{"line":8,"column":21}},"loc":{"start":{"line":8,"column":38},"end":{"line":12,"column":null}}}},"branchMap":{},"s":{"0":5,"1":0,"2":0,"3":5},"f":{"0":0,"1":0},"b":{}}
,"/home/runner/work/API/API/src/controllers/twitter/statController.ts": {"path":"/home/runner/work/API/API/src/controllers/twitter/statController.ts","statementMap":{"0":{"start":{"line":1,"column":0},"end":{"line":1,"column":40}},"1":{"start":{"line":2,"column":0},"end":{"line":2,"column":null}},"2":{"start":{"line":22,"column":19},"end":{"line":22,"column":21}},"3":{"start":{"line":23,"column":17},"end":{"line":28,"column":19}},"4":{"start":{"line":29,"column":4},"end":{"line":32,"column":7}},"5":{"start":{"line":34,"column":4},"end":{"line":34,"column":15}},"6":{"start":{"line":49,"column":17},"end":{"line":55,"column":19}},"7":{"start":{"line":56,"column":4},"end":{"line":60,"column":7}},"8":{"start":{"line":57,"column":6},"end":{"line":59,"column":null}},"9":{"start":{"line":58,"column":8},"end":{"line":58,"column":34}},"10":{"start":{"line":61,"column":4},"end":{"line":61,"column":18}},"11":{"start":{"line":74,"column":17},"end":{"line":82,"column":19}},"12":{"start":{"line":84,"column":4},"end":{"line":88,"column":7}},"13":{"start":{"line":85,"column":6},"end":{"line":87,"column":null}},"14":{"start":{"line":86,"column":8},"end":{"line":86,"column":34}},"15":{"start":{"line":89,"column":4},"end":{"line":89,"column":24}},"16":{"start":{"line":90,"column":4},"end":{"line":90,"column":18}},"17":{"start":{"line":104,"column":16},"end":{"line":105,"column":null}},"18":{"start":{"line":107,"column":14},"end":{"line":108,"column":null}},"19":{"start":{"line":111,"column":31},"end":{"line":112,"column":16}},"20":{"start":{"line":113,"column":19},"end":{"line":122,"column":null}},"21":{"start":{"line":125,"column":4},"end":{"line":125,"column":18}},"22":{"start":{"line":135,"column":34},"end":{"line":139,"column":13}},"23":{"start":{"line":141,"column":32},"end":{"line":145,"column":11}},"24":{"start":{"line":147,"column":29},"end":{"line":151,"column":19}},"25":{"start":{"line":153,"column":21},"end":{"line":153,"column":57}},"26":{"start":{"line":155,"column":4},"end":{"line":161,"column":6}},"27":{"start":{"line":9,"column":0},"end":{"line":9,"column":13}}},"fnMap":{"0":{"name":"(anonymous_7)","decl":{"start":{"line":13,"column":8},"end":{"line":13,"column":27}},"loc":{"start":{"line":13,"column":27},"end":{"line":35,"column":null}}},"1":{"name":"(anonymous_9)","decl":{"start":{"line":43,"column":8},"end":{"line":43,"column":23}},"loc":{"start":{"line":43,"column":23},"end":{"line":62,"column":null}}},"2":{"name":"(anonymous_11)","decl":{"start":{"line":56,"column":19},"end":{"line":56,"column":20}},"loc":{"start":{"line":56,"column":25},"end":{"line":60,"column":5}}},"3":{"name":"(anonymous_12)","decl":{"start":{"line":67,"column":8},"end":{"line":67,"column":26}},"loc":{"start":{"line":67,"column":26},"end":{"line":91,"column":null}}},"4":{"name":"(anonymous_14)","decl":{"start":{"line":84,"column":19},"end":{"line":84,"column":20}},"loc":{"start":{"line":84,"column":25},"end":{"line":88,"column":5}}},"5":{"name":"(anonymous_15)","decl":{"start":{"line":96,"column":8},"end":{"line":96,"column":19}},"loc":{"start":{"line":97,"column":19},"end":{"line":126,"column":null}}},"6":{"name":"(anonymous_17)","decl":{"start":{"line":128,"column":8},"end":{"line":128,"column":18}},"loc":{"start":{"line":128,"column":18},"end":{"line":162,"column":null}}}},"branchMap":{"0":{"loc":{"start":{"line":57,"column":6},"end":{"line":59,"column":null}},"type":"if","locations":[{"start":{"line":57,"column":6},"end":{"line":59,"column":null}},{"start":{"line":57,"column":6},"end":{"line":59,"column":null}}]},"1":{"loc":{"start":{"line":85,"column":6},"end":{"line":87,"column":null}},"type":"if","locations":[{"start":{"line":85,"column":6},"end":{"line":87,"column":null}},{"start":{"line":85,"column":6},"end":{"line":87,"column":null}}]}},"s":{"0":5,"1":5,"2":1,"3":1,"4":1,"5":1,"6":1,"7":1,"8":4,"9":1,"10":1,"11":0,"12":0,"13":0,"14":0,"15":0,"16":0,"17":1,"18":1,"19":1,"20":1,"21":1,"22":1,"23":1,"24":1,"25":1,"26":1,"27":5},"f":{"0":1,"1":1,"2":4,"3":0,"4":0,"5":1,"6":1},"b":{"0":[1,3],"1":[0,0]}}
,"/home/runner/work/API/API/src/controllers/twitter/tagController.ts": {"path":"/home/runner/work/API/API/src/controllers/twitter/tagController.ts","statementMap":{"0":{"start":{"line":1,"column":0},"end":{"line":1,"column":38}},"1":{"start":{"line":5,"column":4},"end":{"line":5,"column":35}},"2":{"start":{"line":9,"column":4},"end":{"line":11,"column":7}},"3":{"start":{"line":15,"column":4},"end":{"line":17,"column":7}},"4":{"start":{"line":21,"column":19},"end":{"line":23,"column":6}},"5":{"start":{"line":24,"column":4},"end":{"line":24,"column":41}},"6":{"start":{"line":3,"column":0},"end":{"line":3,"column":13}}},"fnMap":{"0":{"name":"(anonymous_7)","decl":{"start":{"line":4,"column":8},"end":{"line":4,"column":14}},"loc":{"start":{"line":4,"column":14},"end":{"line":6,"column":null}}},"1":{"name":"(anonymous_9)","decl":{"start":{"line":8,"column":8},"end":{"line":8,"column":15}},"loc":{"start":{"line":8,"column":26},"end":{"line":12,"column":null}}},"2":{"name":"(anonymous_11)","decl":{"start":{"line":14,"column":8},"end":{"line":14,"column":17}},"loc":{"start":{"line":14,"column":30},"end":{"line":18,"column":null}}},"3":{"name":"(anonymous_13)","decl":{"start":{"line":20,"column":8},"end":{"line":20,"column":17}},"loc":{"start":{"line":20,"column":30},"end":{"line":25,"column":null}}}},"branchMap":{},"s":{"0":5,"1":0,"2":0,"3":0,"4":0,"5":0,"6":5},"f":{"0":0,"1":0,"2":0,"3":0},"b":{}}
,"/home/runner/work/API/API/src/helpers/dbConnection.ts": {"path":"/home/runner/work/API/API/src/helpers/dbConnection.ts","statementMap":{"0":{"start":{"line":1,"column":0},"end":{"line":1,"column":70}},"1":{"start":{"line":2,"column":0},"end":{"line":2,"column":44}},"2":{"start":{"line":4,"column":25},"end":{"line":23,"column":2}},"3":{"start":{"line":4,"column":36},"end":{"line":23,"column":2}},"4":{"start":{"line":6,"column":2},"end":{"line":8,"column":16}},"5":{"start":{"line":7,"column":4},"end":{"line":7,"column":33}},"6":{"start":{"line":10,"column":2},"end":{"line":22,"column":null}},"7":{"start":{"line":11,"column":4},"end":{"line":17,"column":null}},"8":{"start":{"line":12,"column":6},"end":{"line":14,"column":null}},"9":{"start":{"line":13,"column":8},"end":{"line":13,"column":42}},"10":{"start":{"line":16,"column":6},"end":{"line":16,"column":47}},"11":{"start":{"line":18,"column":4},"end":{"line":18,"column":55}},"12":{"start":{"line":20,"column":4},"end":{"line":20,"column":60}},"13":{"start":{"line":21,"column":4},"end":{"line":21,"column":12}},"14":{"start":{"line":4,"column":13},"end":{"line":4,"column":25}},"15":{"start":{"line":25,"column":28},"end":{"line":34,"column":2}},"16":{"start":{"line":25,"column":73},"end":{"line":34,"column":2}},"17":{"start":{"line":26,"column":2},"end":{"line":33,"column":null}},"18":{"start":{"line":27,"column":4},"end":{"line":27,"column":22}},"19":{"start":{"line":28,"column":4},"end":{"line":30,"column":null}},"20":{"start":{"line":29,"column":6},"end":{"line":29,"column":13}},"21":{"start":{"line":32,"column":4},"end":{"line":32,"column":14}},"22":{"start":{"line":25,"column":13},"end":{"line":25,"column":28}}},"fnMap":{"0":{"name":"(anonymous_8)","decl":{"start":{"line":4,"column":25},"end":{"line":4,"column":34}},"loc":{"start":{"line":4,"column":36},"end":{"line":23,"column":2}}},"1":{"name":"(anonymous_9)","decl":{"start":{"line":4,"column":36},"end":{"line":4,"column":null}},"loc":{"start":{"line":4,"column":36},"end":{"line":23,"column":1}}},"2":{"name":"(anonymous_10)","decl":{"start":{"line":25,"column":28},"end":{"line":25,"column":35}},"loc":{"start":{"line":25,"column":73},"end":{"line":34,"column":2}}},"3":{"name":"(anonymous_11)","decl":{"start":{"line":25,"column":73},"end":{"line":25,"column":null}},"loc":{"start":{"line":25,"column":73},"end":{"line":34,"column":1}}}},"branchMap":{"0":{"loc":{"start":{"line":11,"column":4},"end":{"line":17,"column":null}},"type":"if","locations":[{"start":{"line":11,"column":4},"end":{"line":17,"column":null}},{"start":{"line":11,"column":4},"end":{"line":17,"column":null}}]},"1":{"loc":{"start":{"line":12,"column":6},"end":{"line":14,"column":null}},"type":"if","locations":[{"start":{"line":12,"column":6},"end":{"line":14,"column":null}},{"start":{"line":12,"column":6},"end":{"line":14,"column":null}}]},"2":{"loc":{"start":{"line":28,"column":4},"end":{"line":30,"column":null}},"type":"if","locations":[{"start":{"line":28,"column":4},"end":{"line":30,"column":null}},{"start":{"line":28,"column":4},"end":{"line":30,"column":null}}]}},"s":{"0":5,"1":5,"2":5,"3":34,"4":34,"5":34,"6":34,"7":34,"8":34,"9":0,"10":0,"11":34,"12":0,"13":0,"14":5,"15":5,"16":34,"17":34,"18":34,"19":34,"20":34,"21":0,"22":5},"f":{"0":34,"1":34,"2":34,"3":34},"b":{"0":[34,0],"1":[0,34],"2":[34,0]}}
,"/home/runner/work/API/API/src/helpers/paginate.ts": {"path":"/home/runner/work/API/API/src/helpers/paginate.ts","statementMap":{"0":{"start":{"line":15,"column":4},"end":{"line":23,"column":6}},"1":{"start":{"line":16,"column":6},"end":{"line":21,"column":null}},"2":{"start":{"line":17,"column":8},"end":{"line":17,"column":40}},"3":{"start":{"line":18,"column":8},"end":{"line":20,"column":null}},"4":{"start":{"line":19,"column":10},"end":{"line":19,"column":45}},"5":{"start":{"line":22,"column":6},"end":{"line":22,"column":13}},"6":{"start":{"line":42,"column":16},"end":{"line":48,"column":6}},"7":{"start":{"line":49,"column":22},"end":{"line":49,"column":37}},"8":{"start":{"line":51,"column":4},"end":{"line":57,"column":null}},"9":{"start":{"line":52,"column":6},"end":{"line":56,"column":null}},"10":{"start":{"line":53,"column":8},"end":{"line":53,"column":48}},"11":{"start":{"line":55,"column":8},"end":{"line":55,"column":48}},"12":{"start":{"line":58,"column":4},"end":{"line":60,"column":null}},"13":{"start":{"line":59,"column":6},"end":{"line":59,"column":52}},"14":{"start":{"line":63,"column":4},"end":{"line":63,"column":29}},"15":{"start":{"line":65,"column":4},"end":{"line":65,"column":70}},"16":{"start":{"line":67,"column":4},"end":{"line":70,"column":6}},"17":{"start":{"line":72,"column":23},"end":{"line":72,"column":37}},"18":{"start":{"line":73,"column":4},"end":{"line":80,"column":null}},"19":{"start":{"line":74,"column":6},"end":{"line":77,"column":8}},"20":{"start":{"line":79,"column":6},"end":{"line":79,"column":31}},"21":{"start":{"line":82,"column":27},"end":{"line":82,"column":41}},"22":{"start":{"line":83,"column":4},"end":{"line":90,"column":null}},"23":{"start":{"line":84,"column":6},"end":{"line":87,"column":8}},"24":{"start":{"line":89,"column":6},"end":{"line":89,"column":35}},"25":{"start":{"line":92,"column":4},"end":{"line":98,"column":6}},"26":{"start":{"line":101,"column":0},"end":{"line":101,"column":30}}},"fnMap":{"0":{"name":"(anonymous_0)","decl":{"start":{"line":14,"column":2},"end":{"line":14,"column":12}},"loc":{"start":{"line":14,"column":44},"end":{"line":24,"column":3}}},"1":{"name":"(anonymous_1)","decl":{"start":{"line":15,"column":11},"end":{"line":15,"column":12}},"loc":{"start":{"line":15,"column":63},"end":{"line":23,"column":5}}},"2":{"name":"(anonymous_2)","decl":{"start":{"line":35,"column":2},"end":{"line":35,"column":13}},"loc":{"start":{"line":40,"column":23},"end":{"line":99,"column":3}}}},"branchMap":{"0":{"loc":{"start":{"line":16,"column":6},"end":{"line":21,"column":null}},"type":"if","locations":[{"start":{"line":16,"column":6},"end":{"line":21,"column":null}},{"start":{"line":16,"column":6},"end":{"line":21,"column":null}}]},"1":{"loc":{"start":{"line":18,"column":8},"end":{"line":20,"column":null}},"type":"if","locations":[{"start":{"line":18,"column":8},"end":{"line":20,"column":null}},{"start":{"line":18,"column":8},"end":{"line":20,"column":null}}]},"2":{"loc":{"start":{"line":51,"column":4},"end":{"line":57,"column":null}},"type":"if","locations":[{"start":{"line":51,"column":4},"end":{"line":57,"column":null}},{"start":{"line":51,"column":4},"end":{"line":57,"column":null}}]},"3":{"loc":{"start":{"line":52,"column":6},"end":{"line":56,"column":null}},"type":"if","locations":[{"start":{"line":52,"column":6},"end":{"line":56,"column":null}},{"start":{"line":52,"column":6},"end":{"line":56,"column":null}}]},"4":{"loc":{"start":{"line":58,"column":4},"end":{"line":60,"column":null}},"type":"if","locations":[{"start":{"line":58,"column":4},"end":{"line":60,"column":null}},{"start":{"line":58,"column":4},"end":{"line":60,"column":null}}]},"5":{"loc":{"start":{"line":73,"column":4},"end":{"line":80,"column":null}},"type":"if","locations":[{"start":{"line":73,"column":4},"end":{"line":80,"column":null}},{"start":{"line":73,"column":4},"end":{"line":80,"column":null}}]},"6":{"loc":{"start":{"line":83,"column":4},"end":{"line":90,"column":null}},"type":"if","locations":[{"start":{"line":83,"column":4},"end":{"line":90,"column":null}},{"start":{"line":83,"column":4},"end":{"line":90,"column":null}}]}},"s":{"0":10,"1":14,"2":8,"3":8,"4":0,"5":14,"6":14,"7":14,"8":14,"9":12,"10":1,"11":11,"12":14,"13":8,"14":14,"15":14,"16":14,"17":14,"18":14,"19":4,"20":10,"21":14,"22":14,"23":2,"24":12,"25":14,"26":5},"f":{"0":10,"1":14,"2":14},"b":{"0":[8,6],"1":[0,8],"2":[12,2],"3":[1,11],"4":[8,6],"5":[4,10],"6":[2,12]}}
,"/home/runner/work/API/API/src/models/GoogleAd.ts": {"path":"/home/runner/work/API/API/src/models/GoogleAd.ts","statementMap":{"0":{"start":{"line":1,"column":0},"end":{"line":1,"column":null}},"1":{"start":{"line":11,"column":0},"end":{"line":11,"column":43}},"2":{"start":{"line":18,"column":0},"end":{"line":68,"column":null}},"3":{"start":{"line":59,"column":4},"end":{"line":59,"column":29}},"4":{"start":{"line":59,"column":22},"end":{"line":59,"column":29}},"5":{"start":{"line":63,"column":4},"end":{"line":63,"column":54}},"6":{"start":{"line":63,"column":43},"end":{"line":63,"column":52}},"7":{"start":{"line":66,"column":4},"end":{"line":66,"column":23}},"8":{"start":{"line":20,"column":2},"end":{"line":20,"column":null}},"9":{"start":{"line":24,"column":2},"end":{"line":24,"column":null}},"10":{"start":{"line":22,"column":19},"end":{"line":22,"column":28}},"11":{"start":{"line":22,"column":39},"end":{"line":22,"column":46}},"12":{"start":{"line":27,"column":2},"end":{"line":27,"column":null}},"13":{"start":{"line":32,"column":2},"end":{"line":32,"column":null}},"14":{"start":{"line":30,"column":19},"end":{"line":30,"column":38}},"15":{"start":{"line":35,"column":2},"end":{"line":35,"column":null}},"16":{"start":{"line":38,"column":2},"end":{"line":38,"column":null}},"17":{"start":{"line":41,"column":2},"end":{"line":41,"column":null}},"18":{"start":{"line":44,"column":2},"end":{"line":44,"column":null}},"19":{"start":{"line":47,"column":2},"end":{"line":47,"column":null}},"20":{"start":{"line":50,"column":2},"end":{"line":50,"column":null}},"21":{"start":{"line":53,"column":2},"end":{"line":53,"column":null}},"22":{"start":{"line":52,"column":19},"end":{"line":52,"column":30}},"23":{"start":{"line":52,"column":45},"end":{"line":52,"column":55}},"24":{"start":{"line":58,"column":2},"end":{"line":67,"column":null}},"25":{"start":{"line":18,"column":13},"end":{"line":68,"column":null}},"26":{"start":{"line":18,"column":13},"end":{"line":18,"column":21}}},"fnMap":{"0":{"name":"(anonymous_2)","decl":{"start":{"line":58,"column":10},"end":{"line":58,"column":17}},"loc":{"start":{"line":58,"column":17},"end":{"line":67,"column":3}}},"1":{"name":"(anonymous_3)","decl":{"start":{"line":63,"column":32},"end":{"line":63,"column":33}},"loc":{"start":{"line":63,"column":43},"end":{"line":63,"column":52}}},"2":{"name":"(anonymous_4)","decl":{"start":{"line":22,"column":13},"end":{"line":22,"column":16}},"loc":{"start":{"line":22,"column":19},"end":{"line":22,"column":28}}},"3":{"name":"(anonymous_5)","decl":{"start":{"line":22,"column":30},"end":{"line":22,"column":31}},"loc":{"start":{"line":22,"column":39},"end":{"line":22,"column":46}}},"4":{"name":"(anonymous_6)","decl":{"start":{"line":30,"column":13},"end":{"line":30,"column":16}},"loc":{"start":{"line":30,"column":19},"end":{"line":30,"column":38}}},"5":{"name":"(anonymous_7)","decl":{"start":{"line":52,"column":13},"end":{"line":52,"column":16}},"loc":{"start":{"line":52,"column":19},"end":{"line":52,"column":30}}},"6":{"name":"(anonymous_8)","decl":{"start":{"line":52,"column":32},"end":{"line":52,"column":33}},"loc":{"start":{"line":52,"column":45},"end":{"line":52,"column":55}}}},"branchMap":{"0":{"loc":{"start":{"line":59,"column":4},"end":{"line":59,"column":29}},"type":"if","locations":[{"start":{"line":59,"column":4},"end":{"line":59,"column":29}},{"start":{"line":59,"column":4},"end":{"line":59,"column":29}}]}},"s":{"0":6,"1":6,"2":6,"3":29,"4":13,"5":16,"6":18,"7":16,"8":6,"9":6,"10":6,"11":6,"12":6,"13":6,"14":18,"15":6,"16":6,"17":6,"18":6,"19":6,"20":6,"21":6,"22":6,"23":6,"24":6,"25":6,"26":6},"f":{"0":29,"1":18,"2":6,"3":6,"4":18,"5":6,"6":6},"b":{"0":[13,16]}}
,"/home/runner/work/API/API/src/models/GoogleAdTag.ts": {"path":"/home/runner/work/API/API/src/models/GoogleAdTag.ts","statementMap":{"0":{"start":{"line":1,"column":0},"end":{"line":1,"column":null}},"1":{"start":{"line":8,"column":0},"end":{"line":8,"column":40}},"2":{"start":{"line":14,"column":0},"end":{"line":28,"column":null}},"3":{"start":{"line":16,"column":2},"end":{"line":16,"column":null}},"4":{"start":{"line":19,"column":2},"end":{"line":19,"column":null}},"5":{"start":{"line":23,"column":2},"end":{"line":23,"column":null}},"6":{"start":{"line":21,"column":19},"end":{"line":21,"column":27}},"7":{"start":{"line":21,"column":37},"end":{"line":21,"column":46}},"8":{"start":{"line":27,"column":2},"end":{"line":27,"column":null}},"9":{"start":{"line":25,"column":19},"end":{"line":25,"column":28}},"10":{"start":{"line":25,"column":39},"end":{"line":25,"column":49}},"11":{"start":{"line":14,"column":13},"end":{"line":28,"column":null}},"12":{"start":{"line":14,"column":13},"end":{"line":14,"column":24}}},"fnMap":{"0":{"name":"(anonymous_2)","decl":{"start":{"line":21,"column":13},"end":{"line":21,"column":16}},"loc":{"start":{"line":21,"column":19},"end":{"line":21,"column":27}}},"1":{"name":"(anonymous_3)","decl":{"start":{"line":21,"column":29},"end":{"line":21,"column":30}},"loc":{"start":{"line":21,"column":37},"end":{"line":21,"column":46}}},"2":{"name":"(anonymous_4)","decl":{"start":{"line":25,"column":13},"end":{"line":25,"column":16}},"loc":{"start":{"line":25,"column":19},"end":{"line":25,"column":28}}},"3":{"name":"(anonymous_5)","decl":{"start":{"line":25,"column":30},"end":{"line":25,"column":31}},"loc":{"start":{"line":25,"column":39},"end":{"line":25,"column":49}}}},"branchMap":{},"s":{"0":6,"1":6,"2":6,"3":6,"4":6,"5":6,"6":6,"7":6,"8":6,"9":6,"10":6,"11":6,"12":6},"f":{"0":6,"1":6,"2":6,"3":6},"b":{}}
,"/home/runner/work/API/API/src/models/GoogleBot.ts": {"path":"/home/runner/work/API/API/src/models/GoogleBot.ts","statementMap":{"0":{"start":{"line":1,"column":0},"end":{"line":1,"column":null}},"1":{"start":{"line":8,"column":0},"end":{"line":8,"column":29}},"2":{"start":{"line":14,"column":0},"end":{"line":64,"column":null}},"3":{"start":{"line":16,"column":2},"end":{"line":16,"column":null}},"4":{"start":{"line":19,"column":2},"end":{"line":19,"column":null}},"5":{"start":{"line":22,"column":2},"end":{"line":22,"column":null}},"6":{"start":{"line":25,"column":2},"end":{"line":25,"column":null}},"7":{"start":{"line":28,"column":2},"end":{"line":28,"column":null}},"8":{"start":{"line":31,"column":2},"end":{"line":31,"column":null}},"9":{"start":{"line":35,"column":2},"end":{"line":35,"column":null}},"10":{"start":{"line":38,"column":2},"end":{"line":38,"column":null}},"11":{"start":{"line":42,"column":2},"end":{"line":42,"column":null}},"12":{"start":{"line":46,"column":2},"end":{"line":46,"column":null}},"13":{"start":{"line":49,"column":2},"end":{"line":49,"column":null}},"14":{"start":{"line":60,"column":2},"end":{"line":60,"column":null}},"15":{"start":{"line":63,"column":2},"end":{"line":63,"column":null}},"16":{"start":{"line":62,"column":19},"end":{"line":62,"column":27}},"17":{"start":{"line":62,"column":37},"end":{"line":62,"column":43}},"18":{"start":{"line":14,"column":13},"end":{"line":64,"column":null}},"19":{"start":{"line":14,"column":13},"end":{"line":14,"column":22}}},"fnMap":{"0":{"name":"(anonymous_2)","decl":{"start":{"line":62,"column":13},"end":{"line":62,"column":16}},"loc":{"start":{"line":62,"column":19},"end":{"line":62,"column":27}}},"1":{"name":"(anonymous_3)","decl":{"start":{"line":62,"column":29},"end":{"line":62,"column":30}},"loc":{"start":{"line":62,"column":37},"end":{"line":62,"column":43}}}},"branchMap":{},"s":{"0":6,"1":6,"2":6,"3":6,"4":6,"5":6,"6":6,"7":6,"8":6,"9":6,"10":6,"11":6,"12":6,"13":6,"14":6,"15":6,"16":6,"17":6,"18":6,"19":6},"f":{"0":6,"1":6},"b":{}}
,"/home/runner/work/API/API/src/models/GoogleTag.ts": {"path":"/home/runner/work/API/API/src/models/GoogleTag.ts","statementMap":{"0":{"start":{"line":1,"column":0},"end":{"line":1,"column":null}},"1":{"start":{"line":12,"column":0},"end":{"line":12,"column":32}},"2":{"start":{"line":20,"column":22},"end":{"line":64,"column":null}},"3":{"start":{"line":36,"column":4},"end":{"line":36,"column":29}},"4":{"start":{"line":36,"column":22},"end":{"line":36,"column":29}},"5":{"start":{"line":37,"column":4},"end":{"line":37,"column":52}},"6":{"start":{"line":37,"column":42},"end":{"line":37,"column":50}},"7":{"start":{"line":40,"column":4},"end":{"line":40,"column":23}},"8":{"start":{"line":41,"column":4},"end":{"line":41,"column":11}},"9":{"start":{"line":53,"column":22},"end":{"line":53,"column":66}},"10":{"start":{"line":55,"column":16},"end":{"line":61,"column":null}},"11":{"start":{"line":22,"column":2},"end":{"line":22,"column":null}},"12":{"start":{"line":25,"column":2},"end":{"line":25,"column":null}},"13":{"start":{"line":28,"column":2},"end":{"line":28,"column":null}},"14":{"start":{"line":27,"column":19},"end":{"line":27,"column":30}},"15":{"start":{"line":27,"column":45},"end":{"line":27,"column":56}},"16":{"start":{"line":33,"column":2},"end":{"line":42,"column":null}},"17":{"start":{"line":45,"column":2},"end":{"line":63,"column":null}},"18":{"start":{"line":20,"column":13},"end":{"line":64,"column":null}},"19":{"start":{"line":20,"column":13},"end":{"line":20,"column":22}}},"fnMap":{"0":{"name":"(anonymous_9)","decl":{"start":{"line":33,"column":10},"end":{"line":33,"column":16}},"loc":{"start":{"line":33,"column":16},"end":{"line":42,"column":3}}},"1":{"name":"(anonymous_10)","decl":{"start":{"line":37,"column":31},"end":{"line":37,"column":32}},"loc":{"start":{"line":37,"column":42},"end":{"line":37,"column":50}}},"2":{"name":"(anonymous_11)","decl":{"start":{"line":45,"column":16},"end":{"line":45,"column":38}},"loc":{"start":{"line":45,"column":38},"end":{"line":63,"column":null}}},"3":{"name":"(anonymous_13)","decl":{"start":{"line":27,"column":13},"end":{"line":27,"column":16}},"loc":{"start":{"line":27,"column":19},"end":{"line":27,"column":30}}},"4":{"name":"(anonymous_14)","decl":{"start":{"line":27,"column":32},"end":{"line":27,"column":33}},"loc":{"start":{"line":27,"column":45},"end":{"line":27,"column":56}}}},"branchMap":{"0":{"loc":{"start":{"line":36,"column":4},"end":{"line":36,"column":29}},"type":"if","locations":[{"start":{"line":36,"column":4},"end":{"line":36,"column":29}},{"start":{"line":36,"column":4},"end":{"line":36,"column":29}}]}},"s":{"0":6,"1":6,"2":6,"3":24,"4":24,"5":0,"6":0,"7":0,"8":0,"9":60,"10":60,"11":6,"12":6,"13":6,"14":6,"15":6,"16":6,"17":6,"18":6,"19":6},"f":{"0":24,"1":0,"2":60,"3":6,"4":6},"b":{"0":[24,0]}}
,"/home/runner/work/API/API/src/models/TwitterAd.ts": {"path":"/home/runner/work/API/API/src/models/TwitterAd.ts","statementMap":{"0":{"start":{"line":1,"column":0},"end":{"line":1,"column":null}},"1":{"start":{"line":10,"column":0},"end":{"line":10,"column":65}},"2":{"start":{"line":12,"column":0},"end":{"line":12,"column":null}},"3":{"start":{"line":13,"column":2},"end":{"line":13,"column":null}},"4":{"start":{"line":14,"column":2},"end":{"line":14,"column":null}},"5":{"start":{"line":15,"column":2},"end":{"line":15,"column":null}},"6":{"start":{"line":25,"column":0},"end":{"line":70,"column":null}},"7":{"start":{"line":61,"column":4},"end":{"line":61,"column":29}},"8":{"start":{"line":61,"column":22},"end":{"line":61,"column":29}},"9":{"start":{"line":65,"column":4},"end":{"line":65,"column":54}},"10":{"start":{"line":65,"column":43},"end":{"line":65,"column":52}},"11":{"start":{"line":68,"column":4},"end":{"line":68,"column":23}},"12":{"start":{"line":27,"column":2},"end":{"line":27,"column":null}},"13":{"start":{"line":30,"column":2},"end":{"line":30,"column":null}},"14":{"start":{"line":33,"column":2},"end":{"line":33,"column":null}},"15":{"start":{"line":36,"column":2},"end":{"line":36,"column":null}},"16":{"start":{"line":39,"column":2},"end":{"line":39,"column":null}},"17":{"start":{"line":42,"column":2},"end":{"line":42,"column":null}},"18":{"start":{"line":45,"column":2},"end":{"line":45,"column":null}},"19":{"start":{"line":44,"column":19},"end":{"line":44,"column":31}},"20":{"start":{"line":44,"column":46},"end":{"line":44,"column":56}},"21":{"start":{"line":50,"column":2},"end":{"line":50,"column":null}},"22":{"start":{"line":49,"column":19},"end":{"line":49,"column":37}},"23":{"start":{"line":49,"column":52},"end":{"line":49,"column":62}},"24":{"start":{"line":57,"column":2},"end":{"line":57,"column":null}},"25":{"start":{"line":60,"column":2},"end":{"line":69,"column":null}},"26":{"start":{"line":25,"column":13},"end":{"line":70,"column":null}},"27":{"start":{"line":25,"column":13},"end":{"line":25,"column":22}}},"fnMap":{"0":{"name":"(anonymous_2)","decl":{"start":{"line":12,"column":0},"end":{"line":12,"column":12}},"loc":{"start":{"line":12,"column":25},"end":{"line":16,"column":1}}},"1":{"name":"(anonymous_3)","decl":{"start":{"line":60,"column":10},"end":{"line":60,"column":17}},"loc":{"start":{"line":60,"column":17},"end":{"line":69,"column":3}}},"2":{"name":"(anonymous_4)","decl":{"start":{"line":65,"column":32},"end":{"line":65,"column":33}},"loc":{"start":{"line":65,"column":43},"end":{"line":65,"column":52}}},"3":{"name":"(anonymous_5)","decl":{"start":{"line":44,"column":13},"end":{"line":44,"column":16}},"loc":{"start":{"line":44,"column":19},"end":{"line":44,"column":31}}},"4":{"name":"(anonymous_6)","decl":{"start":{"line":44,"column":33},"end":{"line":44,"column":34}},"loc":{"start":{"line":44,"column":46},"end":{"line":44,"column":56}}},"5":{"name":"(anonymous_7)","decl":{"start":{"line":49,"column":13},"end":{"line":49,"column":16}},"loc":{"start":{"line":49,"column":19},"end":{"line":49,"column":37}}},"6":{"name":"(anonymous_8)","decl":{"start":{"line":49,"column":39},"end":{"line":49,"column":40}},"loc":{"start":{"line":49,"column":52},"end":{"line":49,"column":62}}}},"branchMap":{"0":{"loc":{"start":{"line":12,"column":12},"end":{"line":12,"column":25}},"type":"binary-expr","locations":[{"start":{"line":12,"column":12},"end":{"line":12,"column":25}},{"start":{"line":12,"column":12},"end":{"line":12,"column":null}}]},"1":{"loc":{"start":{"line":61,"column":4},"end":{"line":61,"column":29}},"type":"if","locations":[{"start":{"line":61,"column":4},"end":{"line":61,"column":29}},{"start":{"line":61,"column":4},"end":{"line":61,"column":29}}]}},"s":{"0":6,"1":6,"2":6,"3":6,"4":6,"5":6,"6":6,"7":26,"8":13,"9":13,"10":17,"11":13,"12":6,"13":6,"14":6,"15":6,"16":6,"17":6,"18":6,"19":6,"20":6,"21":6,"22":6,"23":6,"24":6,"25":6,"26":6,"27":6},"f":{"0":6,"1":26,"2":17,"3":6,"4":6,"5":6,"6":6},"b":{"0":[6,6],"1":[13,13]}}
,"/home/runner/work/API/API/src/models/TwitterAdSeenByBot.ts": {"path":"/home/runner/work/API/API/src/models/TwitterAdSeenByBot.ts","statementMap":{"0":{"start":{"line":1,"column":0},"end":{"line":1,"column":null}},"1":{"start":{"line":10,"column":0},"end":{"line":10,"column":42}},"2":{"start":{"line":19,"column":0},"end":{"line":59,"column":null}},"3":{"start":{"line":47,"column":4},"end":{"line":47,"column":25}},"4":{"start":{"line":47,"column":18},"end":{"line":47,"column":25}},"5":{"start":{"line":51,"column":16},"end":{"line":51,"column":38}},"6":{"start":{"line":52,"column":4},"end":{"line":52,"column":21}},"7":{"start":{"line":53,"column":4},"end":{"line":53,"column":32}},"8":{"start":{"line":54,"column":4},"end":{"line":54,"column":22}},"9":{"start":{"line":57,"column":4},"end":{"line":57,"column":19}},"10":{"start":{"line":21,"column":2},"end":{"line":21,"column":null}},"11":{"start":{"line":25,"column":2},"end":{"line":25,"column":null}},"12":{"start":{"line":23,"column":19},"end":{"line":23,"column":28}},"13":{"start":{"line":23,"column":38},"end":{"line":23,"column":46}},"14":{"start":{"line":29,"column":2},"end":{"line":29,"column":null}},"15":{"start":{"line":33,"column":2},"end":{"line":33,"column":null}},"16":{"start":{"line":31,"column":19},"end":{"line":31,"column":29}},"17":{"start":{"line":31,"column":40},"end":{"line":31,"column":49}},"18":{"start":{"line":37,"column":2},"end":{"line":37,"column":null}},"19":{"start":{"line":43,"column":2},"end":{"line":43,"column":null}},"20":{"start":{"line":40,"column":19},"end":{"line":40,"column":38}},"21":{"start":{"line":46,"column":2},"end":{"line":58,"column":null}},"22":{"start":{"line":19,"column":13},"end":{"line":59,"column":null}},"23":{"start":{"line":19,"column":13},"end":{"line":19,"column":31}}},"fnMap":{"0":{"name":"(anonymous_2)","decl":{"start":{"line":46,"column":10},"end":{"line":46,"column":17}},"loc":{"start":{"line":46,"column":17},"end":{"line":58,"column":3}}},"1":{"name":"(anonymous_3)","decl":{"start":{"line":23,"column":13},"end":{"line":23,"column":16}},"loc":{"start":{"line":23,"column":19},"end":{"line":23,"column":28}}},"2":{"name":"(anonymous_4)","decl":{"start":{"line":23,"column":30},"end":{"line":23,"column":31}},"loc":{"start":{"line":23,"column":38},"end":{"line":23,"column":46}}},"3":{"name":"(anonymous_5)","decl":{"start":{"line":31,"column":13},"end":{"line":31,"column":16}},"loc":{"start":{"line":31,"column":19},"end":{"line":31,"column":29}}},"4":{"name":"(anonymous_6)","decl":{"start":{"line":31,"column":31},"end":{"line":31,"column":32}},"loc":{"start":{"line":31,"column":40},"end":{"line":31,"column":49}}},"5":{"name":"(anonymous_7)","decl":{"start":{"line":40,"column":13},"end":{"line":40,"column":16}},"loc":{"start":{"line":40,"column":19},"end":{"line":40,"column":38}}}},"branchMap":{"0":{"loc":{"start":{"line":47,"column":4},"end":{"line":47,"column":25}},"type":"if","locations":[{"start":{"line":47,"column":4},"end":{"line":47,"column":25}},{"start":{"line":47,"column":4},"end":{"line":47,"column":25}}]}},"s":{"0":6,"1":6,"2":6,"3":16,"4":16,"5":0,"6":0,"7":0,"8":0,"9":0,"10":6,"11":6,"12":6,"13":6,"14":6,"15":6,"16":6,"17":6,"18":6,"19":6,"20":18,"21":6,"22":6,"23":6},"f":{"0":16,"1":6,"2":6,"3":6,"4":6,"5":18},"b":{"0":[16,0]}}
,"/home/runner/work/API/API/src/models/TwitterAdTag.ts": {"path":"/home/runner/work/API/API/src/models/TwitterAdTag.ts","statementMap":{"0":{"start":{"line":1,"column":0},"end":{"line":1,"column":null}},"1":{"start":{"line":8,"column":0},"end":{"line":8,"column":42}},"2":{"start":{"line":14,"column":0},"end":{"line":28,"column":null}},"3":{"start":{"line":16,"column":2},"end":{"line":16,"column":null}},"4":{"start":{"line":19,"column":2},"end":{"line":19,"column":null}},"5":{"start":{"line":23,"column":2},"end":{"line":23,"column":null}},"6":{"start":{"line":21,"column":19},"end":{"line":21,"column":28}},"7":{"start":{"line":21,"column":38},"end":{"line":21,"column":47}},"8":{"start":{"line":27,"column":2},"end":{"line":27,"column":null}},"9":{"start":{"line":25,"column":19},"end":{"line":25,"column":29}},"10":{"start":{"line":25,"column":40},"end":{"line":25,"column":50}},"11":{"start":{"line":14,"column":13},"end":{"line":28,"column":null}},"12":{"start":{"line":14,"column":13},"end":{"line":14,"column":25}}},"fnMap":{"0":{"name":"(anonymous_2)","decl":{"start":{"line":21,"column":13},"end":{"line":21,"column":16}},"loc":{"start":{"line":21,"column":19},"end":{"line":21,"column":28}}},"1":{"name":"(anonymous_3)","decl":{"start":{"line":21,"column":30},"end":{"line":21,"column":31}},"loc":{"start":{"line":21,"column":38},"end":{"line":21,"column":47}}},"2":{"name":"(anonymous_4)","decl":{"start":{"line":25,"column":13},"end":{"line":25,"column":16}},"loc":{"start":{"line":25,"column":19},"end":{"line":25,"column":29}}},"3":{"name":"(anonymous_5)","decl":{"start":{"line":25,"column":31},"end":{"line":25,"column":32}},"loc":{"start":{"line":25,"column":40},"end":{"line":25,"column":50}}}},"branchMap":{},"s":{"0":6,"1":6,"2":6,"3":6,"4":6,"5":6,"6":6,"7":6,"8":6,"9":6,"10":6,"11":6,"12":6},"f":{"0":6,"1":6,"2":6,"3":6},"b":{}}
,"/home/runner/work/API/API/src/models/TwitterBot.ts": {"path":"/home/runner/work/API/API/src/models/TwitterBot.ts","statementMap":{"0":{"start":{"line":1,"column":0},"end":{"line":1,"column":79}},"1":{"start":{"line":2,"column":0},"end":{"line":2,"column":39}},"2":{"start":{"line":4,"column":0},"end":{"line":4,"column":null}},"3":{"start":{"line":5,"column":2},"end":{"line":5,"column":null}},"4":{"start":{"line":6,"column":2},"end":{"line":6,"column":null}},"5":{"start":{"line":7,"column":2},"end":{"line":7,"column":null}},"6":{"start":{"line":10,"column":0},"end":{"line":10,"column":null}},"7":{"start":{"line":11,"column":2},"end":{"line":11,"column":null}},"8":{"start":{"line":12,"column":2},"end":{"line":12,"column":null}},"9":{"start":{"line":13,"column":2},"end":{"line":13,"column":null}},"10":{"start":{"line":14,"column":2},"end":{"line":14,"column":null}},"11":{"start":{"line":15,"column":2},"end":{"line":15,"column":null}},"12":{"start":{"line":16,"column":2},"end":{"line":16,"column":null}},"13":{"start":{"line":23,"column":23},"end":{"line":64,"column":null}},"14":{"start":{"line":24,"column":16},"end":{"line":24,"column":42}},"15":{"start":{"line":25,"column":16},"end":{"line":25,"column":60}},"16":{"start":{"line":28,"column":2},"end":{"line":28,"column":null}},"17":{"start":{"line":31,"column":2},"end":{"line":31,"column":null}},"18":{"start":{"line":34,"column":2},"end":{"line":34,"column":null}},"19":{"start":{"line":37,"column":2},"end":{"line":37,"column":null}},"20":{"start":{"line":44,"column":2},"end":{"line":44,"column":null}},"21":{"start":{"line":51,"column":2},"end":{"line":51,"column":null}},"22":{"start":{"line":54,"column":2},"end":{"line":54,"column":null}},"23":{"start":{"line":57,"column":2},"end":{"line":57,"column":null}},"24":{"start":{"line":60,"column":2},"end":{"line":60,"column":null}},"25":{"start":{"line":63,"column":2},"end":{"line":63,"column":null}},"26":{"start":{"line":62,"column":19},"end":{"line":62,"column":37}},"27":{"start":{"line":62,"column":52},"end":{"line":62,"column":63}},"28":{"start":{"line":23,"column":13},"end":{"line":64,"column":null}},"29":{"start":{"line":23,"column":13},"end":{"line":23,"column":23}}},"fnMap":{"0":{"name":"(anonymous_2)","decl":{"start":{"line":4,"column":0},"end":{"line":4,"column":5}},"loc":{"start":{"line":4,"column":19},"end":{"line":8,"column":1}}},"1":{"name":"(anonymous_3)","decl":{"start":{"line":10,"column":0},"end":{"line":10,"column":5}},"loc":{"start":{"line":10,"column":28},"end":{"line":17,"column":1}}},"2":{"name":"(anonymous_4)","decl":{"start":{"line":62,"column":13},"end":{"line":62,"column":16}},"loc":{"start":{"line":62,"column":19},"end":{"line":62,"column":37}}},"3":{"name":"(anonymous_5)","decl":{"start":{"line":62,"column":39},"end":{"line":62,"column":40}},"loc":{"start":{"line":62,"column":52},"end":{"line":62,"column":63}}}},"branchMap":{"0":{"loc":{"start":{"line":4,"column":5},"end":{"line":4,"column":19}},"type":"binary-expr","locations":[{"start":{"line":4,"column":5},"end":{"line":4,"column":19}},{"start":{"line":4,"column":5},"end":{"line":4,"column":null}}]},"1":{"loc":{"start":{"line":10,"column":5},"end":{"line":10,"column":28}},"type":"binary-expr","locations":[{"start":{"line":10,"column":5},"end":{"line":10,"column":28}},{"start":{"line":10,"column":5},"end":{"line":10,"column":null}}]}},"s":{"0":6,"1":6,"2":6,"3":6,"4":6,"5":6,"6":6,"7":6,"8":6,"9":6,"10":6,"11":6,"12":6,"13":6,"14":6,"15":6,"16":6,"17":6,"18":6,"19":6,"20":6,"21":6,"22":6,"23":6,"24":6,"25":6,"26":6,"27":6,"28":6,"29":6},"f":{"0":6,"1":6,"2":6,"3":6},"b":{"0":[6,6],"1":[6,6]}}
[...]
line":106,"column":60},"end":{"line":114,"column":null}}},"7":{"name":"(anonymous_15)","decl":{"start":{"line":106,"column":60},"end":{"line":106,"column":null}},"loc":{"start":{"line":106,"column":60},"end":{"line":114,"column":3}}}},"branchMap":{"0":{"loc":{"start":{"line":29,"column":23},"end":{"line":29,"column":49}},"type":"cond-expr","locations":[{"start":{"line":29,"column":23},"end":{"line":29,"column":49}},{"start":{"line":29,"column":52},"end":{"line":29,"column":53}}]},"1":{"loc":{"start":{"line":30,"column":21},"end":{"line":30,"column":46}},"type":"cond-expr","locations":[{"start":{"line":30,"column":21},"end":{"line":30,"column":46}},{"start":{"line":30,"column":49},"end":{"line":30,"column":51}}]},"2":{"loc":{"start":{"line":32,"column":40},"end":{"line":32,"column":51}},"type":"cond-expr","locations":[{"start":{"line":32,"column":40},"end":{"line":32,"column":51}},{"start":{"line":32,"column":55},"end":{"line":32,"column":77}}]},"3":{"loc":{"start":{"line":33,"column":37},"end":{"line":33,"column":42}},"type":"cond-expr","locations":[{"start":{"line":33,"column":37},"end":{"line":33,"column":42}},{"start":{"line":33,"column":46},"end":{"line":33,"column":62}}]},"4":{"loc":{"start":{"line":34,"column":39},"end":{"line":34,"column":45}},"type":"cond-expr","locations":[{"start":{"line":34,"column":39},"end":{"line":34,"column":45}},{"start":{"line":34,"column":49},"end":{"line":34,"column":66}}]},"5":{"loc":{"start":{"line":35,"column":45},"end":{"line":35,"column":54}},"type":"cond-expr","locations":[{"start":{"line":35,"column":45},"end":{"line":35,"column":54}},{"start":{"line":35,"column":58},"end":{"line":35,"column":78}}]},"6":{"loc":{"start":{"line":38,"column":12},"end":{"line":38,"column":51}},"type":"cond-expr","locations":[{"start":{"line":38,"column":12},"end":{"line":38,"column":51}},{"start":{"line":39,"column":12},"end":{"line":39,"column":16}}]},"7":{"loc":{"start":{"line":42,"column":12},"end":{"line":42,"column":49}},"type":"cond-expr","locations":[{"start":{"line":42,"column":12},"end":{"line":42,"column":49}},{"start":{"line":43,"column":12},"end":{"line":43,"column":16}}]},"8":{"loc":{"start":{"line":44,"column":44},"end":{"line":44,"column":48}},"type":"cond-expr","locations":[{"start":{"line":44,"column":44},"end":{"line":44,"column":48}},{"start":{"line":44,"column":51},"end":{"line":44,"column":56}}]},"9":{"loc":{"start":{"line":45,"column":43},"end":{"line":45,"column":51}},"type":"cond-expr","locations":[{"start":{"line":45,"column":43},"end":{"line":45,"column":51}},{"start":{"line":45,"column":55},"end":{"line":45,"column":74}}]},"10":{"loc":{"start":{"line":49,"column":4},"end":{"line":52,"column":null}},"type":"if","locations":[{"start":{"line":49,"column":4},"end":{"line":52,"column":null}},{"start":{"line":49,"column":4},"end":{"line":52,"column":null}}]},"11":{"loc":{"start":{"line":49,"column":8},"end":{"line":49,"column":30}},"type":"binary-expr","locations":[{"start":{"line":49,"column":8},"end":{"line":49,"column":30}},{"start":{"line":49,"column":34},"end":{"line":49,"column":55}}]},"12":{"loc":{"start":{"line":55,"column":4},"end":{"line":63,"column":null}},"type":"if","locations":[{"start":{"line":55,"column":4},"end":{"line":63,"column":null}},{"start":{"line":55,"column":4},"end":{"line":63,"column":null}}]}},"s":{"0":5,"1":5,"2":5,"3":5,"4":5,"5":5,"6":5,"7":7,"8":7,"9":7,"10":7,"11":0,"12":0,"13":7,"14":7,"15":0,"16":7,"17":7,"18":7,"19":5,"20":0,"21":0,"22":0,"23":0,"24":0,"25":5,"26":0,"27":0,"28":0,"29":0,"30":0,"31":0,"32":5,"33":0,"34":0,"35":0,"36":0,"37":0,"38":0},"f":{"0":7,"1":7,"2":0,"3":0,"4":0,"5":0,"6":0,"7":0},"b":{"0":[1,6],"1":[7,0],"2":[1,6],"3":[1,6],"4":[1,6],"5":[0,7],"6":[1,6],"7":[1,6],"8":[7,0],"9":[0,7],"10":[0,7],"11":[7,7],"12":[7,0]}}
,"/home/runner/work/API/API/src/routes/twitter/bot.ts": {"path":"/home/runner/work/API/API/src/routes/twitter/bot.ts","statementMap":{"0":{"start":{"line":1,"column":0},"end":{"line":1,"column":67}},"1":{"start":{"line":2,"column":0},"end":{"line":2,"column":53}},"2":{"start":{"line":4,"column":15},"end":{"line":4,"column":31}},"3":{"start":{"line":28,"column":19},"end":{"line":28,"column":34}},"4":{"start":{"line":6,"column":0},"end":{"line":13,"column":3}},"5":{"start":{"line":6,"column":74},"end":{"line":13,"column":2}},"6":{"start":{"line":7,"column":21},"end":{"line":7,"column":47}},"7":{"start":{"line":8,"column":2},"end":{"line":12,"column":null}},"8":{"start":{"line":9,"column":4},"end":{"line":9,"column":40}},"9":{"start":{"line":11,"column":4},"end":{"line":11,"column":14}},"10":{"start":{"line":15,"column":0},"end":{"line":26,"column":2}},"11":{"start":{"line":17,"column":60},"end":{"line":25,"column":null}},"12":{"start":{"line":18,"column":23},"end":{"line":18,"column":49}},"13":{"start":{"line":19,"column":25},"end":{"line":19,"column":35}},"14":{"start":{"line":20,"column":4},"end":{"line":24,"column":null}},"15":{"start":{"line":21,"column":6},"end":{"line":21,"column":57}},"16":{"start":{"line":23,"column":6},"end":{"line":23,"column":16}}},"fnMap":{"0":{"name":"(anonymous_8)","decl":{"start":{"line":6,"column":16},"end":{"line":6,"column":23}},"loc":{"start":{"line":6,"column":74},"end":{"line":13,"column":2}}},"1":{"name":"(anonymous_9)","decl":{"start":{"line":6,"column":74},"end":{"line":6,"column":null}},"loc":{"start":{"line":6,"column":74},"end":{"line":13,"column":1}}},"2":{"name":"(anonymous_10)","decl":{"start":{"line":17,"column":2},"end":{"line":17,"column":9}},"loc":{"start":{"line":17,"column":60},"end":{"line":25,"column":null}}},"3":{"name":"(anonymous_11)","decl":{"start":{"line":17,"column":60},"end":{"line":17,"column":null}},"loc":{"start":{"line":17,"column":60},"end":{"line":25,"column":3}}}},"branchMap":{},"s":{"0":5,"1":5,"2":5,"3":5,"4":5,"5":0,"6":0,"7":0,"8":0,"9":0,"10":5,"11":0,"12":0,"13":0,"14":0,"15":0,"16":0},"f":{"0":0,"1":0,"2":0,"3":0},"b":{}}
,"/home/runner/work/API/API/src/routes/twitter/index.ts": {"path":"/home/runner/work/API/API/src/routes/twitter/index.ts","statementMap":{"0":{"start":{"line":1,"column":0},"end":{"line":1,"column":30}},"1":{"start":{"line":2,"column":0},"end":{"line":2,"column":38}},"2":{"start":{"line":3,"column":0},"end":{"line":3,"column":40}},"3":{"start":{"line":4,"column":0},"end":{"line":4,"column":43}},"4":{"start":{"line":5,"column":0},"end":{"line":5,"column":40}},"5":{"start":{"line":7,"column":15},"end":{"line":7,"column":31}},"6":{"start":{"line":14,"column":19},"end":{"line":14,"column":31}},"7":{"start":{"line":9,"column":0},"end":{"line":9,"column":37}},"8":{"start":{"line":10,"column":0},"end":{"line":10,"column":35}},"9":{"start":{"line":11,"column":0},"end":{"line":11,"column":37}},"10":{"start":{"line":12,"column":0},"end":{"line":12,"column":39}}},"fnMap":{},"branchMap":{},"s":{"0":5,"1":5,"2":5,"3":5,"4":5,"5":5,"6":5,"7":5,"8":5,"9":5,"10":5},"f":{},"b":{}}
,"/home/runner/work/API/API/src/routes/twitter/stats.ts": {"path":"/home/runner/work/API/API/src/routes/twitter/stats.ts","statementMap":{"0":{"start":{"line":1,"column":0},"end":{"line":1,"column":67}},"1":{"start":{"line":2,"column":0},"end":{"line":2,"column":60}},"2":{"start":{"line":4,"column":15},"end":{"line":4,"column":31}},"3":{"start":{"line":64,"column":19},"end":{"line":64,"column":35}},"4":{"start":{"line":5,"column":19},"end":{"line":5,"column":46}},"5":{"start":{"line":7,"column":0},"end":{"line":16,"column":2}},"6":{"start":{"line":9,"column":60},"end":{"line":15,"column":null}},"7":{"start":{"line":10,"column":4},"end":{"line":14,"column":null}},"8":{"start":{"line":11,"column":6},"end":{"line":11,"column":55}},"9":{"start":{"line":13,"column":6},"end":{"line":13,"column":14}},"10":{"start":{"line":18,"column":0},"end":{"line":27,"column":2}},"11":{"start":{"line":20,"column":60},"end":{"line":26,"column":null}},"12":{"start":{"line":21,"column":4},"end":{"line":25,"column":null}},"13":{"start":{"line":22,"column":6},"end":{"line":22,"column":51}},"14":{"start":{"line":24,"column":6},"end":{"line":24,"column":14}},"15":{"start":{"line":29,"column":0},"end":{"line":38,"column":2}},"16":{"start":{"line":31,"column":60},"end":{"line":37,"column":null}},"17":{"start":{"line":32,"column":4},"end":{"line":36,"column":null}},"18":{"start":{"line":33,"column":6},"end":{"line":33,"column":54}},"19":{"start":{"line":35,"column":6},"end":{"line":35,"column":14}},"20":{"start":{"line":40,"column":0},"end":{"line":52,"column":2}},"21":{"start":{"line":42,"column":60},"end":{"line":51,"column":null}},"22":{"start":{"line":43,"column":4},"end":{"line":50,"column":null}},"23":{"start":{"line":44,"column":24},"end":{"line":46,"column":20}},"24":{"start":{"line":47,"column":6},"end":{"line":47,"column":56}},"25":{"start":{"line":49,"column":6},"end":{"line":49,"column":14}},"26":{"start":{"line":54,"column":0},"end":{"line":63,"column":2}},"27":{"start":{"line":56,"column":60},"end":{"line":62,"column":null}},"28":{"start":{"line":57,"column":4},"end":{"line":61,"column":null}},"29":{"start":{"line":58,"column":6},"end":{"line":58,"column":46}},"30":{"start":{"line":60,"column":6},"end":{"line":60,"column":14}}},"fnMap":{"0":{"name":"(anonymous_8)","decl":{"start":{"line":9,"column":2},"end":{"line":9,"column":9}},"loc":{"start":{"line":9,"column":60},"end":{"line":15,"column":null}}},"1":{"name":"(anonymous_9)","decl":{"start":{"line":9,"column":60},"end":{"line":9,"column":null}},"loc":{"start":{"line":9,"column":60},"end":{"line":15,"column":3}}},"2":{"name":"(anonymous_10)","decl":{"start":{"line":20,"column":2},"end":{"line":20,"column":9}},"loc":{"start":{"line":20,"column":60},"end":{"line":26,"column":null}}},"3":{"name":"(anonymous_11)","decl":{"start":{"line":20,"column":60},"end":{"line":20,"column":null}},"loc":{"start":{"line":20,"column":60},"end":{"line":26,"column":3}}},"4":{"name":"(anonymous_12)","decl":{"start":{"line":31,"column":2},"end":{"line":31,"column":9}},"loc":{"start":{"line":31,"column":60},"end":{"line":37,"column":null}}},"5":{"name":"(anonymous_13)","decl":{"start":{"line":31,"column":60},"end":{"line":31,"column":null}},"loc":{"start":{"line":31,"column":60},"end":{"line":37,"column":3}}},"6":{"name":"(anonymous_14)","decl":{"start":{"line":42,"column":2},"end":{"line":42,"column":9}},"loc":{"start":{"line":42,"column":60},"end":{"line":51,"column":null}}},"7":{"name":"(anonymous_15)","decl":{"start":{"line":42,"column":60},"end":{"line":42,"column":null}},"loc":{"start":{"line":42,"column":60},"end":{"line":51,"column":3}}},"8":{"name":"(anonymous_16)","decl":{"start":{"line":56,"column":2},"end":{"line":56,"column":9}},"loc":{"start":{"line":56,"column":60},"end":{"line":62,"column":null}}},"9":{"name":"(anonymous_17)","decl":{"start":{"line":56,"column":60},"end":{"line":56,"column":null}},"loc":{"start":{"line":56,"column":60},"end":{"line":62,"column":3}}}},"branchMap":{"0":{"loc":{"start":{"line":45,"column":10},"end":{"line":45,"column":59}},"type":"cond-expr","locations":[{"start":{"line":45,"column":10},"end":{"line":45,"column":59}},{"start":{"line":46,"column":10},"end":{"line":46,"column":20}}]}},"s":{"0":5,"1":5,"2":5,"3":5,"4":5,"5":5,"6":1,"7":1,"8":1,"9":0,"10":5,"11":1,"12":1,"13":1,"14":0,"15":5,"16":0,"17":0,"18":0,"19":0,"20":5,"21":1,"22":1,"23":1,"24":1,"25":0,"26":5,"27":1,"28":1,"29":1,"30":0},"f":{"0":1,"1":1,"2":1,"3":1,"4":0,"5":0,"6":1,"7":1,"8":1,"9":1},"b":{"0":[1,0]}}
,"/home/runner/work/API/API/src/routes/twitter/tag.ts": {"path":"/home/runner/work/API/API/src/routes/twitter/tag.ts","statementMap":{"0":{"start":{"line":1,"column":0},"end":{"line":1,"column":67}},"1":{"start":{"line":2,"column":0},"end":{"line":2,"column":59}},"2":{"start":{"line":4,"column":15},"end":{"line":4,"column":31}},"3":{"start":{"line":31,"column":19},"end":{"line":31,"column":34}},"4":{"start":{"line":5,"column":19},"end":{"line":5,"column":45}},"5":{"start":{"line":7,"column":0},"end":{"line":9,"column":3}},"6":{"start":{"line":7,"column":54},"end":{"line":9,"column":2}},"7":{"start":{"line":8,"column":2},"end":{"line":8,"column":38}},"8":{"start":{"line":11,"column":0},"end":{"line":18,"column":3}},"9":{"start":{"line":11,"column":77},"end":{"line":18,"column":2}},"10":{"start":{"line":12,"column":13},"end":{"line":12,"column":36}},"11":{"start":{"line":13,"column":2},"end":{"line":17,"column":null}},"12":{"start":{"line":14,"column":4},"end":{"line":14,"column":43}},"13":{"start":{"line":16,"column":4},"end":{"line":16,"column":14}},"14":{"start":{"line":20,"column":0},"end":{"line":30,"column":3}},"15":{"start":{"line":20,"column":75},"end":{"line":30,"column":2}},"16":{"start":{"line":22,"column":17},"end":{"line":22,"column":25}},"17":{"start":{"line":23,"column":2},"end":{"line":23,"column":36}},"18":{"start":{"line":24,"column":2},"end":{"line":29,"column":null}},"19":{"start":{"line":25,"column":4},"end":{"line":25,"column":47}},"20":{"start":{"line":28,"column":4},"end":{"line":28,"column":14}}},"fnMap":{"0":{"name":"(anonymous_8)","decl":{"start":{"line":7,"column":16},"end":{"line":7,"column":23}},"loc":{"start":{"line":7,"column":54},"end":{"line":9,"column":2}}},"1":{"name":"(anonymous_9)","decl":{"start":{"line":7,"column":54},"end":{"line":7,"column":null}},"loc":{"start":{"line":7,"column":54},"end":{"line":9,"column":1}}},"2":{"name":"(anonymous_10)","decl":{"start":{"line":11,"column":19},"end":{"line":11,"column":26}},"loc":{"start":{"line":11,"column":77},"end":{"line":18,"column":2}}},"3":{"name":"(anonymous_11)","decl":{"start":{"line":11,"column":77},"end":{"line":11,"column":null}},"loc":{"start":{"line":11,"column":77},"end":{"line":18,"column":1}}},"4":{"name":"(anonymous_12)","decl":{"start":{"line":20,"column":17},"end":{"line":20,"column":24}},"loc":{"start":{"line":20,"column":75},"end":{"line":30,"column":2}}},"5":{"name":"(anonymous_13)","decl":{"start":{"line":20,"column":75},"end":{"line":20,"column":null}},"loc":{"start":{"line":20,"column":75},"end":{"line":30,"column":1}}}},"branchMap":{},"s":{"0":5,"1":5,"2":5,"3":5,"4":5,"5":5,"6":0,"7":0,"8":5,"9":0,"10":0,"11":0,"12":0,"13":0,"14":5,"15":0,"16":0,"17":0,"18":0,"19":0,"20":0},"f":{"0":0,"1":0,"2":0,"3":0,"4":0,"5":0},"b":{}}
,"/home/runner/work/API/API/src/tests/customMatchers.ts": {"path":"/home/runner/work/API/API/src/tests/customMatchers.ts","statementMap":{"0":{"start":{"line":1,"column":0},"end":{"line":22,"column":3}},"1":{"start":{"line":3,"column":4},"end":{"line":20,"column":null}},"2":{"start":{"line":4,"column":6},"end":{"line":4,"column":60}},"3":{"start":{"line":5,"column":6},"end":{"line":8,"column":8}},"4":{"start":{"line":6,"column":23},"end":{"line":6,"column":27}},"5":{"start":{"line":10,"column":6},"end":{"line":19,"column":12}},"6":{"start":{"line":12,"column":27},"end":{"line":12,"column":31}},"7":{"start":{"line":17,"column":14},"end":{"line":17,"column":74}},"8":{"start":{"line":24,"column":13},"end":{"line":36,"column":2}},"9":{"start":{"line":38,"column":13},"end":{"line":46,"column":2}},"10":{"start":{"line":48,"column":13},"end":{"line":56,"column":2}},"11":{"start":{"line":58,"column":13},"end":{"line":70,"column":2}}},"fnMap":{"0":{"name":"(anonymous_0)","decl":{"start":{"line":2,"column":2},"end":{"line":2,"column":16}},"loc":{"start":{"line":2,"column":42},"end":{"line":21,"column":3}}},"1":{"name":"(anonymous_1)","decl":{"start":{"line":6,"column":17},"end":{"line":6,"column":20}},"loc":{"start":{"line":6,"column":23},"end":{"line":6,"column":27}}},"2":{"name":"(anonymous_2)","decl":{"start":{"line":12,"column":21},"end":{"line":12,"column":24}},"loc":{"start":{"line":12,"column":27},"end":{"line":12,"column":31}}},"3":{"name":"(anonymous_3)","decl":{"start":{"line":16,"column":21},"end":{"line":16,"column":24}},"loc":{"start":{"line":17,"column":14},"end":{"line":17,"column":74}}}},"branchMap":{"0":{"loc":{"start":{"line":11,"column":10},"end":{"line":14,"column":null}},"type":"cond-expr","locations":[{"start":{"line":11,"column":10},"end":{"line":14,"column":null}},{"start":{"line":15,"column":10},"end":{"line":19,"column":12}}]}},"s":{"0":3,"1":16,"2":16,"3":14,"4":0,"5":2,"6":0,"7":0,"8":3,"9":3,"10":3,"11":3},"f":{"0":16,"1":0,"2":0,"3":0},"b":{"0":[2,0]}}
,"/home/runner/work/API/API/src/tests/testConnection.ts": {"path":"/home/runner/work/API/API/src/tests/testConnection.ts","statementMap":{"0":{"start":{"line":1,"column":0},"end":{"line":1,"column":40}},"1":{"start":{"line":2,"column":0},"end":{"line":2,"column":70}},"2":{"start":{"line":3,"column":0},"end":{"line":3,"column":44}},"3":{"start":{"line":4,"column":12},"end":{"line":4,"column":23}},"4":{"start":{"line":5,"column":0},"end":{"line":7,"column":null}},"5":{"start":{"line":6,"column":2},"end":{"line":6,"column":65}},"6":{"start":{"line":9,"column":19},"end":{"line":60,"column":2}},"7":{"start":{"line":13,"column":4},"end":{"line":26,"column":6}},"8":{"start":{"line":29,"column":4},"end":{"line":31,"column":18}},"9":{"start":{"line":30,"column":6},"end":{"line":30,"column":35}},"10":{"start":{"line":33,"column":4},"end":{"line":43,"column":null}},"11":{"start":{"line":34,"column":6},"end":{"line":38,"column":null}},"12":{"start":{"line":35,"column":8},"end":{"line":37,"column":null}},"13":{"start":{"line":36,"column":10},"end":{"line":36,"column":50}},"14":{"start":{"line":39,"column":6},"end":{"line":39,"column":78}},"15":{"start":{"line":40,"column":6},"end":{"line":40,"column":24}},"16":{"start":{"line":42,"column":6},"end":{"line":42,"column":14}},"17":{"start":{"line":47,"column":23},"end":{"line":47,"column":38}},"18":{"start":{"line":49,"column":4},"end":{"line":49,"column":29}},"19":{"start":{"line":53,"column":23},"end":{"line":53,"column":38}},"20":{"start":{"line":54,"column":21},"end":{"line":54,"column":47}},"21":{"start":{"line":55,"column":4},"end":{"line":58,"column":null}},"22":{"start":{"line":56,"column":25},"end":{"line":56,"column":62}},"23":{"start":{"line":57,"column":6},"end":{"line":57,"column":69}},"24":{"start":{"line":62,"column":9},"end":{"line":62,"column":19}}},"fnMap":{"0":{"name":"(anonymous_8)","decl":{"start":{"line":10,"column":8},"end":{"line":10,"column":14}},"loc":{"start":{"line":10,"column":14},"end":{"line":44,"column":null}}},"1":{"name":"(anonymous_10)","decl":{"start":{"line":46,"column":8},"end":{"line":46,"column":13}},"loc":{"start":{"line":46,"column":13},"end":{"line":50,"column":null}}},"2":{"name":"(anonymous_12)","decl":{"start":{"line":52,"column":8},"end":{"line":52,"column":13}},"loc":{"start":{"line":52,"column":13},"end":{"line":59,"column":null}}}},"branchMap":{"0":{"loc":{"start":{"line":5,"column":0},"end":{"line":7,"column":null}},"type":"if","locations":[{"start":{"line":5,"column":0},"end":{"line":7,"column":null}},{"start":{"line":5,"column":0},"end":{"line":7,"column":null}}]},"1":{"loc":{"start":{"line":21,"column":14},"end":{"line":21,"column":23}},"type":"cond-expr","locations":[{"start":{"line":21,"column":14},"end":{"line":21,"column":23}},{"start":{"line":22,"column":14},"end":{"line":24,"column":40}}]},"2":{"loc":{"start":{"line":23,"column":14},"end":{"line":23,"column":32}},"type":"cond-expr","locations":[{"start":{"line":23,"column":14},"end":{"line":23,"column":32}},{"start":{"line":24,"column":14},"end":{"line":24,"column":40}}]},"3":{"loc":{"start":{"line":34,"column":6},"end":{"line":38,"column":null}},"type":"if","locations":[{"start":{"line":34,"column":6},"end":{"line":38,"column":null}},{"start":{"line":34,"column":6},"end":{"line":38,"column":null}}]},"4":{"loc":{"start":{"line":35,"column":8},"end":{"line":37,"column":null}},"type":"if","locations":[{"start":{"line":35,"column":8},"end":{"line":37,"column":null}},{"start":{"line":35,"column":8},"end":{"line":37,"column":null}}]}},"s":{"0":6,"1":6,"2":6,"3":6,"4":6,"5":0,"6":6,"7":6,"8":6,"9":6,"10":6,"11":6,"12":0,"13":0,"14":6,"15":6,"16":0,"17":6,"18":6,"19":30,"20":30,"21":30,"22":270,"23":270,"24":6},"f":{"0":6,"1":6,"2":30},"b":{"0":[0,6],"1":[0,6],"2":[6,0],"3":[0,6],"4":[0,0]}}
}
