{"/home/runner/work/API/API/src/app.ts": {"path":"/home/runner/work/API/API/src/app.ts","statementMap":{"0":{"start":{"line":1,"column":0},"end":{"line":1,"column":24}},"1":{"start":{"line":2,"column":0},"end":{"line":2,"column":67}},"2":{"start":{"line":4,"column":0},"end":{"line":4,"column":43}},"3":{"start":{"line":5,"column":0},"end":{"line":5,"column":46}},"4":{"start":{"line":6,"column":0},"end":{"line":6,"column":42}},"5":{"start":{"line":7,"column":0},"end":{"line":7,"column":54}},"6":{"start":{"line":8,"column":0},"end":{"line":8,"column":42}},"7":{"start":{"line":9,"column":0},"end":{"line":9,"column":61}},"8":{"start":{"line":11,"column":33},"end":{"line":11,"column":42}},"9":{"start":{"line":67,"column":9},"end":{"line":67,"column":12}},"10":{"start":{"line":67,"column":14},"end":{"line":67,"column":20}},"11":{"start":{"line":14,"column":19},"end":{"line":64,"column":1}},"12":{"start":{"line":15,"column":2},"end":{"line":21,"column":4}},"13":{"start":{"line":22,"column":2},"end":{"line":22,"column":26}},"14":{"start":{"line":23,"column":2},"end":{"line":23,"column":51}},"15":{"start":{"line":25,"column":2},"end":{"line":31,"column":5}},"16":{"start":{"line":26,"column":4},"end":{"line":30,"column":13}},"17":{"start":{"line":27,"column":6},"end":{"line":29,"column":9}},"18":{"start":{"line":34,"column":2},"end":{"line":36,"column":5}},"19":{"start":{"line":35,"column":4},"end":{"line":35,"column":46}},"20":{"start":{"line":38,"column":2},"end":{"line":38,"column":69}},"21":{"start":{"line":41,"column":2},"end":{"line":41,"column":25}},"22":{"start":{"line":46,"column":2},"end":{"line":53,"column":5}},"23":{"start":{"line":47,"column":4},"end":{"line":47,"column":21}},"24":{"start":{"line":48,"column":4},"end":{"line":52,"column":null}},"25":{"start":{"line":49,"column":6},"end":{"line":49,"column":70}},"26":{"start":{"line":51,"column":6},"end":{"line":51,"column":70}},"27":{"start":{"line":56,"column":13},"end":{"line":56,"column":40}},"28":{"start":{"line":57,"column":2},"end":{"line":59,"column":null}},"29":{"start":{"line":58,"column":4},"end":{"line":58,"column":16}},"30":{"start":{"line":61,"column":2},"end":{"line":63,"column":5}},"31":{"start":{"line":62,"column":4},"end":{"line":62,"column":63}},"32":{"start":{"line":66,"column":0},"end":{"line":66,"column":13}}},"fnMap":{"0":{"name":"(anonymous_1)","decl":{"start":{"line":14,"column":19},"end":{"line":14,"column":24}},"loc":{"start":{"line":14,"column":30},"end":{"line":64,"column":1}}},"1":{"name":"(anonymous_2)","decl":{"start":{"line":25,"column":10},"end":{"line":25,"column":15}},"loc":{"start":{"line":25,"column":54},"end":{"line":31,"column":3}}},"2":{"name":"(anonymous_3)","decl":{"start":{"line":26,"column":23},"end":{"line":26,"column":26}},"loc":{"start":{"line":26,"column":28},"end":{"line":30,"column":5}}},"3":{"name":"(anonymous_4)","decl":{"start":{"line":34,"column":21},"end":{"line":34,"column":22}},"loc":{"start":{"line":34,"column":34},"end":{"line":36,"column":3}}},"4":{"name":"(anonymous_5)","decl":{"start":{"line":46,"column":10},"end":{"line":46,"column":11}},"loc":{"start":{"line":46,"column":74},"end":{"line":53,"column":3}}},"5":{"name":"(anonymous_6)","decl":{"start":{"line":61,"column":28},"end":{"line":61,"column":31}},"loc":{"start":{"line":61,"column":33},"end":{"line":63,"column":3}}}},"branchMap":{"0":{"loc":{"start":{"line":48,"column":4},"end":{"line":52,"column":null}},"type":"if","locations":[{"start":{"line":48,"column":4},"end":{"line":52,"column":null}},{"start":{"line":48,"column":4},"end":{"line":52,"column":null}}]},"1":{"loc":{"start":{"line":56,"column":22},"end":{"line":56,"column":33}},"type":"binary-expr","locations":[{"start":{"line":56,"column":22},"end":{"line":56,"column":33}},{"start":{"line":56,"column":37},"end":{"line":56,"column":39}}]},"2":{"loc":{"start":{"line":57,"column":2},"end":{"line":59,"column":null}},"type":"if","locations":[{"start":{"line":57,"column":2},"end":{"line":59,"column":null}},{"start":{"line":57,"column":2},"end":{"line":59,"column":null}}]},"3":{"loc":{"start":{"line":57,"column":6},"end":{"line":57,"column":17}},"type":"binary-expr","locations":[{"start":{"line":57,"column":6},"end":{"line":57,"column":17}},{"start":{"line":57,"column":21},"end":{"line":57,"column":31}}]}},"s":{"0":8,"1":8,"2":8,"3":8,"4":8,"5":8,"6":8,"7":8,"8":8,"9":8,"10":8,"11":8,"12":8,"13":8,"14":8,"15":8,"16":91,"17":0,"18":8,"19":0,"20":8,"21":8,"22":8,"23":14,"24":14,"25":3,"26":11,"27":8,"28":8,"29":0,"30":8,"31":8,"32":8},"f":{"0":8,"1":91,"2":0,"3":0,"4":14,"5":8},"b":{"0":[3,11],"1":[8,0],"2":[0,8],"3":[8,8]}}
,"/home/runner/work/API/API/src/configs/config.ts": {"path":"/home/runner/work/API/API/src/configs/config.ts","statementMap":{"0":{"start":{"line":8,"column":0},"end":{"line":8,"column":28}},"1":{"start":{"line":9,"column":0},"end":{"line":9,"column":24}},"2":{"start":{"line":10,"column":12},"end":{"line":10,"column":23}},"3":{"start":{"line":11,"column":0},"end":{"line":11,"column":23}},"4":{"start":{"line":13,"column":0},"end":{"line":27,"column":null}},"5":{"start":{"line":15,"column":4},"end":{"line":15,"column":72}},"6":{"start":{"line":16,"column":4},"end":{"line":16,"column":10}},"7":{"start":{"line":19,"column":4},"end":{"line":19,"column":71}},"8":{"start":{"line":20,"column":4},"end":{"line":20,"column":10}},"9":{"start":{"line":23,"column":4},"end":{"line":23,"column":72}},"10":{"start":{"line":24,"column":4},"end":{"line":24,"column":10}},"11":{"start":{"line":26,"column":4},"end":{"line":26,"column":71}},"12":{"start":{"line":40,"column":13},"end":{"line":50,"column":2}},"13":{"start":{"line":51,"column":0},"end":{"line":51,"column":34}},"14":{"start":{"line":52,"column":0},"end":{"line":54,"column":null}},"15":{"start":{"line":53,"column":2},"end":{"line":53,"column":22}}},"fnMap":{},"branchMap":{"0":{"loc":{"start":{"line":14,"column":2},"end":{"line":16,"column":10}},"type":"switch","locations":[{"start":{"line":14,"column":2},"end":{"line":16,"column":10}},{"start":{"line":17,"column":2},"end":{"line":17,"column":21}},{"start":{"line":18,"column":2},"end":{"line":20,"column":10}},{"start":{"line":21,"column":2},"end":{"line":21,"column":20}},{"start":{"line":22,"column":2},"end":{"line":24,"column":10}},{"start":{"line":25,"column":2},"end":{"line":26,"column":71}}]},"1":{"loc":{"start":{"line":41,"column":8},"end":{"line":41,"column":16}},"type":"binary-expr","locations":[{"start":{"line":41,"column":8},"end":{"line":41,"column":16}},{"start":{"line":41,"column":20},"end":{"line":41,"column":31}}]},"2":{"loc":{"start":{"line":42,"column":11},"end":{"line":42,"column":22}},"type":"binary-expr","locations":[{"start":{"line":42,"column":11},"end":{"line":42,"column":22}},{"start":{"line":42,"column":26},"end":{"line":42,"column":37}}]},"3":{"loc":{"start":{"line":43,"column":25},"end":{"line":43,"column":46}},"type":"cond-expr","locations":[{"start":{"line":43,"column":25},"end":{"line":43,"column":46}},{"start":{"line":43,"column":49},"end":{"line":43,"column":53}}]},"4":{"loc":{"start":{"line":44,"column":11},"end":{"line":44,"column":22}},"type":"binary-expr","locations":[{"start":{"line":44,"column":11},"end":{"line":44,"column":22}},{"start":{"line":44,"column":26},"end":{"line":44,"column":36}}]},"5":{"loc":{"start":{"line":45,"column":15},"end":{"line":45,"column":30}},"type":"binary-expr","locations":[{"start":{"line":45,"column":15},"end":{"line":45,"column":30}},{"start":{"line":45,"column":34},"end":{"line":45,"column":44}}]},"6":{"loc":{"start":{"line":46,"column":15},"end":{"line":46,"column":30}},"type":"binary-expr","locations":[{"start":{"line":46,"column":15},"end":{"line":46,"column":30}},{"start":{"line":46,"column":34},"end":{"line":46,"column":44}}]},"7":{"loc":{"start":{"line":47,"column":36},"end":{"line":47,"column":40}},"type":"cond-expr","locations":[{"start":{"line":47,"column":36},"end":{"line":47,"column":40}},{"start":{"line":47,"column":43},"end":{"line":47,"column":48}}]},"8":{"loc":{"start":{"line":48,"column":36},"end":{"line":48,"column":40}},"type":"cond-expr","locations":[{"start":{"line":48,"column":36},"end":{"line":48,"column":40}},{"start":{"line":48,"column":43},"end":{"line":48,"column":48}}]},"9":{"loc":{"start":{"line":49,"column":17},"end":{"line":49,"column":34}},"type":"binary-expr","locations":[{"start":{"line":49,"column":17},"end":{"line":49,"column":34}},{"start":{"line":49,"column":38},"end":{"line":49,"column":61}}]},"10":{"loc":{"start":{"line":52,"column":0},"end":{"line":54,"column":null}},"type":"if","locations":[{"start":{"line":52,"column":0},"end":{"line":54,"column":null}},{"start":{"line":52,"column":0},"end":{"line":54,"column":null}}]},"11":{"loc":{"start":{"line":52,"column":4},"end":{"line":52,"column":34}},"type":"binary-expr","locations":[{"start":{"line":52,"column":4},"end":{"line":52,"column":34}},{"start":{"line":52,"column":38},"end":{"line":52,"column":76}}]}},"s":{"0":8,"1":8,"2":8,"3":8,"4":8,"5":8,"6":8,"7":0,"8":0,"9":0,"10":0,"11":0,"12":8,"13":8,"14":8,"15":0},"f":{},"b":{"0":[8,0,0,0,0,0],"1":[8,0],"2":[8,0],"3":[8,0],"4":[8,0],"5":[8,0],"6":[8,0],"7":[8,0],"8":[0,8],"9":[8,0],"10":[0,8],"11":[8,8]}}
,"/home/runner/work/API/API/src/configs/ormconfig.ts": {"path":"/home/runner/work/API/API/src/configs/ormconfig.ts","statementMap":{"0":{"start":{"line":8,"column":0},"end":{"line":8,"column":34}},"1":{"start":{"line":9,"column":0},"end":{"line":9,"column":34}},"2":{"start":{"line":12,"column":19},"end":{"line":12,"column":58}},"3":{"start":{"line":14,"column":0},"end":{"line":35,"column":9}}},"fnMap":{},"branchMap":{"0":{"loc":{"start":{"line":16,"column":8},"end":{"line":16,"column":22}},"type":"binary-expr","locations":[{"start":{"line":16,"column":8},"end":{"line":16,"column":22}},{"start":{"line":16,"column":26},"end":{"line":16,"column":37}}]},"1":{"loc":{"start":{"line":17,"column":8},"end":{"line":17,"column":22}},"type":"binary-expr","locations":[{"start":{"line":17,"column":8},"end":{"line":17,"column":22}},{"start":{"line":17,"column":26},"end":{"line":17,"column":30}}]},"2":{"loc":{"start":{"line":18,"column":12},"end":{"line":18,"column":30}},"type":"binary-expr","locations":[{"start":{"line":18,"column":12},"end":{"line":18,"column":30}},{"start":{"line":18,"column":34},"end":{"line":18,"column":44}}]},"3":{"loc":{"start":{"line":19,"column":12},"end":{"line":19,"column":30}},"type":"binary-expr","locations":[{"start":{"line":19,"column":12},"end":{"line":19,"column":30}},{"start":{"line":19,"column":34},"end":{"line":19,"column":44}}]},"4":{"loc":{"start":{"line":20,"column":12},"end":{"line":20,"column":26}},"type":"binary-expr","locations":[{"start":{"line":20,"column":12},"end":{"line":20,"column":26}},{"start":{"line":20,"column":30},"end":{"line":20,"column":40}}]},"5":{"loc":{"start":{"line":21,"column":15},"end":{"line":21,"column":29}},"type":"binary-expr","locations":[{"start":{"line":21,"column":15},"end":{"line":21,"column":29}},{"start":{"line":21,"column":33},"end":{"line":21,"column":38}}]},"6":{"loc":{"start":{"line":22,"column":11},"end":{"line":22,"column":25}},"type":"binary-expr","locations":[{"start":{"line":22,"column":11},"end":{"line":22,"column":25}},{"start":{"line":22,"column":29},"end":{"line":22,"column":34}}]}},"s":{"0":8,"1":8,"2":8,"3":8},"f":{},"b":{"0":[8,0],"1":[8,0],"2":[8,0],"3":[8,0],"4":[8,0],"5":[8,0],"6":[8,8]}}
,"/home/runner/work/API/API/src/controllers/index.ts": {"path":"/home/runner/work/API/API/src/controllers/index.ts","statementMap":{"0":{"start":{"line":1,"column":0},"end":{"line":1,"column":38}},"1":{"start":{"line":2,"column":0},"end":{"line":2,"column":39}},"2":{"start":{"line":3,"column":0},"end":{"line":3,"column":40}},"3":{"start":{"line":4,"column":0},"end":{"line":4,"column":39}},"4":{"start":{"line":5,"column":0},"end":{"line":5,"column":39}},"5":{"start":{"line":6,"column":0},"end":{"line":6,"column":40}},"6":{"start":{"line":7,"column":0},"end":{"line":7,"column":41}},"7":{"start":{"line":8,"column":0},"end":{"line":8,"column":40}}},"fnMap":{},"branchMap":{},"s":{"0":8,"1":8,"2":8,"3":8,"4":8,"5":8,"6":8,"7":8},"f":{},"b":{}}
,"/home/runner/work/API/API/src/controllers/google/adController.ts": {"path":"/home/runner/work/API/API/src/controllers/google/adController.ts","statementMap":{"0":{"start":{"line":8,"column":0},"end":{"line":8,"column":60}},"1":{"start":{"line":9,"column":0},"end":{"line":9,"column":49}},"2":{"start":{"line":38,"column":8},"end":{"line":38,"column":19}},"3":{"start":{"line":39,"column":25},"end":{"line":39,"column":59}},"4":{"start":{"line":39,"column":47},"end":{"line":39,"column":58}},"5":{"start":{"line":40,"column":39},"end":{"line":55,"column":6}},"6":{"start":{"line":67,"column":37},"end":{"line":67,"column":39}},"7":{"start":{"line":68,"column":4},"end":{"line":70,"column":null}},"8":{"start":{"line":69,"column":6},"end":{"line":69,"column":74}},"9":{"start":{"line":72,"column":4},"end":{"line":74,"column":null}},"10":{"start":{"line":73,"column":6},"end":{"line":73,"column":67}},"11":{"start":{"line":76,"column":4},"end":{"line":81,"column":null}},"12":{"start":{"line":77,"column":6},"end":{"line":80,"column":9}},"13":{"start":{"line":83,"column":4},"end":{"line":85,"column":null}},"14":{"start":{"line":84,"column":6},"end":{"line":84,"column":62}},"15":{"start":{"line":87,"column":4},"end":{"line":89,"column":null}},"16":{"start":{"line":88,"column":6},"end":{"line":88,"column":74}},"17":{"start":{"line":91,"column":4},"end":{"line":93,"column":null}},"18":{"start":{"line":92,"column":6},"end":{"line":92,"column":70}},"19":{"start":{"line":95,"column":4},"end":{"line":105,"column":null}},"20":{"start":{"line":96,"column":6},"end":{"line":104,"column":8}},"21":{"start":{"line":97,"column":8},"end":{"line":103,"column":null}},"22":{"start":{"line":97,"column":21},"end":{"line":97,"column":22}},"23":{"start":{"line":98,"column":10},"end":{"line":102,"column":null}},"24":{"start":{"line":99,"column":12},"end":{"line":99,"column":67}},"25":{"start":{"line":101,"column":12},"end":{"line":101,"column":70}},"26":{"start":{"line":108,"column":18},"end":{"line":108,"column":69}},"27":{"start":{"line":108,"column":64},"end":{"line":108,"column":68}},"28":{"start":{"line":110,"column":29},"end":{"line":110,"column":41}},"29":{"start":{"line":112,"column":16},"end":{"line":117,"column":6}},"30":{"start":{"line":119,"column":4},"end":{"line":119,"column":28}},"31":{"start":{"line":120,"column":4},"end":{"line":120,"column":28}},"32":{"start":{"line":122,"column":26},"end":{"line":122,"column":59}},"33":{"start":{"line":125,"column":4},"end":{"line":129,"column":6}},"34":{"start":{"line":133,"column":4},"end":{"line":136,"column":7}},"35":{"start":{"line":148,"column":21},"end":{"line":151,"column":6}},"36":{"start":{"line":152,"column":4},"end":{"line":152,"column":44}},"37":{"start":{"line":164,"column":26},"end":{"line":167,"column":6}},"38":{"start":{"line":168,"column":4},"end":{"line":168,"column":51}},"39":{"start":{"line":12,"column":0},"end":{"line":12,"column":13}}},"fnMap":{"0":{"name":"(anonymous_0)","decl":{"start":{"line":26,"column":2},"end":{"line":26,"column":7}},"loc":{"start":{"line":27,"column":56},"end":{"line":130,"column":3}}},"1":{"name":"(anonymous_1)","decl":{"start":{"line":39,"column":40},"end":{"line":39,"column":41}},"loc":{"start":{"line":39,"column":47},"end":{"line":39,"column":58}}},"2":{"name":"(anonymous_2)","decl":{"start":{"line":96,"column":26},"end":{"line":96,"column":27}},"loc":{"start":{"line":96,"column":38},"end":{"line":104,"column":7}}},"3":{"name":"(anonymous_3)","decl":{"start":{"line":108,"column":57},"end":{"line":108,"column":58}},"loc":{"start":{"line":108,"column":64},"end":{"line":108,"column":68}}},"4":{"name":"(anonymous_4)","decl":{"start":{"line":132,"column":2},"end":{"line":132,"column":7}},"loc":{"start":{"line":132,"column":26},"end":{"line":137,"column":3}}},"5":{"name":"(anonymous_5)","decl":{"start":{"line":147,"column":2},"end":{"line":147,"column":7}},"loc":{"start":{"line":147,"column":46},"end":{"line":153,"column":3}}},"6":{"name":"(anonymous_6)","decl":{"start":{"line":163,"column":2},"end":{"line":163,"column":7}},"loc":{"start":{"line":163,"column":51},"end":{"line":169,"column":3}}}},"branchMap":{"0":{"loc":{"start":{"line":39,"column":34},"end":{"line":39,"column":36}},"type":"cond-expr","locations":[{"start":{"line":39,"column":34},"end":{"line":39,"column":36}},{"start":{"line":39,"column":25},"end":{"line":39,"column":59}}]},"1":{"loc":{"start":{"line":39,"column":25},"end":{"line":39,"column":36}},"type":"binary-expr","locations":[{"start":{"line":39,"column":25},"end":{"line":39,"column":36}},{"start":{"line":39,"column":25},"end":{"line":39,"column":36}}]},"2":{"loc":{"start":{"line":41,"column":20},"end":{"line":41,"column":25}},"type":"cond-expr","locations":[{"start":{"line":41,"column":20},"end":{"line":41,"column":25}},{"start":{"line":41,"column":28},"end":{"line":41,"column":30}}]},"3":{"loc":{"start":{"line":42,"column":21},"end":{"line":42,"column":27}},"type":"cond-expr","locations":[{"start":{"line":42,"column":21},"end":{"line":42,"column":27}},{"start":{"line":42,"column":30},"end":{"line":42,"column":31}}]},"4":{"loc":{"start":{"line":68,"column":4},"end":{"line":70,"column":null}},"type":"if","locations":[{"start":{"line":68,"column":4},"end":{"line":70,"column":null}},{"start":{"line":68,"column":4},"end":{"line":70,"column":null}}]},"5":{"loc":{"start":{"line":72,"column":4},"end":{"line":74,"column":null}},"type":"if","locations":[{"start":{"line":72,"column":4},"end":{"line":74,"column":null}},{"start":{"line":72,"column":4},"end":{"line":74,"column":null}}]},"6":{"loc":{"start":{"line":76,"column":4},"end":{"line":81,"column":null}},"type":"if","locations":[{"start":{"line":76,"column":4},"end":{"line":81,"column":null}},{"start":{"line":76,"column":4},"end":{"line":81,"column":null}}]},"7":{"loc":{"start":{"line":83,"column":4},"end":{"line":85,"column":null}},"type":"if","locations":[{"start":{"line":83,"column":4},"end":{"line":85,"column":null}},{"start":{"line":83,"column":4},"end":{"line":85,"column":null}}]},"8":{"loc":{"start":{"line":87,"column":4},"end":{"line":89,"column":null}},"type":"if","locations":[{"start":{"line":87,"column":4},"end":{"line":89,"column":null}},{"start":{"line":87,"column":4},"end":{"line":89,"column":null}}]},"9":{"loc":{"start":{"line":91,"column":4},"end":{"line":93,"column":null}},"type":"if","locations":[{"start":{"line":91,"column":4},"end":{"line":93,"column":null}},{"start":{"line":91,"column":4},"end":{"line":93,"column":null}}]},"10":{"loc":{"start":{"line":95,"column":4},"end":{"line":105,"column":null}},"type":"if","locations":[{"start":{"line":95,"column":4},"end":{"line":105,"column":null}},{"start":{"line":95,"column":4},"end":{"line":105,"column":null}}]},"11":{"loc":{"start":{"line":98,"column":10},"end":{"line":102,"column":null}},"type":"if","locations":[{"start":{"line":98,"column":10},"end":{"line":102,"column":null}},{"start":{"line":98,"column":10},"end":{"line":102,"column":null}}]}},"s":{"0":8,"1":8,"2":10,"3":10,"4":1,"5":10,"6":10,"7":10,"8":1,"9":10,"10":2,"11":10,"12":1,"13":10,"14":1,"15":10,"16":1,"17":10,"18":1,"19":10,"20":4,"21":8,"22":8,"23":14,"24":8,"25":6,"26":10,"27":19,"28":10,"29":10,"30":10,"31":10,"32":10,"33":10,"34":6,"35":4,"36":4,"37":3,"38":3,"39":8},"f":{"0":10,"1":1,"2":8,"3":19,"4":6,"5":4,"6":3},"b":{"0":[9,1],"1":[10,10],"2":[10,0],"3":[1,9],"4":[1,9],"5":[2,8],"6":[1,9],"7":[1,9],"8":[1,9],"9":[1,9],"10":[4,6],"11":[8,6]}}
,"/home/runner/work/API/API/src/controllers/google/botController.ts": {"path":"/home/runner/work/API/API/src/controllers/google/botController.ts","statementMap":{"0":{"start":{"line":8,"column":0},"end":{"line":8,"column":37}},"1":{"start":{"line":12,"column":4},"end":{"line":12,"column":34}},"2":{"start":{"line":16,"column":4},"end":{"line":18,"column":7}},"3":{"start":{"line":10,"column":0},"end":{"line":10,"column":13}}},"fnMap":{"0":{"name":"(anonymous_0)","decl":{"start":{"line":11,"column":2},"end":{"line":11,"column":7}},"loc":{"start":{"line":11,"column":14},"end":{"line":13,"column":3}}},"1":{"name":"(anonymous_1)","decl":{"start":{"line":15,"column":2},"end":{"line":15,"column":7}},"loc":{"start":{"line":15,"column":38},"end":{"line":19,"column":3}}}},"branchMap":{},"s":{"0":8,"1":1,"2":2,"3":8},"f":{"0":1,"1":2},"b":{}}
,"/home/runner/work/API/API/src/controllers/google/statController.ts": {"path":"/home/runner/work/API/API/src/controllers/google/statController.ts","statementMap":{"0":{"start":{"line":8,"column":0},"end":{"line":8,"column":40}},"1":{"start":{"line":9,"column":0},"end":{"line":9,"column":60}},"2":{"start":{"line":24,"column":19},"end":{"line":24,"column":21}},"3":{"start":{"line":25,"column":17},"end":{"line":30,"column":19}},"4":{"start":{"line":31,"column":4},"end":{"line":34,"column":7}},"5":{"start":{"line":36,"column":4},"end":{"line":41,"column":20}},"6":{"start":{"line":43,"column":4},"end":{"line":46,"column":7}},"7":{"start":{"line":47,"column":4},"end":{"line":47,"column":15}},"8":{"start":{"line":62,"column":17},"end":{"line":68,"column":19}},"9":{"start":{"line":69,"column":4},"end":{"line":73,"column":7}},"10":{"start":{"line":70,"column":6},"end":{"line":72,"column":null}},"11":{"start":{"line":71,"column":8},"end":{"line":71,"column":34}},"12":{"start":{"line":74,"column":4},"end":{"line":74,"column":18}},"13":{"start":{"line":87,"column":17},"end":{"line":101,"column":19}},"14":{"start":{"line":102,"column":4},"end":{"line":108,"column":7}},"15":{"start":{"line":103,"column":6},"end":{"line":105,"column":null}},"16":{"start":{"line":104,"column":8},"end":{"line":104,"column":34}},"17":{"start":{"line":106,"column":6},"end":{"line":106,"column":44}},"18":{"start":{"line":107,"column":6},"end":{"line":107,"column":50}},"19":{"start":{"line":109,"column":4},"end":{"line":109,"column":18}},"20":{"start":{"line":123,"column":16},"end":{"line":124,"column":null}},"21":{"start":{"line":126,"column":14},"end":{"line":127,"column":null}},"22":{"start":{"line":129,"column":30},"end":{"line":129,"column":73}},"23":{"start":{"line":130,"column":19},"end":{"line":139,"column":null}},"24":{"start":{"line":142,"column":4},"end":{"line":142,"column":18}},"25":{"start":{"line":150,"column":28},"end":{"line":154,"column":13}},"26":{"start":{"line":155,"column":29},"end":{"line":159,"column":19}},"27":{"start":{"line":160,"column":21},"end":{"line":160,"column":56}},"28":{"start":{"line":162,"column":4},"end":{"line":166,"column":6}},"29":{"start":{"line":11,"column":0},"end":{"line":11,"column":13}}},"fnMap":{"0":{"name":"(anonymous_0)","decl":{"start":{"line":15,"column":2},"end":{"line":15,"column":7}},"loc":{"start":{"line":15,"column":27},"end":{"line":48,"column":3}}},"1":{"name":"(anonymous_1)","decl":{"start":{"line":56,"column":2},"end":{"line":56,"column":7}},"loc":{"start":{"line":56,"column":23},"end":{"line":75,"column":3}}},"2":{"name":"(anonymous_2)","decl":{"start":{"line":69,"column":19},"end":{"line":69,"column":20}},"loc":{"start":{"line":69,"column":25},"end":{"line":73,"column":5}}},"3":{"name":"(anonymous_3)","decl":{"start":{"line":80,"column":2},"end":{"line":80,"column":7}},"loc":{"start":{"line":80,"column":26},"end":{"line":110,"column":3}}},"4":{"name":"(anonymous_4)","decl":{"start":{"line":102,"column":19},"end":{"line":102,"column":20}},"loc":{"start":{"line":102,"column":25},"end":{"line":108,"column":5}}},"5":{"name":"(anonymous_5)","decl":{"start":{"line":115,"column":2},"end":{"line":115,"column":7}},"loc":{"start":{"line":116,"column":19},"end":{"line":143,"column":3}}},"6":{"name":"(anonymous_6)","decl":{"start":{"line":145,"column":2},"end":{"line":145,"column":7}},"loc":{"start":{"line":145,"column":18},"end":{"line":167,"column":3}}}},"branchMap":{"0":{"loc":{"start":{"line":70,"column":6},"end":{"line":72,"column":null}},"type":"if","locations":[{"start":{"line":70,"column":6},"end":{"line":72,"column":null}},{"start":{"line":70,"column":6},"end":{"line":72,"column":null}}]},"1":{"loc":{"start":{"line":103,"column":6},"end":{"line":105,"column":null}},"type":"if","locations":[{"start":{"line":103,"column":6},"end":{"line":105,"column":null}},{"start":{"line":103,"column":6},"end":{"line":105,"column":null}}]}},"s":{"0":8,"1":8,"2":1,"3":1,"4":1,"5":1,"6":1,"7":1,"8":1,"9":1,"10":4,"11":1,"12":1,"13":1,"14":1,"15":4,"16":1,"17":4,"18":4,"19":1,"20":1,"21":1,"22":1,"23":1,"24":1,"25":1,"26":1,"27":1,"28":1,"29":8},"f":{"0":1,"1":1,"2":4,"3":1,"4":4,"5":1,"6":1},"b":{"0":[1,3],"1":[1,3]}}
,"/home/runner/work/API/API/src/controllers/google/tagController.ts": {"path":"/home/runner/work/API/API/src/controllers/google/tagController.ts","statementMap":{"0":{"start":{"line":8,"column":0},"end":{"line":8,"column":37}},"1":{"start":{"line":12,"column":4},"end":{"line":12,"column":34}},"2":{"start":{"line":16,"column":4},"end":{"line":18,"column":7}},"3":{"start":{"line":22,"column":4},"end":{"line":24,"column":7}},"4":{"start":{"line":28,"column":19},"end":{"line":30,"column":6}},"5":{"start":{"line":31,"column":4},"end":{"line":31,"column":40}},"6":{"start":{"line":10,"column":0},"end":{"line":10,"column":13}}},"fnMap":{"0":{"name":"(anonymous_0)","decl":{"start":{"line":11,"column":2},"end":{"line":11,"column":7}},"loc":{"start":{"line":11,"column":14},"end":{"line":13,"column":3}}},"1":{"name":"(anonymous_1)","decl":{"start":{"line":15,"column":2},"end":{"line":15,"column":7}},"loc":{"start":{"line":15,"column":26},"end":{"line":19,"column":3}}},"2":{"name":"(anonymous_2)","decl":{"start":{"line":21,"column":2},"end":{"line":21,"column":7}},"loc":{"start":{"line":21,"column":30},"end":{"line":25,"column":3}}},"3":{"name":"(anonymous_3)","decl":{"start":{"line":27,"column":2},"end":{"line":27,"column":7}},"loc":{"start":{"line":27,"column":30},"end":{"line":32,"column":3}}}},"branchMap":{},"s":{"0":8,"1":10,"2":2,"3":0,"4":3,"5":3,"6":8},"f":{"0":10,"1":2,"2":0,"3":3},"b":{}}
,"/home/runner/work/API/API/src/controllers/twitter/adController.ts": {"path":"/home/runner/work/API/API/src/controllers/twitter/adController.ts","statementMap":{"0":{"start":{"line":7,"column":0},"end":{"line":7,"column":60}},"1":{"start":{"line":8,"column":0},"end":{"line":8,"column":71}},"2":{"start":{"line":38,"column":8},"end":{"line":38,"column":19}},"3":{"start":{"line":39,"column":25},"end":{"line":39,"column":59}},"4":{"start":{"line":39,"column":47},"end":{"line":39,"column":58}},"5":{"start":{"line":41,"column":39},"end":{"line":57,"column":6}},"6":{"start":{"line":60,"column":37},"end":{"line":60,"column":39}},"7":{"start":{"line":62,"column":4},"end":{"line":64,"column":null}},"8":{"start":{"line":63,"column":6},"end":{"line":63,"column":67}},"9":{"start":{"line":66,"column":4},"end":{"line":71,"column":null}},"10":{"start":{"line":67,"column":6},"end":{"line":70,"column":9}},"11":{"start":{"line":73,"column":4},"end":{"line":75,"column":null}},"12":{"start":{"line":74,"column":6},"end":{"line":74,"column":62}},"13":{"start":{"line":77,"column":4},"end":{"line":82,"column":null}},"14":{"start":{"line":78,"column":6},"end":{"line":81,"column":9}},"15":{"start":{"line":80,"column":38},"end":{"line":80,"column":53}},"16":{"start":{"line":84,"column":4},"end":{"line":86,"column":null}},"17":{"start":{"line":85,"column":6},"end":{"line":85,"column":77}},"18":{"start":{"line":88,"column":4},"end":{"line":90,"column":null}},"19":{"start":{"line":89,"column":6},"end":{"line":89,"column":73}},"20":{"start":{"line":92,"column":4},"end":{"line":94,"column":null}},"21":{"start":{"line":93,"column":6},"end":{"line":93,"column":69}},"22":{"start":{"line":96,"column":4},"end":{"line":106,"column":null}},"23":{"start":{"line":97,"column":6},"end":{"line":105,"column":8}},"24":{"start":{"line":98,"column":8},"end":{"line":104,"column":null}},"25":{"start":{"line":98,"column":21},"end":{"line":98,"column":22}},"26":{"start":{"line":99,"column":10},"end":{"line":103,"column":null}},"27":{"start":{"line":100,"column":12},"end":{"line":100,"column":67}},"28":{"start":{"line":102,"column":12},"end":{"line":102,"column":70}},"29":{"start":{"line":109,"column":18},"end":{"line":110,"column":null}},"30":{"start":{"line":110,"column":33},"end":{"line":110,"column":43}},"31":{"start":{"line":112,"column":29},"end":{"line":112,"column":41}},"32":{"start":{"line":114,"column":16},"end":{"line":119,"column":6}},"33":{"start":{"line":121,"column":4},"end":{"line":121,"column":28}},"34":{"start":{"line":122,"column":4},"end":{"line":122,"column":28}},"35":{"start":{"line":124,"column":26},"end":{"line":124,"column":69}},"36":{"start":{"line":127,"column":4},"end":{"line":131,"column":6}},"37":{"start":{"line":160,"column":8},"end":{"line":160,"column":19}},"38":{"start":{"line":161,"column":25},"end":{"line":161,"column":59}},"39":{"start":{"line":161,"column":47},"end":{"line":161,"column":58}},"40":{"start":{"line":163,"column":39},"end":{"line":179,"column":6}},"41":{"start":{"line":183,"column":37},"end":{"line":183,"column":39}},"42":{"start":{"line":185,"column":4},"end":{"line":187,"column":null}},"43":{"start":{"line":186,"column":6},"end":{"line":186,"column":67}},"44":{"start":{"line":189,"column":4},"end":{"line":194,"column":null}},"45":{"start":{"line":190,"column":6},"end":{"line":193,"column":9}},"46":{"start":{"line":196,"column":4},"end":{"line":198,"column":null}},"47":{"start":{"line":197,"column":6},"end":{"line":197,"column":62}},"48":{"start":{"line":200,"column":4},"end":{"line":205,"column":null}},"49":{"start":{"line":201,"column":6},"end":{"line":204,"column":9}},"50":{"start":{"line":203,"column":38},"end":{"line":203,"column":53}},"51":{"start":{"line":207,"column":4},"end":{"line":209,"column":null}},"52":{"start":{"line":208,"column":6},"end":{"line":208,"column":77}},"53":{"start":{"line":211,"column":4},"end":{"line":213,"column":null}},"54":{"start":{"line":212,"column":6},"end":{"line":212,"column":73}},"55":{"start":{"line":215,"column":4},"end":{"line":217,"column":null}},"56":{"start":{"line":216,"column":6},"end":{"line":216,"column":69}},"57":{"start":{"line":219,"column":4},"end":{"line":229,"column":null}},"58":{"start":{"line":220,"column":6},"end":{"line":228,"column":8}},"59":{"start":{"line":221,"column":8},"end":{"line":227,"column":null}},"60":{"start":{"line":221,"column":21},"end":{"line":221,"column":22}},"61":{"start":{"line":222,"column":10},"end":{"line":226,"column":null}},"62":{"start":{"line":223,"column":12},"end":{"line":223,"column":67}},"63":{"start":{"line":225,"column":12},"end":{"line":225,"column":70}},"64":{"start":{"line":232,"column":18},"end":{"line":233,"column":null}},"65":{"start":{"line":233,"column":24},"end":{"line":233,"column":28}},"66":{"start":{"line":236,"column":29},"end":{"line":236,"column":41}},"67":{"start":{"line":238,"column":23},"end":{"line":243,"column":6}},"68":{"start":{"line":244,"column":4},"end":{"line":247,"column":7}},"69":{"start":{"line":245,"column":6},"end":{"line":245,"column":32}},"70":{"start":{"line":246,"column":6},"end":{"line":246,"column":21}},"71":{"start":{"line":249,"column":4},"end":{"line":249,"column":28}},"72":{"start":{"line":250,"column":4},"end":{"line":250,"column":28}},"73":{"start":{"line":252,"column":26},"end":{"line":252,"column":60}},"74":{"start":{"line":255,"column":4},"end":{"line":259,"column":6}},"75":{"start":{"line":263,"column":18},"end":{"line":268,"column":6}},"76":{"start":{"line":269,"column":4},"end":{"line":269,"column":32}},"77":{"start":{"line":270,"column":4},"end":{"line":270,"column":20}},"78":{"start":{"line":271,"column":4},"end":{"line":271,"column":14}},"79":{"start":{"line":283,"column":21},"end":{"line":286,"column":6}},"80":{"start":{"line":287,"column":4},"end":{"line":287,"column":45}},"81":{"start":{"line":299,"column":26},"end":{"line":302,"column":6}},"82":{"start":{"line":303,"column":4},"end":{"line":303,"column":52}},"83":{"start":{"line":11,"column":0},"end":{"line":11,"column":13}}},"fnMap":{"0":{"name":"(anonymous_0)","decl":{"start":{"line":25,"column":2},"end":{"line":25,"column":7}},"loc":{"start":{"line":26,"column":57},"end":{"line":132,"column":3}}},"1":{"name":"(anonymous_1)","decl":{"start":{"line":39,"column":40},"end":{"line":39,"column":41}},"loc":{"start":{"line":39,"column":47},"end":{"line":39,"column":58}}},"2":{"name":"(anonymous_2)","decl":{"start":{"line":80,"column":31},"end":{"line":80,"column":32}},"loc":{"start":{"line":80,"column":38},"end":{"line":80,"column":53}}},"3":{"name":"(anonymous_3)","decl":{"start":{"line":97,"column":26},"end":{"line":97,"column":27}},"loc":{"start":{"line":97,"column":38},"end":{"line":105,"column":7}}},"4":{"name":"(anonymous_4)","decl":{"start":{"line":110,"column":6},"end":{"line":110,"column":7}},"loc":{"start":{"line":110,"column":33},"end":{"line":110,"column":43}}},"5":{"name":"(anonymous_5)","decl":{"start":{"line":147,"column":2},"end":{"line":147,"column":7}},"loc":{"start":{"line":148,"column":57},"end":{"line":260,"column":3}}},"6":{"name":"(anonymous_6)","decl":{"start":{"line":161,"column":40},"end":{"line":161,"column":41}},"loc":{"start":{"line":161,"column":47},"end":{"line":161,"column":58}}},"7":{"name":"(anonymous_7)","decl":{"start":{"line":203,"column":31},"end":{"line":203,"column":32}},"loc":{"start":{"line":203,"column":38},"end":{"line":203,"column":53}}},"8":{"name":"(anonymous_8)","decl":{"start":{"line":220,"column":26},"end":{"line":220,"column":27}},"loc":{"start":{"line":220,"column":38},"end":{"line":228,"column":7}}},"9":{"name":"(anonymous_9)","decl":{"start":{"line":233,"column":6},"end":{"line":233,"column":7}},"loc":{"start":{"line":233,"column":24},"end":{"line":233,"column":28}}},"10":{"name":"(anonymous_10)","decl":{"start":{"line":244,"column":12},"end":{"line":244,"column":13}},"loc":{"start":{"line":244,"column":23},"end":{"line":247,"column":5}}},"11":{"name":"(anonymous_11)","decl":{"start":{"line":262,"column":2},"end":{"line":262,"column":7}},"loc":{"start":{"line":262,"column":26},"end":{"line":272,"column":3}}},"12":{"name":"(anonymous_12)","decl":{"start":{"line":282,"column":2},"end":{"line":282,"column":7}},"loc":{"start":{"line":282,"column":46},"end":{"line":288,"column":3}}},"13":{"name":"(anonymous_13)","decl":{"start":{"line":298,"column":2},"end":{"line":298,"column":7}},"loc":{"start":{"line":298,"column":51},"end":{"line":304,"column":3}}}},"branchMap":{"0":{"loc":{"start":{"line":39,"column":34},"end":{"line":39,"column":36}},"type":"cond-expr","locations":[{"start":{"line":39,"column":34},"end":{"line":39,"column":36}},{"start":{"line":39,"column":25},"end":{"line":39,"column":59}}]},"1":{"loc":{"start":{"line":39,"column":25},"end":{"line":39,"column":36}},"type":"binary-expr","locations":[{"start":{"line":39,"column":25},"end":{"line":39,"column":36}},{"start":{"line":39,"column":25},"end":{"line":39,"column":36}}]},"2":{"loc":{"start":{"line":42,"column":20},"end":{"line":42,"column":25}},"type":"cond-expr","locations":[{"start":{"line":42,"column":20},"end":{"line":42,"column":25}},{"start":{"line":42,"column":28},"end":{"line":42,"column":30}}]},"3":{"loc":{"start":{"line":43,"column":21},"end":{"line":43,"column":27}},"type":"cond-expr","locations":[{"start":{"line":43,"column":21},"end":{"line":43,"column":27}},{"start":{"line":43,"column":30},"end":{"line":43,"column":31}}]},"4":{"loc":{"start":{"line":62,"column":4},"end":{"line":64,"column":null}},"type":"if","locations":[{"start":{"line":62,"column":4},"end":{"line":64,"column":null}},{"start":{"line":62,"column":4},"end":{"line":64,"column":null}}]},"5":{"loc":{"start":{"line":66,"column":4},"end":{"line":71,"column":null}},"type":"if","locations":[{"start":{"line":66,"column":4},"end":{"line":71,"column":null}},{"start":{"line":66,"column":4},"end":{"line":71,"column":null}}]},"6":{"loc":{"start":{"line":73,"column":4},"end":{"line":75,"column":null}},"type":"if","locations":[{"start":{"line":73,"column":4},"end":{"line":75,"column":null}},{"start":{"line":73,"column":4},"end":{"line":75,"column":null}}]},"7":{"loc":{"start":{"line":77,"column":4},"end":{"line":82,"column":null}},"type":"if","locations":[{"start":{"line":77,"column":4},"end":{"line":82,"column":null}},{"start":{"line":77,"column":4},"end":{"line":82,"column":null}}]},"8":{"loc":{"start":{"line":84,"column":4},"end":{"line":86,"column":null}},"type":"if","locations":[{"start":{"line":84,"column":4},"end":{"line":86,"column":null}},{"start":{"line":84,"column":4},"end":{"line":86,"column":null}}]},"9":{"loc":{"start":{"line":88,"column":4},"end":{"line":90,"column":null}},"type":"if","locations":[{"start":{"line":88,"column":4},"end":{"line":90,"column":null}},{"start":{"line":88,"column":4},"end":{"line":90,"column":null}}]},"10":{"loc":{"start":{"line":92,"column":4},"end":{"line":94,"column":null}},"type":"if","locations":[{"start":{"line":92,"column":4},"end":{"line":94,"column":null}},{"start":{"line":92,"column":4},"end":{"line":94,"column":null}}]},"11":{"loc":{"start":{"line":96,"column":4},"end":{"line":106,"column":null}},"type":"if","locations":[{"start":{"line":96,"column":4},"end":{"line":106,"column":null}},{"start":{"line":96,"column":4},"end":{"line":106,"column":null}}]},"12":{"loc":{"start":{"line":99,"column":10},"end":{"line":103,"column":null}},"type":"if","locations":[{"start":{"line":99,"column":10},"end":{"line":103,"column":null}},{"start":{"line":99,"column":10},"end":{"line":103,"column":null}}]},"13":{"loc":{"start":{"line":161,"column":34},"end":{"line":161,"column":36}},"type":"cond-expr","locations":[{"start":{"line":161,"column":34},"end":{"line":161,"column":36}},{"start":{"line":161,"column":25},"end":{"line":161,"column":59}}]},"14":{"loc":{"start":{"line":161,"column":25},"end":{"line":161,"column":36}},"type":"binary-expr","locations":[{"start":{"line":161,"column":25},"end":{"line":161,"column":36}},{"start":{"line":161,"column":25},"end":{"line":161,"column":36}}]},"15":{"loc":{"start":{"line":164,"column":20},"end":{"line":164,"column":25}},"type":"cond-expr","locations":[{"start":{"line":164,"column":20},"end":{"line":164,"column":25}},{"start":{"line":164,"column":28},"end":{"line":164,"column":30}}]},"16":{"loc":{"start":{"line":165,"column":21},"end":{"line":165,"column":27}},"type":"cond-expr","locations":[{"start":{"line":165,"column":21},"end":{"line":165,"column":27}},{"start":{"line":165,"column":30},"end":{"line":165,"column":31}}]},"17":{"loc":{"start":{"line":185,"column":4},"end":{"line":187,"column":null}},"type":"if","locations":[{"start":{"line":185,"column":4},"end":{"line":187,"column":null}},{"start":{"line":185,"column":4},"end":{"line":187,"column":null}}]},"18":{"loc":{"start":{"line":189,"column":4},"end":{"line":194,"column":null}},"type":"if","locations":[{"start":{"line":189,"column":4},"end":{"line":194,"column":null}},{"start":{"line":189,"column":4},"end":{"line":194,"column":null}}]},"19":{"loc":{"start":{"line":196,"column":4},"end":{"line":198,"column":null}},"type":"if","locations":[{"start":{"line":196,"column":4},"end":{"line":198,"column":null}},{"start":{"line":196,"column":4},"end":{"line":198,"column":null}}]},"20":{"loc":{"start":{"line":200,"column":4},"end":{"line":205,"column":null}},"type":"if","locations":[{"start":{"line":200,"column":4},"end":{"line":205,"column":null}},{"start":{"line":200,"column":4},"end":{"line":205,"column":null}}]},"21":{"loc":{"start":{"line":207,"column":4},"end":{"line":209,"column":null}},"type":"if","locations":[{"start":{"line":207,"column":4},"end":{"line":209,"column":null}},{"start":{"line":207,"column":4},"end":{"line":209,"column":null}}]},"22":{"loc":{"start":{"line":211,"column":4},"end":{"line":213,"column":null}},"type":"if","locations":[{"start":{"line":211,"column":4},"end":{"line":213,"column":null}},{"start":{"line":211,"column":4},"end":{"line":213,"column":null}}]},"23":{"loc":{"start":{"line":215,"column":4},"end":{"line":217,"column":null}},"type":"if","locations":[{"start":{"line":215,"column":4},"end":{"line":217,"column":null}},{"start":{"line":215,"column":4},"end":{"line":217,"column":null}}]},"24":{"loc":{"start":{"line":219,"column":4},"end":{"line":229,"column":null}},"type":"if","locations":[{"start":{"line":219,"column":4},"end":{"line":229,"column":null}},{"start":{"line":219,"column":4},"end":{"line":229,"column":null}}]},"25":{"loc":{"start":{"line":222,"column":10},"end":{"line":226,"column":null}},"type":"if","locations":[{"start":{"line":222,"column":10},"end":{"line":226,"column":null}},{"start":{"line":222,"column":10},"end":{"line":226,"column":null}}]}},"s":{"0":8,"1":8,"2":0,"3":0,"4":0,"5":0,"6":0,"7":0,"8":0,"9":0,"10":0,"11":0,"12":0,"13":0,"14":0,"15":0,"16":0,"17":0,"18":0,"19":0,"20":0,"21":0,"22":0,"23":0,"24":0,"25":0,"26":0,"27":0,"28":0,"29":0,"30":0,"31":0,"32":0,"33":0,"34":0,"35":0,"36":0,"37":14,"38":14,"39":1,"40":14,"41":14,"42":14,"43":2,"44":14,"45":1,"46":14,"47":1,"48":14,"49":0,"50":0,"51":14,"52":1,"53":14,"54":1,"55":14,"56":0,"57":14,"58":4,"59":8,"60":8,"61":12,"62":8,"63":4,"64":14,"65":20,"66":14,"67":14,"68":14,"69":20,"70":20,"71":14,"72":14,"73":14,"74":14,"75":7,"76":6,"77":6,"78":6,"79":4,"80":4,"81":3,"82":3,"83":8},"f":{"0":0,"1":0,"2":0,"3":0,"4":0,"5":14,"6":1,"7":0,"8":8,"9":20,"10":20,"11":7,"12":4,"13":3},"b":{"0":[0,0],"1":[0,0],"2":[0,0],"3":[0,0],"4":[0,0],"5":[0,0],"6":[0,0],"7":[0,0],"8":[0,0],"9":[0,0],"10":[0,0],"11":[0,0],"12":[0,0],"13":[13,1],"14":[14,14],"15":[14,0],"16":[1,13],"17":[2,12],"18":[1,13],"19":[1,13],"20":[0,14],"21":[1,13],"22":[1,13],"23":[0,14],"24":[4,10],"25":[8,4]}}
,"/home/runner/work/API/API/src/controllers/twitter/botController.ts": {"path":"/home/runner/work/API/API/src/controllers/twitter/botController.ts","statementMap":{"0":{"start":{"line":8,"column":0},"end":{"line":8,"column":null}},"1":{"start":{"line":15,"column":0},"end":{"line":15,"column":48}},"2":{"start":{"line":16,"column":0},"end":{"line":16,"column":38}},"3":{"start":{"line":26,"column":4},"end":{"line":26,"column":35}},"4":{"start":{"line":30,"column":4},"end":{"line":32,"column":7}},"5":{"start":{"line":48,"column":4},"end":{"line":71,"column":null}},"6":{"start":{"line":49,"column":19},"end":{"line":57,"column":null}},"7":{"start":{"line":59,"column":6},"end":{"line":68,"column":null}},"8":{"start":{"line":60,"column":26},"end":{"line":62,"column":31}},"9":{"start":{"line":60,"column":58},"end":{"line":60,"column":69}},"10":{"start":{"line":61,"column":22},"end":{"line":61,"column":33}},"11":{"start":{"line":63,"column":30},"end":{"line":65,"column":10}},"12":{"start":{"line":64,"column":10},"end":{"line":64,"column":62}},"13":{"start":{"line":66,"column":8},"end":{"line":66,"column":35}},"14":{"start":{"line":67,"column":8},"end":{"line":67,"column":29}},"15":{"start":{"line":70,"column":6},"end":{"line":70,"column":32}},"16":{"start":{"line":111,"column":4},"end":{"line":207,"column":null}},"17":{"start":{"line":112,"column":6},"end":{"line":133,"column":null}},"18":{"start":{"line":114,"column":21},"end":{"line":122,"column":null}},"19":{"start":{"line":124,"column":8},"end":{"line":124,"column":17}},"20":{"start":{"line":125,"column":8},"end":{"line":132,"column":null}},"21":{"start":{"line":126,"column":28},"end":{"line":128,"column":33}},"22":{"start":{"line":126,"column":60},"end":{"line":126,"column":71}},"23":{"start":{"line":127,"column":24},"end":{"line":127,"column":35}},"24":{"start":{"line":129,"column":10},"end":{"line":131,"column":64}},"25":{"start":{"line":130,"column":34},"end":{"line":130,"column":53}},"26":{"start":{"line":131,"column":31},"end":{"line":131,"column":50}},"27":{"start":{"line":135,"column":6},"end":{"line":142,"column":null}},"28":{"start":{"line":136,"column":8},"end":{"line":141,"column":10}},"29":{"start":{"line":146,"column":6},"end":{"line":178,"column":null}},"30":{"start":{"line":148,"column":10},"end":{"line":150,"column":30}},"31":{"start":{"line":151,"column":10},"end":{"line":156,"column":12}},"32":{"start":{"line":157,"column":10},"end":{"line":157,"column":16}},"33":{"start":{"line":159,"column":10},"end":{"line":163,"column":30}},"34":{"start":{"line":164,"column":10},"end":{"line":169,"column":12}},"35":{"start":{"line":170,"column":10},"end":{"line":170,"column":16}},"36":{"start":{"line":172,"column":10},"end":{"line":177,"column":12}},"37":{"start":{"line":180,"column":6},"end":{"line":180,"column":20}},"38":{"start":{"line":182,"column":6},"end":{"line":182,"column":23}},"39":{"start":{"line":183,"column":6},"end":{"line":206,"column":null}},"40":{"start":{"line":185,"column":10},"end":{"line":190,"column":12}},"41":{"start":{"line":192,"column":10},"end":{"line":198,"column":12}},"42":{"start":{"line":200,"column":10},"end":{"line":205,"column":12}},"43":{"start":{"line":24,"column":0},"end":{"line":24,"column":13}}},"fnMap":{"0":{"name":"(anonymous_0)","decl":{"start":{"line":25,"column":2},"end":{"line":25,"column":7}},"loc":{"start":{"line":25,"column":14},"end":{"line":27,"column":3}}},"1":{"name":"(anonymous_1)","decl":{"start":{"line":29,"column":2},"end":{"line":29,"column":7}},"loc":{"start":{"line":29,"column":38},"end":{"line":33,"column":3}}},"2":{"name":"(anonymous_2)","decl":{"start":{"line":47,"column":2},"end":{"line":47,"column":7}},"loc":{"start":{"line":47,"column":29},"end":{"line":72,"column":3}}},"3":{"name":"(anonymous_3)","decl":{"start":{"line":60,"column":51},"end":{"line":60,"column":52}},"loc":{"start":{"line":60,"column":58},"end":{"line":60,"column":69}}},"4":{"name":"(anonymous_4)","decl":{"start":{"line":61,"column":15},"end":{"line":61,"column":16}},"loc":{"start":{"line":61,"column":22},"end":{"line":61,"column":33}}},"5":{"name":"(anonymous_5)","decl":{"start":{"line":63,"column":44},"end":{"line":63,"column":45}},"loc":{"start":{"line":63,"column":50},"end":{"line":65,"column":9}}},"6":{"name":"(anonymous_6)","decl":{"start":{"line":107,"column":2},"end":{"line":107,"column":7}},"loc":{"start":{"line":109,"column":24},"end":{"line":208,"column":3}}},"7":{"name":"(anonymous_7)","decl":{"start":{"line":126,"column":53},"end":{"line":126,"column":54}},"loc":{"start":{"line":126,"column":60},"end":{"line":126,"column":71}}},"8":{"name":"(anonymous_8)","decl":{"start":{"line":127,"column":17},"end":{"line":127,"column":18}},"loc":{"start":{"line":127,"column":24},"end":{"line":127,"column":35}}},"9":{"name":"(anonymous_9)","decl":{"start":{"line":130,"column":20},"end":{"line":130,"column":21}},"loc":{"start":{"line":130,"column":34},"end":{"line":130,"column":53}}},"10":{"name":"(anonymous_10)","decl":{"start":{"line":131,"column":17},"end":{"line":131,"column":18}},"loc":{"start":{"line":131,"column":31},"end":{"line":131,"column":50}}}},"branchMap":{"0":{"loc":{"start":{"line":59,"column":6},"end":{"line":68,"column":null}},"type":"if","locations":[{"start":{"line":59,"column":6},"end":{"line":68,"column":null}},{"start":{"line":59,"column":6},"end":{"line":68,"column":null}}]},"1":{"loc":{"start":{"line":112,"column":6},"end":{"line":133,"column":null}},"type":"if","locations":[{"start":{"line":112,"column":6},"end":{"line":133,"column":null}},{"start":{"line":112,"column":6},"end":{"line":133,"column":null}}]},"2":{"loc":{"start":{"line":125,"column":8},"end":{"line":132,"column":null}},"type":"if","locations":[{"start":{"line":125,"column":8},"end":{"line":132,"column":null}},{"start":{"line":125,"column":8},"end":{"line":132,"column":null}}]},"3":{"loc":{"start":{"line":135,"column":6},"end":{"line":142,"column":null}},"type":"if","locations":[{"start":{"line":135,"column":6},"end":{"line":142,"column":null}},{"start":{"line":135,"column":6},"end":{"line":142,"column":null}}]},"4":{"loc":{"start":{"line":147,"column":8},"end":{"line":157,"column":16}},"type":"switch","locations":[{"start":{"line":147,"column":8},"end":{"line":157,"column":16}},{"start":{"line":158,"column":8},"end":{"line":170,"column":16}},{"start":{"line":171,"column":8},"end":{"line":177,"column":12}}]},"5":{"loc":{"start":{"line":184,"column":8},"end":{"line":190,"column":12}},"type":"switch","locations":[{"start":{"line":184,"column":8},"end":{"line":190,"column":12}},{"start":{"line":191,"column":8},"end":{"line":198,"column":12}},{"start":{"line":199,"column":8},"end":{"line":205,"column":12}}]}},"s":{"0":8,"1":8,"2":8,"3":1,"4":2,"5":0,"6":0,"7":0,"8":0,"9":0,"10":0,"11":0,"12":0,"13":0,"14":0,"15":0,"16":0,"17":0,"18":0,"19":0,"20":0,"21":0,"22":0,"23":0,"24":0,"25":0,"26":0,"27":0,"28":0,"29":0,"30":0,"31":0,"32":0,"33":0,"34":0,"35":0,"36":0,"37":0,"38":0,"39":0,"40":0,"41":0,"42":0,"43":8},"f":{"0":1,"1":2,"2":0,"3":0,"4":0,"5":0,"6":0,"7":0,"8":0,"9":0,"10":0},"b":{"0":[0,0],"1":[0,0],"2":[0,0],"3":[0,0],"4":[0,0,0],"5":[0,0,0]}}
,"/home/runner/work/API/API/src/controllers/twitter/statController.ts": {"path":"/home/runner/work/API/API/src/controllers/twitter/statController.ts","statementMap":{"0":{"start":{"line":8,"column":0},"end":{"line":8,"column":40}},"1":{"start":{"line":9,"column":0},"end":{"line":9,"column":null}},"2":{"start":{"line":29,"column":19},"end":{"line":29,"column":21}},"3":{"start":{"line":30,"column":17},"end":{"line":35,"column":19}},"4":{"start":{"line":36,"column":4},"end":{"line":39,"column":7}},"5":{"start":{"line":41,"column":4},"end":{"line":41,"column":15}},"6":{"start":{"line":56,"column":17},"end":{"line":62,"column":19}},"7":{"start":{"line":63,"column":4},"end":{"line":67,"column":7}},"8":{"start":{"line":64,"column":6},"end":{"line":66,"column":null}},"9":{"start":{"line":65,"column":8},"end":{"line":65,"column":34}},"10":{"start":{"line":68,"column":4},"end":{"line":68,"column":18}},"11":{"start":{"line":81,"column":17},"end":{"line":89,"column":19}},"12":{"start":{"line":91,"column":4},"end":{"line":95,"column":7}},"13":{"start":{"line":92,"column":6},"end":{"line":94,"column":null}},"14":{"start":{"line":93,"column":8},"end":{"line":93,"column":34}},"15":{"start":{"line":96,"column":4},"end":{"line":96,"column":24}},"16":{"start":{"line":97,"column":4},"end":{"line":97,"column":18}},"17":{"start":{"line":111,"column":16},"end":{"line":112,"column":null}},"18":{"start":{"line":114,"column":14},"end":{"line":115,"column":null}},"19":{"start":{"line":118,"column":31},"end":{"line":119,"column":16}},"20":{"start":{"line":120,"column":19},"end":{"line":129,"column":null}},"21":{"start":{"line":132,"column":4},"end":{"line":132,"column":18}},"22":{"start":{"line":142,"column":34},"end":{"line":146,"column":13}},"23":{"start":{"line":148,"column":32},"end":{"line":152,"column":11}},"24":{"start":{"line":154,"column":29},"end":{"line":158,"column":19}},"25":{"start":{"line":160,"column":21},"end":{"line":160,"column":57}},"26":{"start":{"line":162,"column":4},"end":{"line":168,"column":6}},"27":{"start":{"line":16,"column":0},"end":{"line":16,"column":13}}},"fnMap":{"0":{"name":"(anonymous_0)","decl":{"start":{"line":20,"column":2},"end":{"line":20,"column":7}},"loc":{"start":{"line":20,"column":27},"end":{"line":42,"column":3}}},"1":{"name":"(anonymous_1)","decl":{"start":{"line":50,"column":2},"end":{"line":50,"column":7}},"loc":{"start":{"line":50,"column":23},"end":{"line":69,"column":3}}},"2":{"name":"(anonymous_2)","decl":{"start":{"line":63,"column":19},"end":{"line":63,"column":20}},"loc":{"start":{"line":63,"column":25},"end":{"line":67,"column":5}}},"3":{"name":"(anonymous_3)","decl":{"start":{"line":74,"column":2},"end":{"line":74,"column":7}},"loc":{"start":{"line":74,"column":26},"end":{"line":98,"column":3}}},"4":{"name":"(anonymous_4)","decl":{"start":{"line":91,"column":19},"end":{"line":91,"column":20}},"loc":{"start":{"line":91,"column":25},"end":{"line":95,"column":5}}},"5":{"name":"(anonymous_5)","decl":{"start":{"line":103,"column":2},"end":{"line":103,"column":7}},"loc":{"start":{"line":104,"column":19},"end":{"line":133,"column":3}}},"6":{"name":"(anonymous_6)","decl":{"start":{"line":135,"column":2},"end":{"line":135,"column":7}},"loc":{"start":{"line":135,"column":18},"end":{"line":169,"column":3}}}},"branchMap":{"0":{"loc":{"start":{"line":64,"column":6},"end":{"line":66,"column":null}},"type":"if","locations":[{"start":{"line":64,"column":6},"end":{"line":66,"column":null}},{"start":{"line":64,"column":6},"end":{"line":66,"column":null}}]},"1":{"loc":{"start":{"line":92,"column":6},"end":{"line":94,"column":null}},"type":"if","locations":[{"start":{"line":92,"column":6},"end":{"line":94,"column":null}},{"start":{"line":92,"column":6},"end":{"line":94,"column":null}}]}},"s":{"0":8,"1":8,"2":1,"3":1,"4":1,"5":1,"6":1,"7":1,"8":4,"9":1,"10":1,"11":0,"12":0,"13":0,"14":0,"15":0,"16":0,"17":1,"18":1,"19":1,"20":1,"21":1,"22":1,"23":1,"24":1,"25":1,"26":1,"27":8},"f":{"0":1,"1":1,"2":4,"3":0,"4":0,"5":1,"6":1},"b":{"0":[1,3],"1":[0,0]}}
,"/home/runner/work/API/API/src/controllers/twitter/tagController.ts": {"path":"/home/runner/work/API/API/src/controllers/twitter/tagController.ts","statementMap":{"0":{"start":{"line":8,"column":0},"end":{"line":8,"column":38}},"1":{"start":{"line":12,"column":4},"end":{"line":12,"column":35}},"2":{"start":{"line":16,"column":4},"end":{"line":18,"column":7}},"3":{"start":{"line":22,"column":4},"end":{"line":24,"column":7}},"4":{"start":{"line":28,"column":19},"end":{"line":30,"column":6}},"5":{"start":{"line":31,"column":4},"end":{"line":31,"column":41}},"6":{"start":{"line":10,"column":0},"end":{"line":10,"column":13}}},"fnMap":{"0":{"name":"(anonymous_0)","decl":{"start":{"line":11,"column":2},"end":{"line":11,"column":7}},"loc":{"start":{"line":11,"column":14},"end":{"line":13,"column":3}}},"1":{"name":"(anonymous_1)","decl":{"start":{"line":15,"column":2},"end":{"line":15,"column":7}},"loc":{"start":{"line":15,"column":26},"end":{"line":19,"column":3}}},"2":{"name":"(anonymous_2)","decl":{"start":{"line":21,"column":2},"end":{"line":21,"column":7}},"loc":{"start":{"line":21,"column":30},"end":{"line":25,"column":3}}},"3":{"name":"(anonymous_3)","decl":{"start":{"line":27,"column":2},"end":{"line":27,"column":7}},"loc":{"start":{"line":27,"column":30},"end":{"line":32,"column":3}}}},"branchMap":{},"s":{"0":8,"1":11,"2":2,"3":0,"4":3,"5":3,"6":8},"f":{"0":11,"1":2,"2":0,"3":3},"b":{}}
,"/home/runner/work/API/API/src/helpers/dbConnection.ts": {"path":"/home/runner/work/API/API/src/helpers/dbConnection.ts","statementMap":{"0":{"start":{"line":8,"column":0},"end":{"line":8,"column":70}},"1":{"start":{"line":9,"column":0},"end":{"line":9,"column":44}},"2":{"start":{"line":11,"column":25},"end":{"line":30,"column":1}},"3":{"start":{"line":13,"column":2},"end":{"line":15,"column":16}},"4":{"start":{"line":14,"column":4},"end":{"line":14,"column":33}},"5":{"start":{"line":17,"column":2},"end":{"line":29,"column":null}},"6":{"start":{"line":18,"column":4},"end":{"line":24,"column":null}},"7":{"start":{"line":19,"column":6},"end":{"line":21,"column":null}},"8":{"start":{"line":20,"column":8},"end":{"line":20,"column":42}},"9":{"start":{"line":23,"column":6},"end":{"line":23,"column":47}},"10":{"start":{"line":25,"column":4},"end":{"line":25,"column":55}},"11":{"start":{"line":27,"column":4},"end":{"line":27,"column":60}},"12":{"start":{"line":28,"column":4},"end":{"line":28,"column":12}},"13":{"start":{"line":11,"column":13},"end":{"line":11,"column":25}},"14":{"start":{"line":32,"column":28},"end":{"line":41,"column":1}},"15":{"start":{"line":33,"column":2},"end":{"line":40,"column":null}},"16":{"start":{"line":34,"column":4},"end":{"line":34,"column":22}},"17":{"start":{"line":35,"column":4},"end":{"line":37,"column":null}},"18":{"start":{"line":36,"column":6},"end":{"line":36,"column":13}},"19":{"start":{"line":39,"column":4},"end":{"line":39,"column":14}},"20":{"start":{"line":32,"column":13},"end":{"line":32,"column":28}}},"fnMap":{"0":{"name":"(anonymous_1)","decl":{"start":{"line":11,"column":25},"end":{"line":11,"column":30}},"loc":{"start":{"line":11,"column":36},"end":{"line":30,"column":1}}},"1":{"name":"(anonymous_2)","decl":{"start":{"line":32,"column":28},"end":{"line":32,"column":33}},"loc":{"start":{"line":32,"column":73},"end":{"line":41,"column":1}}}},"branchMap":{"0":{"loc":{"start":{"line":18,"column":4},"end":{"line":24,"column":null}},"type":"if","locations":[{"start":{"line":18,"column":4},"end":{"line":24,"column":null}},{"start":{"line":18,"column":4},"end":{"line":24,"column":null}}]},"1":{"loc":{"start":{"line":19,"column":6},"end":{"line":21,"column":null}},"type":"if","locations":[{"start":{"line":19,"column":6},"end":{"line":21,"column":null}},{"start":{"line":19,"column":6},"end":{"line":21,"column":null}}]},"2":{"loc":{"start":{"line":35,"column":4},"end":{"line":37,"column":null}},"type":"if","locations":[{"start":{"line":35,"column":4},"end":{"line":37,"column":null}},{"start":{"line":35,"column":4},"end":{"line":37,"column":null}}]}},"s":{"0":8,"1":8,"2":8,"3":91,"4":91,"5":91,"6":91,"7":91,"8":0,"9":0,"10":91,"11":0,"12":0,"13":8,"14":8,"15":91,"16":91,"17":91,"18":91,"19":0,"20":8},"f":{"0":91,"1":91},"b":{"0":[91,0],"1":[0,91],"2":[91,0]}}
,"/home/runner/work/API/API/src/helpers/ec2Client.ts": {"path":"/home/runner/work/API/API/src/helpers/ec2Client.ts","statementMap":{"0":{"start":{"line":8,"column":0},"end":{"line":8,"column":48}},"1":{"start":{"line":9,"column":12},"end":{"line":9,"column":23}},"2":{"start":{"line":12,"column":15},"end":{"line":12,"column":29}},"3":{"start":{"line":15,"column":13},"end":{"line":15,"column":59}}},"fnMap":{},"branchMap":{},"s":{"0":8,"1":8,"2":8,"3":8},"f":{},"b":{}}
,"/home/runner/work/API/API/src/helpers/paginate.ts": {"path":"/home/runner/work/API/API/src/helpers/paginate.ts","statementMap":{"0":{"start":{"line":22,"column":4},"end":{"line":30,"column":6}},"1":{"start":{"line":23,"column":6},"end":{"line":28,"column":null}},"2":{"start":{"line":24,"column":8},"end":{"line":24,"column":40}},"3":{"start":{"line":25,"column":8},"end":{"line":27,"column":null}},"4":{"start":{"line":26,"column":10},"end":{"line":26,"column":45}},"5":{"start":{"line":29,"column":6},"end":{"line":29,"column":13}},"6":{"start":{"line":49,"column":16},"end":{"line":55,"column":6}},"7":{"start":{"line":56,"column":22},"end":{"line":56,"column":37}},"8":{"start":{"line":58,"column":4},"end":{"line":64,"column":null}},"9":{"start":{"line":59,"column":6},"end":{"line":63,"column":null}},"10":{"start":{"line":60,"column":8},"end":{"line":60,"column":48}},"11":{"start":{"line":62,"column":8},"end":{"line":62,"column":48}},"12":{"start":{"line":65,"column":4},"end":{"line":67,"column":null}},"13":{"start":{"line":66,"column":6},"end":{"line":66,"column":52}},"14":{"start":{"line":70,"column":4},"end":{"line":70,"column":29}},"15":{"start":{"line":72,"column":4},"end":{"line":72,"column":70}},"16":{"start":{"line":74,"column":4},"end":{"line":77,"column":6}},"17":{"start":{"line":79,"column":23},"end":{"line":79,"column":37}},"18":{"start":{"line":80,"column":4},"end":{"line":87,"column":null}},"19":{"start":{"line":81,"column":6},"end":{"line":84,"column":8}},"20":{"start":{"line":86,"column":6},"end":{"line":86,"column":31}},"21":{"start":{"line":89,"column":27},"end":{"line":89,"column":41}},"22":{"start":{"line":90,"column":4},"end":{"line":97,"column":null}},"23":{"start":{"line":91,"column":6},"end":{"line":94,"column":8}},"24":{"start":{"line":96,"column":6},"end":{"line":96,"column":35}},"25":{"start":{"line":99,"column":4},"end":{"line":105,"column":6}},"26":{"start":{"line":108,"column":0},"end":{"line":108,"column":30}}},"fnMap":{"0":{"name":"(anonymous_0)","decl":{"start":{"line":21,"column":2},"end":{"line":21,"column":12}},"loc":{"start":{"line":21,"column":44},"end":{"line":31,"column":3}}},"1":{"name":"(anonymous_1)","decl":{"start":{"line":22,"column":11},"end":{"line":22,"column":12}},"loc":{"start":{"line":22,"column":63},"end":{"line":30,"column":5}}},"2":{"name":"(anonymous_2)","decl":{"start":{"line":42,"column":2},"end":{"line":42,"column":13}},"loc":{"start":{"line":47,"column":23},"end":{"line":106,"column":3}}}},"branchMap":{"0":{"loc":{"start":{"line":23,"column":6},"end":{"line":28,"column":null}},"type":"if","locations":[{"start":{"line":23,"column":6},"end":{"line":28,"column":null}},{"start":{"line":23,"column":6},"end":{"line":28,"column":null}}]},"1":{"loc":{"start":{"line":25,"column":8},"end":{"line":27,"column":null}},"type":"if","locations":[{"start":{"line":25,"column":8},"end":{"line":27,"column":null}},{"start":{"line":25,"column":8},"end":{"line":27,"column":null}}]},"2":{"loc":{"start":{"line":58,"column":4},"end":{"line":64,"column":null}},"type":"if","locations":[{"start":{"line":58,"column":4},"end":{"line":64,"column":null}},{"start":{"line":58,"column":4},"end":{"line":64,"column":null}}]},"3":{"loc":{"start":{"line":59,"column":6},"end":{"line":63,"column":null}},"type":"if","locations":[{"start":{"line":59,"column":6},"end":{"line":63,"column":null}},{"start":{"line":59,"column":6},"end":{"line":63,"column":null}}]},"4":{"loc":{"start":{"line":65,"column":4},"end":{"line":67,"column":null}},"type":"if","locations":[{"start":{"line":65,"column":4},"end":{"line":67,"column":null}},{"start":{"line":65,"column":4},"end":{"line":67,"column":null}}]},"5":{"loc":{"start":{"line":80,"column":4},"end":{"line":87,"column":null}},"type":"if","locations":[{"start":{"line":80,"column":4},"end":{"line":87,"column":null}},{"start":{"line":80,"column":4},"end":{"line":87,"column":null}}]},"6":{"loc":{"start":{"line":90,"column":4},"end":{"line":97,"column":null}},"type":"if","locations":[{"start":{"line":90,"column":4},"end":{"line":97,"column":null}},{"start":{"line":90,"column":4},"end":{"line":97,"column":null}}]}},"s":{"0":16,"1":24,"2":18,"3":18,"4":0,"5":24,"6":24,"7":24,"8":24,"9":22,"10":4,"11":18,"12":24,"13":18,"14":24,"15":24,"16":24,"17":24,"18":24,"19":4,"20":20,"21":24,"22":24,"23":2,"24":22,"25":24,"26":8},"f":{"0":16,"1":24,"2":24},"b":{"0":[18,6],"1":[0,18],"2":[22,2],"3":[4,18],"4":[18,6],"5":[4,20],"6":[2,22]}}
,"/home/runner/work/API/API/src/models/GoogleAd.ts": {"path":"/home/runner/work/API/API/src/models/GoogleAd.ts","statementMap":{"0":{"start":{"line":8,"column":0},"end":{"line":8,"column":null}},"1":{"start":{"line":18,"column":0},"end":{"line":18,"column":43}},"2":{"start":{"line":25,"column":0},"end":{"line":75,"column":null}},"3":{"start":{"line":66,"column":4},"end":{"line":66,"column":29}},"4":{"start":{"line":66,"column":22},"end":{"line":66,"column":29}},"5":{"start":{"line":70,"column":4},"end":{"line":70,"column":54}},"6":{"start":{"line":70,"column":43},"end":{"line":70,"column":52}},"7":{"start":{"line":73,"column":4},"end":{"line":73,"column":23}},"8":{"start":{"line":27,"column":2},"end":{"line":27,"column":null}},"9":{"start":{"line":31,"column":2},"end":{"line":31,"column":null}},"10":{"start":{"line":29,"column":19},"end":{"line":29,"column":28}},"11":{"start":{"line":29,"column":39},"end":{"line":29,"column":46}},"12":{"start":{"line":34,"column":2},"end":{"line":34,"column":null}},"13":{"start":{"line":39,"column":2},"end":{"line":39,"column":null}},"14":{"start":{"line":37,"column":19},"end":{"line":37,"column":38}},"15":{"start":{"line":42,"column":2},"end":{"line":42,"column":null}},"16":{"start":{"line":45,"column":2},"end":{"line":45,"column":null}},"17":{"start":{"line":48,"column":2},"end":{"line":48,"column":null}},"18":{"start":{"line":51,"column":2},"end":{"line":51,"column":null}},"19":{"start":{"line":54,"column":2},"end":{"line":54,"column":null}},"20":{"start":{"line":57,"column":2},"end":{"line":57,"column":null}},"21":{"start":{"line":60,"column":2},"end":{"line":60,"column":null}},"22":{"start":{"line":59,"column":19},"end":{"line":59,"column":30}},"23":{"start":{"line":59,"column":45},"end":{"line":59,"column":55}},"24":{"start":{"line":65,"column":2},"end":{"line":74,"column":null}},"25":{"start":{"line":25,"column":13},"end":{"line":75,"column":null}},"26":{"start":{"line":25,"column":13},"end":{"line":25,"column":21}}},"fnMap":{"0":{"name":"(anonymous_2)","decl":{"start":{"line":65,"column":10},"end":{"line":65,"column":17}},"loc":{"start":{"line":65,"column":17},"end":{"line":74,"column":3}}},"1":{"name":"(anonymous_3)","decl":{"start":{"line":70,"column":32},"end":{"line":70,"column":33}},"loc":{"start":{"line":70,"column":43},"end":{"line":70,"column":52}}},"2":{"name":"(anonymous_4)","decl":{"start":{"line":29,"column":13},"end":{"line":29,"column":16}},"loc":{"start":{"line":29,"column":19},"end":{"line":29,"column":28}}},"3":{"name":"(anonymous_5)","decl":{"start":{"line":29,"column":30},"end":{"line":29,"column":31}},"loc":{"start":{"line":29,"column":39},"end":{"line":29,"column":46}}},"4":{"name":"(anonymous_6)","decl":{"start":{"line":37,"column":13},"end":{"line":37,"column":16}},"loc":{"start":{"line":37,"column":19},"end":{"line":37,"column":38}}},"5":{"name":"(anonymous_7)","decl":{"start":{"line":59,"column":13},"end":{"line":59,"column":16}},"loc":{"start":{"line":59,"column":19},"end":{"line":59,"column":30}}},"6":{"name":"(anonymous_8)","decl":{"start":{"line":59,"column":32},"end":{"line":59,"column":33}},"loc":{"start":{"line":59,"column":45},"end":{"line":59,"column":55}}}},"branchMap":{"0":{"loc":{"start":{"line":66,"column":4},"end":{"line":66,"column":29}},"type":"if","locations":[{"start":{"line":66,"column":4},"end":{"line":66,"column":29}},{"start":{"line":66,"column":4},"end":{"line":66,"column":29}}]}},"s":{"0":8,"1":8,"2":8,"3":43,"4":19,"5":24,"6":26,"7":24,"8":8,"9":8,"10":8,"11":8,"12":8,"13":8,"14":24,"15":8,"16":8,"17":8,"18":8,"19":8,"20":8,"21":8,"22":8,"23":8,"24":8,"25":8,"26":8},"f":{"0":43,"1":26,"2":8,"3":8,"4":24,"5":8,"6":8},"b":{"0":[19,24]}}
,"/home/runner/work/API/API/src/models/GoogleAdTag.ts": {"path":"/home/runner/work/API/API/src/models/GoogleAdTag.ts","statementMap":{"0":{"start":{"line":7,"column":0},"end":{"line":7,"column":null}},"1":{"start":{"line":14,"column":0},"end":{"line":14,"column":40}},"2":{"start":{"line":20,"column":0},"end":{"line":34,"column":null}},"3":{"start":{"line":22,"column":2},"end":{"line":22,"column":null}},"4":{"start":{"line":25,"column":2},"end":{"line":25,"column":null}},"5":{"start":{"line":29,"column":2},"end":{"line":29,"column":null}},"6":{"start":{"line":27,"column":19},"end":{"line":27,"column":27}},"7":{"start":{"line":27,"column":37},"end":{"line":27,"column":46}},"8":{"start":{"line":33,"column":2},"end":{"line":33,"column":null}},"9":{"start":{"line":31,"column":19},"end":{"line":31,"column":28}},"10":{"start":{"line":31,"column":39},"end":{"line":31,"column":49}},"11":{"start":{"line":20,"column":13},"end":{"line":34,"column":null}},"12":{"start":{"line":20,"column":13},"end":{"line":20,"column":24}}},"fnMap":{"0":{"name":"(anonymous_2)","decl":{"start":{"line":27,"column":13},"end":{"line":27,"column":16}},"loc":{"start":{"line":27,"column":19},"end":{"line":27,"column":27}}},"1":{"name":"(anonymous_3)","decl":{"start":{"line":27,"column":29},"end":{"line":27,"column":30}},"loc":{"start":{"line":27,"column":37},"end":{"line":27,"column":46}}},"2":{"name":"(anonymous_4)","decl":{"start":{"line":31,"column":13},"end":{"line":31,"column":16}},"loc":{"start":{"line":31,"column":19},"end":{"line":31,"column":28}}},"3":{"name":"(anonymous_5)","decl":{"start":{"line":31,"column":30},"end":{"line":31,"column":31}},"loc":{"start":{"line":31,"column":39},"end":{"line":31,"column":49}}}},"branchMap":{},"s":{"0":8,"1":8,"2":8,"3":8,"4":8,"5":8,"6":8,"7":8,"8":8,"9":8,"10":8,"11":8,"12":8},"f":{"0":8,"1":8,"2":8,"3":8},"b":{}}
,"/home/runner/work/API/API/src/models/GoogleBot.ts": {"path":"/home/runner/work/API/API/src/models/GoogleBot.ts","statementMap":{"0":{"start":{"line":7,"column":0},"end":{"line":7,"column":null}},"1":{"start":{"line":14,"column":0},"end":{"line":14,"column":29}},"2":{"start":{"line":20,"column":0},"end":{"line":70,"column":null}},"3":{"start":{"line":22,"column":2},"end":{"line":22,"column":null}},"4":{"start":{"line":25,"column":2},"end":{"line":25,"column":null}},"5":{"start":{"line":28,"column":2},"end":{"line":28,"column":null}},"6":{"start":{"line":31,"column":2},"end":{"line":31,"column":null}},"7":{"start":{"line":34,"column":2},"end":{"line":34,"column":null}},"8":{"start":{"line":37,"column":2},"end":{"line":37,"column":null}},"9":{"start":{"line":41,"column":2},"end":{"line":41,"column":null}},"10":{"start":{"line":44,"column":2},"end":{"line":44,"column":null}},"11":{"start":{"line":48,"column":2},"end":{"line":48,"column":null}},"12":{"start":{"line":52,"column":2},"end":{"line":52,"column":null}},"13":{"start":{"line":55,"column":2},"end":{"line":55,"column":null}},"14":{"start":{"line":66,"column":2},"end":{"line":66,"column":null}},"15":{"start":{"line":69,"column":2},"end":{"line":69,"column":null}},"16":{"start":{"line":68,"column":19},"end":{"line":68,"column":27}},"17":{"start":{"line":68,"column":37},"end":{"line":68,"column":43}},"18":{"start":{"line":20,"column":13},"end":{"line":70,"column":null}},"19":{"start":{"line":20,"column":13},"end":{"line":20,"column":22}}},"fnMap":{"0":{"name":"(anonymous_2)","decl":{"start":{"line":68,"column":13},"end":{"line":68,"column":16}},"loc":{"start":{"line":68,"column":19},"end":{"line":68,"column":27}}},"1":{"name":"(anonymous_3)","decl":{"start":{"line":68,"column":29},"end":{"line":68,"column":30}},"loc":{"start":{"line":68,"column":37},"end":{"line":68,"column":43}}}},"branchMap":{},"s":{"0":8,"1":8,"2":8,"3":8,"4":8,"5":8,"6":8,"7":8,"8":8,"9":8,"10":8,"11":8,"12":8,"13":8,"14":8,"15":8,"16":8,"17":8,"18":8,"19":8},"f":{"0":8,"1":8},"b":{}}
,"/home/runner/work/API/API/src/models/GoogleTag.ts": {"path":"/home/runner/work/API/API/src/models/GoogleTag.ts","statementMap":{"0":{"start":{"line":7,"column":0},"end":{"line":7,"column":null}},"1":{"start":{"line":18,"column":0},"end":{"line":18,"column":32}},"2":{"start":{"line":26,"column":22},"end":{"line":70,"column":null}},"3":{"start":{"line":42,"column":4},"end":{"line":42,"column":29}},"4":{"start":{"line":42,"column":22},"end":{"line":42,"column":29}},"5":{"start":{"line":43,"column":4},"end":{"line":43,"column":52}},"6":{"start":{"line":43,"column":42},"end":{"line":43,"column":50}},"7":{"start":{"line":46,"column":4},"end":{"line":46,"column":23}},"8":{"start":{"line":47,"column":4},"end":{"line":47,"column":11}},"9":{"start":{"line":59,"column":22},"end":{"line":59,"column":66}},"10":{"start":{"line":61,"column":16},"end":{"line":67,"column":null}},"11":{"start":{"line":28,"column":2},"end":{"line":28,"column":null}},"12":{"start":{"line":31,"column":2},"end":{"line":31,"column":null}},"13":{"start":{"line":34,"column":2},"end":{"line":34,"column":null}},"14":{"start":{"line":33,"column":19},"end":{"line":33,"column":30}},"15":{"start":{"line":33,"column":45},"end":{"line":33,"column":56}},"16":{"start":{"line":39,"column":2},"end":{"line":48,"column":null}},"17":{"start":{"line":51,"column":2},"end":{"line":69,"column":null}},"18":{"start":{"line":26,"column":13},"end":{"line":70,"column":null}},"19":{"start":{"line":26,"column":13},"end":{"line":26,"column":22}}},"fnMap":{"0":{"name":"(anonymous_2)","decl":{"start":{"line":39,"column":10},"end":{"line":39,"column":16}},"loc":{"start":{"line":39,"column":16},"end":{"line":48,"column":3}}},"1":{"name":"(anonymous_3)","decl":{"start":{"line":43,"column":31},"end":{"line":43,"column":32}},"loc":{"start":{"line":43,"column":42},"end":{"line":43,"column":50}}},"2":{"name":"(anonymous_4)","decl":{"start":{"line":51,"column":10},"end":{"line":51,"column":15}},"loc":{"start":{"line":51,"column":38},"end":{"line":69,"column":3}}},"3":{"name":"(anonymous_5)","decl":{"start":{"line":33,"column":13},"end":{"line":33,"column":16}},"loc":{"start":{"line":33,"column":19},"end":{"line":33,"column":30}}},"4":{"name":"(anonymous_6)","decl":{"start":{"line":33,"column":32},"end":{"line":33,"column":33}},"loc":{"start":{"line":33,"column":45},"end":{"line":33,"column":56}}}},"branchMap":{"0":{"loc":{"start":{"line":42,"column":4},"end":{"line":42,"column":29}},"type":"if","locations":[{"start":{"line":42,"column":4},"end":{"line":42,"column":29}},{"start":{"line":42,"column":4},"end":{"line":42,"column":29}}]}},"s":{"0":8,"1":8,"2":8,"3":59,"4":59,"5":0,"6":0,"7":0,"8":0,"9":87,"10":87,"11":8,"12":8,"13":8,"14":8,"15":8,"16":8,"17":8,"18":8,"19":8},"f":{"0":59,"1":0,"2":87,"3":8,"4":8},"b":{"0":[59,0]}}
,"/home/runner/work/API/API/src/models/TwitterAd.ts": {"path":"/home/runner/work/API/API/src/models/TwitterAd.ts","statementMap":{"0":{"start":{"line":7,"column":0},"end":{"line":7,"column":null}},"1":{"start":{"line":16,"column":0},"end":{"line":16,"column":65}},"2":{"start":{"line":18,"column":0},"end":{"line":18,"column":null}},"3":{"start":{"line":19,"column":2},"end":{"line":19,"column":null}},"4":{"start":{"line":20,"column":2},"end":{"line":20,"column":null}},"5":{"start":{"line":21,"column":2},"end":{"line":21,"column":null}},"6":{"start":{"line":31,"column":0},"end":{"line":76,"column":null}},"7":{"start":{"line":67,"column":4},"end":{"line":67,"column":29}},"8":{"start":{"line":67,"column":22},"end":{"line":67,"column":29}},"9":{"start":{"line":71,"column":4},"end":{"line":71,"column":54}},"10":{"start":{"line":71,"column":43},"end":{"line":71,"column":52}},"11":{"start":{"line":74,"column":4},"end":{"line":74,"column":23}},"12":{"start":{"line":33,"column":2},"end":{"line":33,"column":null}},"13":{"start":{"line":36,"column":2},"end":{"line":36,"column":null}},"14":{"start":{"line":39,"column":2},"end":{"line":39,"column":null}},"15":{"start":{"line":42,"column":2},"end":{"line":42,"column":null}},"16":{"start":{"line":45,"column":2},"end":{"line":45,"column":null}},"17":{"start":{"line":48,"column":2},"end":{"line":48,"column":null}},"18":{"start":{"line":51,"column":2},"end":{"line":51,"column":null}},"19":{"start":{"line":50,"column":19},"end":{"line":50,"column":31}},"20":{"start":{"line":50,"column":46},"end":{"line":50,"column":56}},"21":{"start":{"line":56,"column":2},"end":{"line":56,"column":null}},"22":{"start":{"line":55,"column":19},"end":{"line":55,"column":37}},"23":{"start":{"line":55,"column":52},"end":{"line":55,"column":62}},"24":{"start":{"line":63,"column":2},"end":{"line":63,"column":null}},"25":{"start":{"line":66,"column":2},"end":{"line":75,"column":null}},"26":{"start":{"line":31,"column":13},"end":{"line":76,"column":null}},"27":{"start":{"line":31,"column":13},"end":{"line":31,"column":22}}},"fnMap":{"0":{"name":"(anonymous_2)","decl":{"start":{"line":18,"column":0},"end":{"line":18,"column":12}},"loc":{"start":{"line":18,"column":25},"end":{"line":22,"column":1}}},"1":{"name":"(anonymous_3)","decl":{"start":{"line":66,"column":10},"end":{"line":66,"column":17}},"loc":{"start":{"line":66,"column":17},"end":{"line":75,"column":3}}},"2":{"name":"(anonymous_4)","decl":{"start":{"line":71,"column":32},"end":{"line":71,"column":33}},"loc":{"start":{"line":71,"column":43},"end":{"line":71,"column":52}}},"3":{"name":"(anonymous_5)","decl":{"start":{"line":50,"column":13},"end":{"line":50,"column":16}},"loc":{"start":{"line":50,"column":19},"end":{"line":50,"column":31}}},"4":{"name":"(anonymous_6)","decl":{"start":{"line":50,"column":33},"end":{"line":50,"column":34}},"loc":{"start":{"line":50,"column":46},"end":{"line":50,"column":56}}},"5":{"name":"(anonymous_7)","decl":{"start":{"line":55,"column":13},"end":{"line":55,"column":16}},"loc":{"start":{"line":55,"column":19},"end":{"line":55,"column":37}}},"6":{"name":"(anonymous_8)","decl":{"start":{"line":55,"column":39},"end":{"line":55,"column":40}},"loc":{"start":{"line":55,"column":52},"end":{"line":55,"column":62}}}},"branchMap":{"0":{"loc":{"start":{"line":18,"column":12},"end":{"line":18,"column":25}},"type":"binary-expr","locations":[{"start":{"line":18,"column":12},"end":{"line":18,"column":25}},{"start":{"line":18,"column":12},"end":{"line":18,"column":null}}]},"1":{"loc":{"start":{"line":67,"column":4},"end":{"line":67,"column":29}},"type":"if","locations":[{"start":{"line":67,"column":4},"end":{"line":67,"column":29}},{"start":{"line":67,"column":4},"end":{"line":67,"column":29}}]}},"s":{"0":8,"1":8,"2":8,"3":8,"4":8,"5":8,"6":8,"7":46,"8":20,"9":26,"10":30,"11":26,"12":8,"13":8,"14":8,"15":8,"16":8,"17":8,"18":8,"19":8,"20":8,"21":8,"22":8,"23":8,"24":8,"25":8,"26":8,"27":8},"f":{"0":8,"1":46,"2":30,"3":8,"4":8,"5":8,"6":8},"b":{"0":[8,8],"1":[20,26]}}
,"/home/runner/work/API/API/src/models/TwitterAdSeenByBot.ts": {"path":"/home/runner/work/API/API/src/models/TwitterAdSeenByBot.ts","statementMap":{"0":{"start":{"line":7,"column":0},"end":{"line":7,"column":null}},"1":{"start":{"line":16,"column":0},"end":{"line":16,"column":42}},"2":{"start":{"line":25,"column":0},"end":{"line":65,"column":null}},"3":{"start":{"line":53,"column":4},"end":{"line":53,"column":25}},"4":{"start":{"line":53,"column":18},"end":{"line":53,"column":25}},"5":{"start":{"line":57,"column":24},"end":{"line":57,"column":38}},"6":{"start":{"line":58,"column":4},"end":{"line":58,"column":21}},"7":{"start":{"line":59,"column":4},"end":{"line":59,"column":32}},"8":{"start":{"line":60,"column":4},"end":{"line":60,"column":22}},"9":{"start":{"line":63,"column":4},"end":{"line":63,"column":19}},"10":{"start":{"line":27,"column":2},"end":{"line":27,"column":null}},"11":{"start":{"line":31,"column":2},"end":{"line":31,"column":null}},"12":{"start":{"line":29,"column":19},"end":{"line":29,"column":28}},"13":{"start":{"line":29,"column":38},"end":{"line":29,"column":46}},"14":{"start":{"line":35,"column":2},"end":{"line":35,"column":null}},"15":{"start":{"line":39,"column":2},"end":{"line":39,"column":null}},"16":{"start":{"line":37,"column":19},"end":{"line":37,"column":29}},"17":{"start":{"line":37,"column":40},"end":{"line":37,"column":49}},"18":{"start":{"line":43,"column":2},"end":{"line":43,"column":null}},"19":{"start":{"line":49,"column":2},"end":{"line":49,"column":null}},"20":{"start":{"line":46,"column":19},"end":{"line":46,"column":38}},"21":{"start":{"line":52,"column":2},"end":{"line":64,"column":null}},"22":{"start":{"line":25,"column":13},"end":{"line":65,"column":null}},"23":{"start":{"line":25,"column":13},"end":{"line":25,"column":31}}},"fnMap":{"0":{"name":"(anonymous_2)","decl":{"start":{"line":52,"column":10},"end":{"line":52,"column":17}},"loc":{"start":{"line":52,"column":17},"end":{"line":64,"column":3}}},"1":{"name":"(anonymous_3)","decl":{"start":{"line":29,"column":13},"end":{"line":29,"column":16}},"loc":{"start":{"line":29,"column":19},"end":{"line":29,"column":28}}},"2":{"name":"(anonymous_4)","decl":{"start":{"line":29,"column":30},"end":{"line":29,"column":31}},"loc":{"start":{"line":29,"column":38},"end":{"line":29,"column":46}}},"3":{"name":"(anonymous_5)","decl":{"start":{"line":37,"column":13},"end":{"line":37,"column":16}},"loc":{"start":{"line":37,"column":19},"end":{"line":37,"column":29}}},"4":{"name":"(anonymous_6)","decl":{"start":{"line":37,"column":31},"end":{"line":37,"column":32}},"loc":{"start":{"line":37,"column":40},"end":{"line":37,"column":49}}},"5":{"name":"(anonymous_7)","decl":{"start":{"line":46,"column":13},"end":{"line":46,"column":16}},"loc":{"start":{"line":46,"column":19},"end":{"line":46,"column":38}}}},"branchMap":{"0":{"loc":{"start":{"line":53,"column":4},"end":{"line":53,"column":25}},"type":"if","locations":[{"start":{"line":53,"column":4},"end":{"line":53,"column":25}},{"start":{"line":53,"column":4},"end":{"line":53,"column":25}}]}},"s":{"0":8,"1":8,"2":8,"3":27,"4":27,"5":0,"6":0,"7":0,"8":0,"9":0,"10":8,"11":8,"12":8,"13":8,"14":8,"15":8,"16":8,"17":8,"18":8,"19":8,"20":24,"21":8,"22":8,"23":8},"f":{"0":27,"1":8,"2":8,"3":8,"4":8,"5":24},"b":{"0":[27,0]}}
[...]
ne":116,"column":6},"end":{"line":116,"column":45}},"34":{"start":{"line":118,"column":6},"end":{"line":118,"column":16}}},"fnMap":{"0":{"name":"(anonymous_1)","decl":{"start":{"line":17,"column":2},"end":{"line":17,"column":7}},"loc":{"start":{"line":17,"column":40},"end":{"line":85,"column":3}}},"1":{"name":"(anonymous_2)","decl":{"start":{"line":88,"column":19},"end":{"line":88,"column":24}},"loc":{"start":{"line":88,"column":77},"end":{"line":95,"column":1}}},"2":{"name":"(anonymous_3)","decl":{"start":{"line":99,"column":2},"end":{"line":99,"column":7}},"loc":{"start":{"line":99,"column":60},"end":{"line":107,"column":3}}},"3":{"name":"(anonymous_4)","decl":{"start":{"line":112,"column":2},"end":{"line":112,"column":7}},"loc":{"start":{"line":112,"column":60},"end":{"line":120,"column":3}}}},"branchMap":{"0":{"loc":{"start":{"line":35,"column":23},"end":{"line":35,"column":49}},"type":"cond-expr","locations":[{"start":{"line":35,"column":23},"end":{"line":35,"column":49}},{"start":{"line":35,"column":52},"end":{"line":35,"column":53}}]},"1":{"loc":{"start":{"line":36,"column":21},"end":{"line":36,"column":46}},"type":"cond-expr","locations":[{"start":{"line":36,"column":21},"end":{"line":36,"column":46}},{"start":{"line":36,"column":49},"end":{"line":36,"column":51}}]},"2":{"loc":{"start":{"line":38,"column":40},"end":{"line":38,"column":51}},"type":"cond-expr","locations":[{"start":{"line":38,"column":40},"end":{"line":38,"column":51}},{"start":{"line":38,"column":55},"end":{"line":38,"column":77}}]},"3":{"loc":{"start":{"line":39,"column":37},"end":{"line":39,"column":42}},"type":"cond-expr","locations":[{"start":{"line":39,"column":37},"end":{"line":39,"column":42}},{"start":{"line":39,"column":46},"end":{"line":39,"column":62}}]},"4":{"loc":{"start":{"line":40,"column":39},"end":{"line":40,"column":45}},"type":"cond-expr","locations":[{"start":{"line":40,"column":39},"end":{"line":40,"column":45}},{"start":{"line":40,"column":49},"end":{"line":40,"column":66}}]},"5":{"loc":{"start":{"line":41,"column":45},"end":{"line":41,"column":54}},"type":"cond-expr","locations":[{"start":{"line":41,"column":45},"end":{"line":41,"column":54}},{"start":{"line":41,"column":58},"end":{"line":41,"column":78}}]},"6":{"loc":{"start":{"line":44,"column":12},"end":{"line":44,"column":51}},"type":"cond-expr","locations":[{"start":{"line":44,"column":12},"end":{"line":44,"column":51}},{"start":{"line":45,"column":12},"end":{"line":45,"column":16}}]},"7":{"loc":{"start":{"line":48,"column":12},"end":{"line":48,"column":49}},"type":"cond-expr","locations":[{"start":{"line":48,"column":12},"end":{"line":48,"column":49}},{"start":{"line":49,"column":12},"end":{"line":49,"column":16}}]},"8":{"loc":{"start":{"line":50,"column":44},"end":{"line":50,"column":48}},"type":"cond-expr","locations":[{"start":{"line":50,"column":44},"end":{"line":50,"column":48}},{"start":{"line":50,"column":51},"end":{"line":50,"column":56}}]},"9":{"loc":{"start":{"line":51,"column":43},"end":{"line":51,"column":51}},"type":"cond-expr","locations":[{"start":{"line":51,"column":43},"end":{"line":51,"column":51}},{"start":{"line":51,"column":55},"end":{"line":51,"column":74}}]},"10":{"loc":{"start":{"line":55,"column":4},"end":{"line":58,"column":null}},"type":"if","locations":[{"start":{"line":55,"column":4},"end":{"line":58,"column":null}},{"start":{"line":55,"column":4},"end":{"line":58,"column":null}}]},"11":{"loc":{"start":{"line":55,"column":8},"end":{"line":55,"column":30}},"type":"binary-expr","locations":[{"start":{"line":55,"column":8},"end":{"line":55,"column":30}},{"start":{"line":55,"column":34},"end":{"line":55,"column":55}}]},"12":{"loc":{"start":{"line":61,"column":4},"end":{"line":69,"column":null}},"type":"if","locations":[{"start":{"line":61,"column":4},"end":{"line":69,"column":null}},{"start":{"line":61,"column":4},"end":{"line":69,"column":null}}]}},"s":{"0":8,"1":8,"2":8,"3":8,"4":8,"5":8,"6":8,"7":14,"8":14,"9":14,"10":0,"11":0,"12":14,"13":14,"14":0,"15":14,"16":14,"17":14,"18":8,"19":4,"20":4,"21":4,"22":1,"23":8,"24":4,"25":4,"26":4,"27":2,"28":2,"29":8,"30":3,"31":3,"32":3,"33":1,"34":2},"f":{"0":14,"1":4,"2":4,"3":3},"b":{"0":[1,13],"1":[14,0],"2":[1,13],"3":[1,13],"4":[1,13],"5":[0,14],"6":[1,13],"7":[1,13],"8":[14,0],"9":[0,14],"10":[0,14],"11":[14,14],"12":[14,0]}}
,"/home/runner/work/API/API/src/routes/twitter/bot.ts": {"path":"/home/runner/work/API/API/src/routes/twitter/bot.ts","statementMap":{"0":{"start":{"line":7,"column":0},"end":{"line":7,"column":67}},"1":{"start":{"line":8,"column":0},"end":{"line":8,"column":53}},"2":{"start":{"line":15,"column":15},"end":{"line":15,"column":31}},"3":{"start":{"line":109,"column":19},"end":{"line":109,"column":34}},"4":{"start":{"line":17,"column":0},"end":{"line":24,"column":3}},"5":{"start":{"line":18,"column":21},"end":{"line":18,"column":47}},"6":{"start":{"line":19,"column":2},"end":{"line":23,"column":null}},"7":{"start":{"line":20,"column":4},"end":{"line":20,"column":40}},"8":{"start":{"line":22,"column":4},"end":{"line":22,"column":14}},"9":{"start":{"line":39,"column":0},"end":{"line":46,"column":3}},"10":{"start":{"line":40,"column":2},"end":{"line":45,"column":null}},"11":{"start":{"line":41,"column":23},"end":{"line":41,"column":49}},"12":{"start":{"line":42,"column":4},"end":{"line":42,"column":55}},"13":{"start":{"line":44,"column":4},"end":{"line":44,"column":30}},"14":{"start":{"line":82,"column":0},"end":{"line":94,"column":3}},"15":{"start":{"line":83,"column":23},"end":{"line":83,"column":32}},"16":{"start":{"line":84,"column":2},"end":{"line":84,"column":40}},"17":{"start":{"line":85,"column":2},"end":{"line":85,"column":56}},"18":{"start":{"line":86,"column":21},"end":{"line":86,"column":47}},"19":{"start":{"line":87,"column":2},"end":{"line":93,"column":null}},"20":{"start":{"line":88,"column":17},"end":{"line":88,"column":64}},"21":{"start":{"line":89,"column":4},"end":{"line":89,"column":22}},"22":{"start":{"line":90,"column":4},"end":{"line":90,"column":19}},"23":{"start":{"line":92,"column":4},"end":{"line":92,"column":30}},"24":{"start":{"line":96,"column":0},"end":{"line":107,"column":2}},"25":{"start":{"line":99,"column":23},"end":{"line":99,"column":49}},"26":{"start":{"line":100,"column":25},"end":{"line":100,"column":35}},"27":{"start":{"line":101,"column":4},"end":{"line":105,"column":null}},"28":{"start":{"line":102,"column":6},"end":{"line":102,"column":57}},"29":{"start":{"line":104,"column":6},"end":{"line":104,"column":16}}},"fnMap":{"0":{"name":"(anonymous_1)","decl":{"start":{"line":17,"column":16},"end":{"line":17,"column":21}},"loc":{"start":{"line":17,"column":74},"end":{"line":24,"column":1}}},"1":{"name":"(anonymous_2)","decl":{"start":{"line":39,"column":22},"end":{"line":39,"column":27}},"loc":{"start":{"line":39,"column":60},"end":{"line":46,"column":1}}},"2":{"name":"(anonymous_3)","decl":{"start":{"line":82,"column":22},"end":{"line":82,"column":27}},"loc":{"start":{"line":82,"column":60},"end":{"line":94,"column":1}}},"3":{"name":"(anonymous_4)","decl":{"start":{"line":98,"column":2},"end":{"line":98,"column":7}},"loc":{"start":{"line":98,"column":60},"end":{"line":106,"column":3}}}},"branchMap":{"0":{"loc":{"start":{"line":84,"column":20},"end":{"line":84,"column":34}},"type":"cond-expr","locations":[{"start":{"line":84,"column":20},"end":{"line":84,"column":34}},{"start":{"line":84,"column":37},"end":{"line":84,"column":39}}]},"1":{"loc":{"start":{"line":85,"column":32},"end":{"line":85,"column":36}},"type":"cond-expr","locations":[{"start":{"line":85,"column":32},"end":{"line":85,"column":36}},{"start":{"line":85,"column":40},"end":{"line":85,"column":55}}]}},"s":{"0":8,"1":8,"2":8,"3":8,"4":8,"5":1,"6":1,"7":1,"8":0,"9":8,"10":0,"11":0,"12":0,"13":0,"14":8,"15":0,"16":0,"17":0,"18":0,"19":0,"20":0,"21":0,"22":0,"23":0,"24":8,"25":2,"26":2,"27":2,"28":2,"29":1},"f":{"0":1,"1":0,"2":0,"3":2},"b":{"0":[0,0],"1":[0,0]}}
,"/home/runner/work/API/API/src/routes/twitter/index.ts": {"path":"/home/runner/work/API/API/src/routes/twitter/index.ts","statementMap":{"0":{"start":{"line":7,"column":0},"end":{"line":7,"column":30}},"1":{"start":{"line":8,"column":0},"end":{"line":8,"column":38}},"2":{"start":{"line":9,"column":0},"end":{"line":9,"column":40}},"3":{"start":{"line":10,"column":0},"end":{"line":10,"column":43}},"4":{"start":{"line":11,"column":0},"end":{"line":11,"column":40}},"5":{"start":{"line":13,"column":15},"end":{"line":13,"column":31}},"6":{"start":{"line":20,"column":19},"end":{"line":20,"column":31}},"7":{"start":{"line":15,"column":0},"end":{"line":15,"column":37}},"8":{"start":{"line":16,"column":0},"end":{"line":16,"column":35}},"9":{"start":{"line":17,"column":0},"end":{"line":17,"column":37}},"10":{"start":{"line":18,"column":0},"end":{"line":18,"column":39}}},"fnMap":{},"branchMap":{},"s":{"0":8,"1":8,"2":8,"3":8,"4":8,"5":8,"6":8,"7":8,"8":8,"9":8,"10":8},"f":{},"b":{}}
,"/home/runner/work/API/API/src/routes/twitter/stats.ts": {"path":"/home/runner/work/API/API/src/routes/twitter/stats.ts","statementMap":{"0":{"start":{"line":7,"column":0},"end":{"line":7,"column":67}},"1":{"start":{"line":8,"column":0},"end":{"line":8,"column":60}},"2":{"start":{"line":10,"column":15},"end":{"line":10,"column":31}},"3":{"start":{"line":70,"column":19},"end":{"line":70,"column":35}},"4":{"start":{"line":11,"column":19},"end":{"line":11,"column":46}},"5":{"start":{"line":13,"column":0},"end":{"line":22,"column":2}},"6":{"start":{"line":16,"column":4},"end":{"line":20,"column":null}},"7":{"start":{"line":17,"column":6},"end":{"line":17,"column":55}},"8":{"start":{"line":19,"column":6},"end":{"line":19,"column":14}},"9":{"start":{"line":24,"column":0},"end":{"line":33,"column":2}},"10":{"start":{"line":27,"column":4},"end":{"line":31,"column":null}},"11":{"start":{"line":28,"column":6},"end":{"line":28,"column":51}},"12":{"start":{"line":30,"column":6},"end":{"line":30,"column":14}},"13":{"start":{"line":35,"column":0},"end":{"line":44,"column":2}},"14":{"start":{"line":38,"column":4},"end":{"line":42,"column":null}},"15":{"start":{"line":39,"column":6},"end":{"line":39,"column":54}},"16":{"start":{"line":41,"column":6},"end":{"line":41,"column":14}},"17":{"start":{"line":46,"column":0},"end":{"line":58,"column":2}},"18":{"start":{"line":49,"column":4},"end":{"line":56,"column":null}},"19":{"start":{"line":50,"column":24},"end":{"line":52,"column":20}},"20":{"start":{"line":53,"column":6},"end":{"line":53,"column":56}},"21":{"start":{"line":55,"column":6},"end":{"line":55,"column":14}},"22":{"start":{"line":60,"column":0},"end":{"line":69,"column":2}},"23":{"start":{"line":63,"column":4},"end":{"line":67,"column":null}},"24":{"start":{"line":64,"column":6},"end":{"line":64,"column":46}},"25":{"start":{"line":66,"column":6},"end":{"line":66,"column":14}}},"fnMap":{"0":{"name":"(anonymous_1)","decl":{"start":{"line":15,"column":2},"end":{"line":15,"column":7}},"loc":{"start":{"line":15,"column":60},"end":{"line":21,"column":3}}},"1":{"name":"(anonymous_2)","decl":{"start":{"line":26,"column":2},"end":{"line":26,"column":7}},"loc":{"start":{"line":26,"column":60},"end":{"line":32,"column":3}}},"2":{"name":"(anonymous_3)","decl":{"start":{"line":37,"column":2},"end":{"line":37,"column":7}},"loc":{"start":{"line":37,"column":60},"end":{"line":43,"column":3}}},"3":{"name":"(anonymous_4)","decl":{"start":{"line":48,"column":2},"end":{"line":48,"column":7}},"loc":{"start":{"line":48,"column":60},"end":{"line":57,"column":3}}},"4":{"name":"(anonymous_5)","decl":{"start":{"line":62,"column":2},"end":{"line":62,"column":7}},"loc":{"start":{"line":62,"column":60},"end":{"line":68,"column":3}}}},"branchMap":{"0":{"loc":{"start":{"line":51,"column":10},"end":{"line":51,"column":59}},"type":"cond-expr","locations":[{"start":{"line":51,"column":10},"end":{"line":51,"column":59}},{"start":{"line":52,"column":10},"end":{"line":52,"column":20}}]}},"s":{"0":8,"1":8,"2":8,"3":8,"4":8,"5":8,"6":1,"7":1,"8":0,"9":8,"10":1,"11":1,"12":0,"13":8,"14":0,"15":0,"16":0,"17":8,"18":1,"19":1,"20":1,"21":0,"22":8,"23":1,"24":1,"25":0},"f":{"0":1,"1":1,"2":0,"3":1,"4":1},"b":{"0":[1,0]}}
,"/home/runner/work/API/API/src/routes/twitter/tag.ts": {"path":"/home/runner/work/API/API/src/routes/twitter/tag.ts","statementMap":{"0":{"start":{"line":7,"column":0},"end":{"line":7,"column":67}},"1":{"start":{"line":8,"column":0},"end":{"line":8,"column":59}},"2":{"start":{"line":10,"column":15},"end":{"line":10,"column":31}},"3":{"start":{"line":37,"column":19},"end":{"line":37,"column":34}},"4":{"start":{"line":11,"column":19},"end":{"line":11,"column":45}},"5":{"start":{"line":13,"column":0},"end":{"line":15,"column":3}},"6":{"start":{"line":14,"column":2},"end":{"line":14,"column":38}},"7":{"start":{"line":17,"column":0},"end":{"line":24,"column":3}},"8":{"start":{"line":18,"column":13},"end":{"line":18,"column":36}},"9":{"start":{"line":19,"column":2},"end":{"line":23,"column":null}},"10":{"start":{"line":20,"column":4},"end":{"line":20,"column":43}},"11":{"start":{"line":22,"column":4},"end":{"line":22,"column":14}},"12":{"start":{"line":26,"column":0},"end":{"line":36,"column":3}},"13":{"start":{"line":28,"column":17},"end":{"line":28,"column":25}},"14":{"start":{"line":29,"column":2},"end":{"line":29,"column":36}},"15":{"start":{"line":30,"column":2},"end":{"line":35,"column":null}},"16":{"start":{"line":31,"column":4},"end":{"line":31,"column":47}},"17":{"start":{"line":34,"column":4},"end":{"line":34,"column":14}}},"fnMap":{"0":{"name":"(anonymous_1)","decl":{"start":{"line":13,"column":16},"end":{"line":13,"column":21}},"loc":{"start":{"line":13,"column":54},"end":{"line":15,"column":1}}},"1":{"name":"(anonymous_2)","decl":{"start":{"line":17,"column":19},"end":{"line":17,"column":24}},"loc":{"start":{"line":17,"column":77},"end":{"line":24,"column":1}}},"2":{"name":"(anonymous_3)","decl":{"start":{"line":26,"column":17},"end":{"line":26,"column":22}},"loc":{"start":{"line":26,"column":75},"end":{"line":36,"column":1}}}},"branchMap":{},"s":{"0":8,"1":8,"2":8,"3":8,"4":8,"5":8,"6":11,"7":8,"8":2,"9":2,"10":2,"11":1,"12":8,"13":3,"14":3,"15":3,"16":3,"17":0},"f":{"0":11,"1":2,"2":3},"b":{}}
,"/home/runner/work/API/API/src/tests/customMatchers.ts": {"path":"/home/runner/work/API/API/src/tests/customMatchers.ts","statementMap":{"0":{"start":{"line":1,"column":0},"end":{"line":22,"column":3}},"1":{"start":{"line":3,"column":4},"end":{"line":20,"column":null}},"2":{"start":{"line":4,"column":6},"end":{"line":4,"column":60}},"3":{"start":{"line":5,"column":6},"end":{"line":8,"column":8}},"4":{"start":{"line":6,"column":23},"end":{"line":6,"column":27}},"5":{"start":{"line":10,"column":6},"end":{"line":19,"column":12}},"6":{"start":{"line":12,"column":27},"end":{"line":12,"column":31}},"7":{"start":{"line":17,"column":14},"end":{"line":17,"column":74}},"8":{"start":{"line":24,"column":13},"end":{"line":36,"column":2}},"9":{"start":{"line":38,"column":13},"end":{"line":46,"column":2}},"10":{"start":{"line":48,"column":13},"end":{"line":56,"column":2}},"11":{"start":{"line":58,"column":13},"end":{"line":70,"column":2}}},"fnMap":{"0":{"name":"(anonymous_0)","decl":{"start":{"line":2,"column":2},"end":{"line":2,"column":16}},"loc":{"start":{"line":2,"column":42},"end":{"line":21,"column":3}}},"1":{"name":"(anonymous_1)","decl":{"start":{"line":6,"column":17},"end":{"line":6,"column":20}},"loc":{"start":{"line":6,"column":23},"end":{"line":6,"column":27}}},"2":{"name":"(anonymous_2)","decl":{"start":{"line":12,"column":21},"end":{"line":12,"column":24}},"loc":{"start":{"line":12,"column":27},"end":{"line":12,"column":31}}},"3":{"name":"(anonymous_3)","decl":{"start":{"line":16,"column":21},"end":{"line":16,"column":24}},"loc":{"start":{"line":17,"column":14},"end":{"line":17,"column":74}}}},"branchMap":{"0":{"loc":{"start":{"line":11,"column":10},"end":{"line":14,"column":null}},"type":"cond-expr","locations":[{"start":{"line":11,"column":10},"end":{"line":14,"column":null}},{"start":{"line":15,"column":10},"end":{"line":19,"column":12}}]}},"s":{"0":3,"1":16,"2":16,"3":14,"4":0,"5":2,"6":0,"7":0,"8":3,"9":3,"10":3,"11":3},"f":{"0":16,"1":0,"2":0,"3":0},"b":{"0":[2,0]}}
,"/home/runner/work/API/API/src/tests/testConnection.ts": {"path":"/home/runner/work/API/API/src/tests/testConnection.ts","statementMap":{"0":{"start":{"line":1,"column":0},"end":{"line":1,"column":40}},"1":{"start":{"line":2,"column":0},"end":{"line":2,"column":70}},"2":{"start":{"line":3,"column":0},"end":{"line":3,"column":44}},"3":{"start":{"line":4,"column":12},"end":{"line":4,"column":23}},"4":{"start":{"line":5,"column":0},"end":{"line":7,"column":null}},"5":{"start":{"line":6,"column":2},"end":{"line":6,"column":65}},"6":{"start":{"line":9,"column":19},"end":{"line":60,"column":2}},"7":{"start":{"line":13,"column":4},"end":{"line":26,"column":6}},"8":{"start":{"line":29,"column":4},"end":{"line":31,"column":18}},"9":{"start":{"line":30,"column":6},"end":{"line":30,"column":35}},"10":{"start":{"line":33,"column":4},"end":{"line":43,"column":null}},"11":{"start":{"line":34,"column":6},"end":{"line":38,"column":null}},"12":{"start":{"line":35,"column":8},"end":{"line":37,"column":null}},"13":{"start":{"line":36,"column":10},"end":{"line":36,"column":50}},"14":{"start":{"line":39,"column":6},"end":{"line":39,"column":78}},"15":{"start":{"line":40,"column":6},"end":{"line":40,"column":24}},"16":{"start":{"line":42,"column":6},"end":{"line":42,"column":14}},"17":{"start":{"line":47,"column":23},"end":{"line":47,"column":38}},"18":{"start":{"line":49,"column":4},"end":{"line":49,"column":29}},"19":{"start":{"line":53,"column":23},"end":{"line":53,"column":38}},"20":{"start":{"line":54,"column":21},"end":{"line":54,"column":47}},"21":{"start":{"line":55,"column":4},"end":{"line":58,"column":null}},"22":{"start":{"line":56,"column":25},"end":{"line":56,"column":62}},"23":{"start":{"line":57,"column":6},"end":{"line":57,"column":69}},"24":{"start":{"line":62,"column":9},"end":{"line":62,"column":19}}},"fnMap":{"0":{"name":"(anonymous_1)","decl":{"start":{"line":10,"column":2},"end":{"line":10,"column":7}},"loc":{"start":{"line":10,"column":14},"end":{"line":44,"column":3}}},"1":{"name":"(anonymous_2)","decl":{"start":{"line":46,"column":2},"end":{"line":46,"column":7}},"loc":{"start":{"line":46,"column":13},"end":{"line":50,"column":3}}},"2":{"name":"(anonymous_3)","decl":{"start":{"line":52,"column":2},"end":{"line":52,"column":7}},"loc":{"start":{"line":52,"column":13},"end":{"line":59,"column":3}}}},"branchMap":{"0":{"loc":{"start":{"line":5,"column":0},"end":{"line":7,"column":null}},"type":"if","locations":[{"start":{"line":5,"column":0},"end":{"line":7,"column":null}},{"start":{"line":5,"column":0},"end":{"line":7,"column":null}}]},"1":{"loc":{"start":{"line":21,"column":14},"end":{"line":21,"column":23}},"type":"cond-expr","locations":[{"start":{"line":21,"column":14},"end":{"line":21,"column":23}},{"start":{"line":22,"column":14},"end":{"line":24,"column":40}}]},"2":{"loc":{"start":{"line":23,"column":14},"end":{"line":23,"column":32}},"type":"cond-expr","locations":[{"start":{"line":23,"column":14},"end":{"line":23,"column":32}},{"start":{"line":24,"column":14},"end":{"line":24,"column":40}}]},"3":{"loc":{"start":{"line":34,"column":6},"end":{"line":38,"column":null}},"type":"if","locations":[{"start":{"line":34,"column":6},"end":{"line":38,"column":null}},{"start":{"line":34,"column":6},"end":{"line":38,"column":null}}]},"4":{"loc":{"start":{"line":35,"column":8},"end":{"line":37,"column":null}},"type":"if","locations":[{"start":{"line":35,"column":8},"end":{"line":37,"column":null}},{"start":{"line":35,"column":8},"end":{"line":37,"column":null}}]}},"s":{"0":8,"1":8,"2":8,"3":8,"4":8,"5":0,"6":8,"7":8,"8":8,"9":8,"10":8,"11":8,"12":0,"13":0,"14":8,"15":8,"16":0,"17":8,"18":8,"19":55,"20":55,"21":55,"22":495,"23":495,"24":8},"f":{"0":8,"1":8,"2":55},"b":{"0":[0,8],"1":[0,8],"2":[8,0],"3":[0,8],"4":[0,0]}}
}
