TN:
SF:src/app.ts
FN:14,(anonymous_1)
FN:25,(anonymous_2)
FN:26,(anonymous_3)
FN:34,(anonymous_4)
FN:46,(anonymous_5)
FN:61,(anonymous_6)
FNF:6
FNH:4
FNDA:8,(anonymous_1)
FNDA:91,(anonymous_2)
FNDA:0,(anonymous_3)
FNDA:0,(anonymous_4)
FNDA:14,(anonymous_5)
FNDA:8,(anonymous_6)
DA:1,8
DA:2,8
DA:4,8
DA:5,8
DA:6,8
DA:7,8
DA:8,8
DA:9,8
DA:11,8
DA:14,8
DA:15,8
DA:22,8
DA:23,8
DA:25,8
DA:26,91
DA:27,0
DA:34,8
DA:35,0
DA:38,8
DA:41,8
DA:46,8
DA:47,14
DA:48,14
DA:49,3
DA:51,11
DA:56,8
DA:57,8
DA:58,0
DA:61,8
DA:62,8
DA:66,8
DA:67,8
LF:32
LH:29
BRDA:48,0,0,3
BRDA:48,0,1,11
BRDA:56,1,0,8
BRDA:56,1,1,0
BRDA:57,2,0,0
BRDA:57,2,1,8
BRDA:57,3,0,8
BRDA:57,3,1,8
BRF:8
BRH:6
end_of_record
TN:
SF:src/configs/config.ts
FNF:0
FNH:0
DA:8,8
DA:9,8
DA:10,8
DA:11,8
DA:13,8
DA:15,8
DA:16,8
DA:19,0
DA:20,0
DA:23,0
DA:24,0
DA:26,0
DA:40,8
DA:51,8
DA:52,8
DA:53,0
LF:16
LH:10
BRDA:14,0,0,8
BRDA:14,0,1,0
BRDA:14,0,2,0
BRDA:14,0,3,0
BRDA:14,0,4,0
BRDA:14,0,5,0
BRDA:41,1,0,8
BRDA:41,1,1,0
BRDA:42,2,0,8
BRDA:42,2,1,0
BRDA:43,3,0,8
BRDA:43,3,1,0
BRDA:44,4,0,8
BRDA:44,4,1,0
BRDA:45,5,0,8
BRDA:45,5,1,0
BRDA:46,6,0,8
BRDA:46,6,1,0
BRDA:47,7,0,8
BRDA:47,7,1,0
BRDA:48,8,0,0
BRDA:48,8,1,8
BRDA:49,9,0,8
BRDA:49,9,1,0
BRDA:52,10,0,0
BRDA:52,10,1,8
BRDA:52,11,0,8
BRDA:52,11,1,8
BRF:28
BRH:13
end_of_record
TN:
SF:src/configs/ormconfig.ts
FNF:0
FNH:0
DA:8,8
DA:9,8
DA:12,8
DA:14,8
LF:4
LH:4
BRDA:16,0,0,8
BRDA:16,0,1,0
BRDA:17,1,0,8
BRDA:17,1,1,0
BRDA:18,2,0,8
BRDA:18,2,1,0
BRDA:19,3,0,8
BRDA:19,3,1,0
BRDA:20,4,0,8
BRDA:20,4,1,0
BRDA:21,5,0,8
BRDA:21,5,1,0
BRDA:22,6,0,8
BRDA:22,6,1,8
BRF:14
BRH:8
end_of_record
TN:
SF:src/controllers/index.ts
FNF:0
FNH:0
DA:1,8
DA:2,8
DA:3,8
DA:4,8
DA:5,8
DA:6,8
DA:7,8
DA:8,8
LF:8
LH:8
BRF:0
BRH:0
end_of_record
TN:
SF:src/controllers/google/adController.ts
FN:26,(anonymous_0)
FN:39,(anonymous_1)
FN:96,(anonymous_2)
FN:108,(anonymous_3)
FN:132,(anonymous_4)
FN:147,(anonymous_5)
FN:163,(anonymous_6)
FNF:7
FNH:7
FNDA:10,(anonymous_0)
FNDA:1,(anonymous_1)
FNDA:8,(anonymous_2)
FNDA:19,(anonymous_3)
FNDA:6,(anonymous_4)
FNDA:4,(anonymous_5)
FNDA:3,(anonymous_6)
DA:8,8
DA:9,8
DA:12,8
DA:38,10
DA:39,10
DA:40,10
DA:67,10
DA:68,10
DA:69,1
DA:72,10
DA:73,2
DA:76,10
DA:77,1
DA:83,10
DA:84,1
DA:87,10
DA:88,1
DA:91,10
DA:92,1
DA:95,10
DA:96,4
DA:97,8
DA:98,14
DA:99,8
DA:101,6
DA:108,19
DA:110,10
DA:112,10
DA:119,10
DA:120,10
DA:122,10
DA:125,10
DA:133,6
DA:148,4
DA:152,4
DA:164,3
DA:168,3
LF:37
LH:37
BRDA:39,0,0,9
BRDA:39,0,1,1
BRDA:39,1,0,10
BRDA:39,1,1,10
BRDA:41,2,0,10
BRDA:41,2,1,0
BRDA:42,3,0,1
BRDA:42,3,1,9
BRDA:68,4,0,1
BRDA:68,4,1,9
BRDA:72,5,0,2
BRDA:72,5,1,8
BRDA:76,6,0,1
BRDA:76,6,1,9
BRDA:83,7,0,1
BRDA:83,7,1,9
BRDA:87,8,0,1
BRDA:87,8,1,9
BRDA:91,9,0,1
BRDA:91,9,1,9
BRDA:95,10,0,4
BRDA:95,10,1,6
BRDA:98,11,0,8
BRDA:98,11,1,6
BRF:24
BRH:23
end_of_record
TN:
SF:src/controllers/google/botController.ts
FN:11,(anonymous_0)
FN:15,(anonymous_1)
FNF:2
FNH:2
FNDA:1,(anonymous_0)
FNDA:2,(anonymous_1)
DA:8,8
DA:10,8
DA:12,1
DA:16,2
LF:4
LH:4
BRF:0
BRH:0
end_of_record
TN:
SF:src/controllers/google/statController.ts
FN:15,(anonymous_0)
FN:56,(anonymous_1)
FN:69,(anonymous_2)
FN:80,(anonymous_3)
FN:102,(anonymous_4)
FN:115,(anonymous_5)
FN:145,(anonymous_6)
FNF:7
FNH:7
FNDA:1,(anonymous_0)
FNDA:1,(anonymous_1)
FNDA:4,(anonymous_2)
FNDA:1,(anonymous_3)
FNDA:4,(anonymous_4)
FNDA:1,(anonymous_5)
FNDA:1,(anonymous_6)
DA:8,8
DA:9,8
DA:11,8
DA:24,1
DA:25,1
DA:31,1
DA:36,1
DA:43,1
DA:47,1
DA:62,1
DA:69,1
DA:70,4
DA:71,1
DA:74,1
DA:87,1
DA:102,1
DA:103,4
DA:104,1
DA:106,4
DA:107,4
DA:109,1
DA:123,1
DA:126,1
DA:129,1
DA:130,1
DA:142,1
DA:150,1
DA:155,1
DA:160,1
DA:162,1
LF:30
LH:30
BRDA:70,0,0,1
BRDA:70,0,1,3
BRDA:103,1,0,1
BRDA:103,1,1,3
BRF:4
BRH:4
end_of_record
TN:
SF:src/controllers/google/tagController.ts
FN:11,(anonymous_0)
FN:15,(anonymous_1)
FN:21,(anonymous_2)
FN:27,(anonymous_3)
FNF:4
FNH:3
FNDA:10,(anonymous_0)
FNDA:2,(anonymous_1)
FNDA:0,(anonymous_2)
FNDA:3,(anonymous_3)
DA:8,8
DA:10,8
DA:12,10
DA:16,2
DA:22,0
DA:28,3
DA:31,3
LF:7
LH:6
BRF:0
BRH:0
end_of_record
TN:
SF:src/controllers/twitter/adController.ts
FN:25,(anonymous_0)
FN:39,(anonymous_1)
FN:80,(anonymous_2)
FN:97,(anonymous_3)
FN:110,(anonymous_4)
FN:147,(anonymous_5)
FN:161,(anonymous_6)
FN:203,(anonymous_7)
FN:220,(anonymous_8)
FN:233,(anonymous_9)
FN:244,(anonymous_10)
FN:262,(anonymous_11)
FN:282,(anonymous_12)
FN:298,(anonymous_13)
FNF:14
FNH:8
FNDA:0,(anonymous_0)
FNDA:0,(anonymous_1)
FNDA:0,(anonymous_2)
FNDA:0,(anonymous_3)
FNDA:0,(anonymous_4)
FNDA:14,(anonymous_5)
FNDA:1,(anonymous_6)
FNDA:0,(anonymous_7)
FNDA:8,(anonymous_8)
FNDA:20,(anonymous_9)
FNDA:20,(anonymous_10)
FNDA:7,(anonymous_11)
FNDA:4,(anonymous_12)
FNDA:3,(anonymous_13)
DA:7,8
DA:8,8
DA:11,8
DA:38,0
DA:39,0
DA:41,0
DA:60,0
DA:62,0
DA:63,0
DA:66,0
DA:67,0
DA:73,0
DA:74,0
DA:77,0
DA:78,0
DA:80,0
DA:84,0
DA:85,0
DA:88,0
DA:89,0
DA:92,0
DA:93,0
DA:96,0
DA:97,0
DA:98,0
DA:99,0
DA:100,0
DA:102,0
DA:109,0
DA:110,0
DA:112,0
DA:114,0
DA:121,0
DA:122,0
DA:124,0
DA:127,0
DA:160,14
DA:161,14
DA:163,14
DA:183,14
DA:185,14
DA:186,2
DA:189,14
DA:190,1
DA:196,14
DA:197,1
DA:200,14
DA:201,0
DA:203,0
DA:207,14
DA:208,1
DA:211,14
DA:212,1
DA:215,14
DA:216,0
DA:219,14
DA:220,4
DA:221,8
DA:222,12
DA:223,8
DA:225,4
DA:232,14
DA:233,20
DA:236,14
DA:238,14
DA:244,14
DA:245,20
DA:246,20
DA:249,14
DA:250,14
DA:252,14
DA:255,14
DA:263,7
DA:269,6
DA:270,6
DA:271,6
DA:283,4
DA:287,4
DA:299,3
DA:303,3
LF:80
LH:44
BRDA:39,0,0,0
BRDA:39,0,1,0
BRDA:39,1,0,0
BRDA:39,1,1,0
BRDA:42,2,0,0
BRDA:42,2,1,0
BRDA:43,3,0,0
BRDA:43,3,1,0
BRDA:62,4,0,0
BRDA:62,4,1,0
BRDA:66,5,0,0
BRDA:66,5,1,0
BRDA:73,6,0,0
BRDA:73,6,1,0
BRDA:77,7,0,0
BRDA:77,7,1,0
BRDA:84,8,0,0
BRDA:84,8,1,0
BRDA:88,9,0,0
BRDA:88,9,1,0
BRDA:92,10,0,0
BRDA:92,10,1,0
BRDA:96,11,0,0
BRDA:96,11,1,0
BRDA:99,12,0,0
BRDA:99,12,1,0
BRDA:161,13,0,13
BRDA:161,13,1,1
BRDA:161,14,0,14
BRDA:161,14,1,14
BRDA:164,15,0,14
BRDA:164,15,1,0
BRDA:165,16,0,1
BRDA:165,16,1,13
BRDA:185,17,0,2
BRDA:185,17,1,12
BRDA:189,18,0,1
BRDA:189,18,1,13
BRDA:196,19,0,1
BRDA:196,19,1,13
BRDA:200,20,0,0
BRDA:200,20,1,14
BRDA:207,21,0,1
BRDA:207,21,1,13
BRDA:211,22,0,1
BRDA:211,22,1,13
BRDA:215,23,0,0
BRDA:215,23,1,14
BRDA:219,24,0,4
BRDA:219,24,1,10
BRDA:222,25,0,8
BRDA:222,25,1,4
BRF:52
BRH:23
end_of_record
TN:
SF:src/controllers/twitter/botController.ts
FN:25,(anonymous_0)
FN:29,(anonymous_1)
FN:47,(anonymous_2)
FN:60,(anonymous_3)
FN:61,(anonymous_4)
FN:63,(anonymous_5)
FN:107,(anonymous_6)
FN:126,(anonymous_7)
FN:127,(anonymous_8)
FN:130,(anonymous_9)
FN:131,(anonymous_10)
FNF:11
FNH:2
FNDA:1,(anonymous_0)
FNDA:2,(anonymous_1)
FNDA:0,(anonymous_2)
FNDA:0,(anonymous_3)
FNDA:0,(anonymous_4)
FNDA:0,(anonymous_5)
FNDA:0,(anonymous_6)
FNDA:0,(anonymous_7)
FNDA:0,(anonymous_8)
FNDA:0,(anonymous_9)
FNDA:0,(anonymous_10)
DA:8,8
DA:15,8
DA:16,8
DA:24,8
DA:26,1
DA:30,2
DA:48,0
DA:49,0
DA:59,0
DA:60,0
DA:61,0
DA:63,0
DA:64,0
DA:66,0
DA:67,0
DA:70,0
DA:111,0
DA:112,0
DA:114,0
DA:124,0
DA:125,0
DA:126,0
DA:127,0
DA:129,0
DA:130,0
DA:131,0
DA:135,0
DA:136,0
DA:146,0
DA:148,0
DA:151,0
DA:157,0
DA:159,0
DA:164,0
DA:170,0
DA:172,0
DA:180,0
DA:182,0
DA:183,0
DA:185,0
DA:192,0
DA:200,0
LF:42
LH:6
BRDA:59,0,0,0
BRDA:59,0,1,0
BRDA:112,1,0,0
BRDA:112,1,1,0
BRDA:125,2,0,0
BRDA:125,2,1,0
BRDA:135,3,0,0
BRDA:135,3,1,0
BRDA:147,4,0,0
BRDA:147,4,1,0
BRDA:147,4,2,0
BRDA:184,5,0,0
BRDA:184,5,1,0
BRDA:184,5,2,0
BRF:14
BRH:0
end_of_record
TN:
SF:src/controllers/twitter/statController.ts
FN:20,(anonymous_0)
FN:50,(anonymous_1)
FN:63,(anonymous_2)
FN:74,(anonymous_3)
FN:91,(anonymous_4)
FN:103,(anonymous_5)
FN:135,(anonymous_6)
FNF:7
FNH:5
FNDA:1,(anonymous_0)
FNDA:1,(anonymous_1)
FNDA:4,(anonymous_2)
FNDA:0,(anonymous_3)
FNDA:0,(anonymous_4)
FNDA:1,(anonymous_5)
FNDA:1,(anonymous_6)
DA:8,8
DA:9,8
DA:16,8
DA:29,1
DA:30,1
DA:36,1
DA:41,1
DA:56,1
DA:63,1
DA:64,4
DA:65,1
DA:68,1
DA:81,0
DA:91,0
DA:92,0
DA:93,0
DA:96,0
DA:97,0
DA:111,1
DA:114,1
DA:118,1
DA:120,1
DA:132,1
DA:142,1
DA:148,1
DA:154,1
DA:160,1
DA:162,1
LF:28
LH:22
BRDA:64,0,0,1
BRDA:64,0,1,3
BRDA:92,1,0,0
BRDA:92,1,1,0
BRF:4
BRH:2
end_of_record
TN:
SF:src/controllers/twitter/tagController.ts
FN:11,(anonymous_0)
FN:15,(anonymous_1)
FN:21,(anonymous_2)
FN:27,(anonymous_3)
FNF:4
FNH:3
FNDA:11,(anonymous_0)
FNDA:2,(anonymous_1)
FNDA:0,(anonymous_2)
FNDA:3,(anonymous_3)
DA:8,8
DA:10,8
DA:12,11
DA:16,2
DA:22,0
DA:28,3
DA:31,3
LF:7
LH:6
BRF:0
BRH:0
end_of_record
TN:
SF:src/helpers/dbConnection.ts
FN:11,(anonymous_1)
FN:32,(anonymous_2)
FNF:2
FNH:2
FNDA:91,(anonymous_1)
FNDA:91,(anonymous_2)
DA:8,8
DA:9,8
DA:11,8
DA:13,91
DA:14,91
DA:17,91
DA:18,91
DA:19,91
DA:20,0
DA:23,0
DA:25,91
DA:27,0
DA:28,0
DA:32,8
DA:33,91
DA:34,91
DA:35,91
DA:36,91
DA:39,0
LF:19
LH:14
BRDA:18,0,0,91
BRDA:18,0,1,0
BRDA:19,1,0,0
BRDA:19,1,1,91
BRDA:35,2,0,91
BRDA:35,2,1,0
BRF:6
BRH:3
end_of_record
TN:
SF:src/helpers/ec2Client.ts
FNF:0
FNH:0
DA:8,8
DA:9,8
DA:12,8
DA:15,8
LF:4
LH:4
BRF:0
BRH:0
end_of_record
TN:
SF:src/helpers/paginate.ts
FN:21,(anonymous_0)
FN:22,(anonymous_1)
FN:42,(anonymous_2)
FNF:3
FNH:3
FNDA:16,(anonymous_0)
FNDA:24,(anonymous_1)
FNDA:24,(anonymous_2)
DA:22,16
DA:23,24
DA:24,18
DA:25,18
DA:26,0
DA:29,24
DA:49,24
DA:56,24
DA:58,24
DA:59,22
DA:60,4
DA:62,18
DA:65,24
DA:66,18
DA:70,24
DA:72,24
DA:74,24
DA:79,24
DA:80,24
DA:81,4
DA:86,20
DA:89,24
DA:90,24
DA:91,2
DA:96,22
DA:99,24
DA:108,8
LF:27
LH:26
BRDA:23,0,0,18
BRDA:23,0,1,6
BRDA:25,1,0,0
BRDA:25,1,1,18
BRDA:58,2,0,22
BRDA:58,2,1,2
BRDA:59,3,0,4
BRDA:59,3,1,18
BRDA:65,4,0,18
BRDA:65,4,1,6
BRDA:80,5,0,4
BRDA:80,5,1,20
BRDA:90,6,0,2
BRDA:90,6,1,22
BRF:14
BRH:13
end_of_record
TN:
SF:src/models/GoogleAd.ts
FN:65,(anonymous_2)
FN:70,(anonymous_3)
FN:29,(anonymous_4)
FN:29,(anonymous_5)
FN:37,(anonymous_6)
FN:59,(anonymous_7)
FN:59,(anonymous_8)
FNF:7
FNH:7
FNDA:43,(anonymous_2)
FNDA:26,(anonymous_3)
FNDA:8,(anonymous_4)
FNDA:8,(anonymous_5)
FNDA:24,(anonymous_6)
FNDA:8,(anonymous_7)
FNDA:8,(anonymous_8)
DA:8,8
DA:18,8
DA:25,8
DA:27,8
DA:29,8
DA:31,8
DA:34,8
DA:37,24
DA:39,8
DA:42,8
DA:45,8
DA:48,8
DA:51,8
DA:54,8
DA:57,8
DA:59,8
DA:60,8
DA:65,8
DA:66,43
DA:70,26
DA:73,24
LF:21
LH:21
BRDA:66,0,0,19
BRDA:66,0,1,24
BRF:2
BRH:2
end_of_record
TN:
SF:src/models/GoogleAdTag.ts
FN:27,(anonymous_2)
FN:27,(anonymous_3)
FN:31,(anonymous_4)
FN:31,(anonymous_5)
FNF:4
FNH:4
FNDA:8,(anonymous_2)
FNDA:8,(anonymous_3)
FNDA:8,(anonymous_4)
FNDA:8,(anonymous_5)
DA:7,8
DA:14,8
DA:20,8
DA:22,8
DA:25,8
DA:27,8
DA:29,8
DA:31,8
DA:33,8
LF:9
LH:9
BRF:0
BRH:0
end_of_record
TN:
SF:src/models/GoogleBot.ts
FN:68,(anonymous_2)
FN:68,(anonymous_3)
FNF:2
FNH:2
FNDA:8,(anonymous_2)
FNDA:8,(anonymous_3)
DA:7,8
DA:14,8
DA:20,8
DA:22,8
DA:25,8
DA:28,8
DA:31,8
DA:34,8
DA:37,8
DA:41,8
DA:44,8
DA:48,8
DA:52,8
DA:55,8
DA:66,8
DA:68,8
DA:69,8
LF:17
LH:17
BRF:0
BRH:0
end_of_record
TN:
SF:src/models/GoogleTag.ts
FN:39,(anonymous_2)
FN:43,(anonymous_3)
FN:51,(anonymous_4)
FN:33,(anonymous_5)
FN:33,(anonymous_6)
FNF:5
FNH:4
FNDA:59,(anonymous_2)
FNDA:0,(anonymous_3)
FNDA:87,(anonymous_4)
FNDA:8,(anonymous_5)
FNDA:8,(anonymous_6)
DA:7,8
DA:18,8
DA:26,8
DA:28,8
DA:31,8
DA:33,8
DA:34,8
DA:39,8
DA:42,59
DA:43,0
DA:46,0
DA:47,0
DA:51,8
DA:59,87
DA:61,87
LF:15
LH:12
BRDA:42,0,0,59
BRDA:42,0,1,0
BRF:2
BRH:1
end_of_record
TN:
SF:src/models/TwitterAd.ts
FN:18,(anonymous_2)
FN:66,(anonymous_3)
FN:71,(anonymous_4)
FN:50,(anonymous_5)
FN:50,(anonymous_6)
FN:55,(anonymous_7)
FN:55,(anonymous_8)
FNF:7
FNH:7
FNDA:8,(anonymous_2)
FNDA:46,(anonymous_3)
FNDA:30,(anonymous_4)
FNDA:8,(anonymous_5)
FNDA:8,(anonymous_6)
FNDA:8,(anonymous_7)
FNDA:8,(anonymous_8)
DA:7,8
DA:16,8
DA:18,8
DA:19,8
DA:20,8
DA:21,8
DA:31,8
DA:33,8
DA:36,8
DA:39,8
DA:42,8
DA:45,8
DA:48,8
DA:50,8
DA:51,8
DA:55,8
DA:56,8
DA:63,8
DA:66,8
DA:67,46
DA:71,30
DA:74,26
LF:22
LH:22
BRDA:18,0,0,8
BRDA:18,0,1,8
BRDA:67,1,0,20
BRDA:67,1,1,26
BRF:4
BRH:4
end_of_record
TN:
SF:src/models/TwitterAdSeenByBot.ts
FN:52,(anonymous_2)
FN:29,(anonymous_3)
FN:29,(anonymous_4)
FN:37,(anonymous_5)
FN:37,(anonymous_6)
FN:46,(anonymous_7)
FNF:6
FNH:6
FNDA:27,(anonymous_2)
FNDA:8,(anonymous_3)
FNDA:8,(anonymous_4)
FNDA:8,(anonymous_5)
FNDA:8,(anonymous_6)
FNDA:24,(anonymous_7)
DA:7,8
DA:16,8
DA:25,8
DA:27,8
DA:29,8
DA:31,8
DA:35,8
DA:37,8
DA:39,8
DA:43,8
DA:46,24
DA:49,8
DA:52,8
DA:53,27
DA:57,0
DA:58,0
DA:59,0
DA:60,0
DA:63,0
LF:19
LH:14
BRDA:53,0,0,27
BRDA:53,0,1,0
BRF:2
BRH:1
end_of_record
TN:
SF:src/models/TwitterAdTag.ts
FN:27,(anonymous_2)
FN:27,(anonymous_3)
FN:31,(anonymous_4)
FN:31,(anonymous_5)
FNF:4
FNH:4
FNDA:8,(anonymous_2)
FNDA:8,(anonymous_3)
FNDA:8,(anonymous_4)
FNDA:8,(anonymous_5)
DA:7,8
DA:14,8
DA:20,8
DA:22,8
DA:25,8
DA:27,8
DA:29,8
DA:31,8
DA:33,8
LF:9
LH:9
BRF:0
BRH:0
end_of_record
TN:
SF:src/models/TwitterBot.ts
FN:10,(anonymous_2)
FN:16,(anonymous_3)
FN:68,(anonymous_4)
FN:68,(anonymous_5)
FNF:4
FNH:4
FNDA:8,(anonymous_2)
FNDA:8,(anonymous_3)
FNDA:8,(anonymous_4)
FNDA:8,(anonymous_5)
DA:7,8
DA:8,8
DA:10,8
DA:11,8
DA:12,8
DA:13,8
DA:16,8
DA:17,8
DA:18,8
DA:19,8
DA:20,8
DA:21,8
DA:22,8
DA:29,8
DA:30,8
DA:31,8
DA:34,8
DA:37,8
DA:40,8
DA:43,8
DA:50,8
DA:57,8
DA:60,8
DA:63,8
DA:66,8
DA:68,8
DA:69,8
LF:27
LH:27
BRDA:10,0,0,8
BRDA:10,0,1,8
BRDA:16,1,0,8
BRDA:16,1,1,8
BRF:4
BRH:4
end_of_record
TN:
SF:src/models/TwitterTag.ts
FN:39,(anonymous_2)
FN:43,(anonymous_3)
FN:51,(anonymous_4)
FN:33,(anonymous_5)
FN:33,(anonymous_6)
FNF:5
FNH:4
FNDA:66,(anonymous_2)
FNDA:0,(anonymous_3)
FNDA:84,(anonymous_4)
FNDA:8,(anonymous_5)
FNDA:8,(anonymous_6)
DA:7,8
DA:18,8
DA:26,8
DA:28,8
DA:31,8
DA:33,8
DA:34,8
DA:39,8
DA:42,66
DA:43,0
DA:46,0
DA:47,0
DA:51,8
DA:59,84
DA:60,84
LF:15
LH:12
BRDA:42,0,0,66
BRDA:42,0,1,0
BRF:2
BRH:1
end_of_record
TN:
SF:src/models/index.ts
FNF:0
FNH:0
DA:1,8
DA:2,8
DA:3,8
DA:4,8
DA:5,8
DA:6,8
DA:7,8
DA:8,8
DA:9,8
LF:9
LH:9
BRF:0
BRH:0
end_of_record
TN:
SF:src/routes/index.ts
FNF:0
FNH:0
DA:1,8
DA:2,8
DA:3,8
DA:5,8
DA:8,8
DA:11,8
DA:12,8
DA:14,8
LF:8
LH:8
BRF:0
BRH:0
end_of_record
TN:
SF:src/routes/google/ad.ts
FN:17,(anonymous_1)
FN:78,(anonymous_2)
FN:89,(anonymous_3)
FN:102,(anonymous_4)
FNF:4
FNH:4
FNDA:10,(anonymous_1)
FNDA:3,(anonymous_2)
FNDA:4,(anonymous_3)
FNDA:3,(anonymous_4)
DA:7,8
DA:8,8
DA:9,8
DA:11,8
DA:12,8
DA:14,8
DA:27,10
DA:32,10
DA:51,10
DA:52,0
DA:53,0
DA:57,10
DA:61,10
DA:70,10
DA:74,10
DA:78,8
DA:79,3
DA:80,3
DA:81,3
DA:83,1
DA:87,8
DA:90,4
DA:91,4
DA:92,4
DA:93,2
DA:95,2
DA:100,8
DA:103,3
DA:104,3
DA:105,3
DA:106,1
DA:108,2
DA:113,8
LF:33
LH:31
BRDA:33,0,0,1
BRDA:33,0,1,9
BRDA:34,1,0,10
BRDA:34,1,1,0
BRDA:36,2,0,1
BRDA:36,2,1,9
BRDA:37,3,0,1
BRDA:37,3,1,9
BRDA:38,4,0,1
BRDA:38,4,1,9
BRDA:39,5,0,1
BRDA:39,5,1,9
BRDA:42,6,0,1
BRDA:42,6,1,9
BRDA:46,7,0,1
BRDA:46,7,1,9
BRDA:51,8,0,0
BRDA:51,8,1,10
BRDA:51,9,0,10
BRDA:51,9,1,10
BRF:20
BRH:18
end_of_record
TN:
SF:src/routes/google/bot.ts
FN:12,(anonymous_1)
FN:23,(anonymous_2)
FNF:2
FNH:2
FNDA:1,(anonymous_1)
FNDA:2,(anonymous_2)
DA:7,8
DA:8,8
DA:10,8
DA:12,8
DA:13,1
DA:14,1
DA:15,1
DA:17,0
DA:21,8
DA:24,2
DA:25,2
DA:26,2
DA:27,2
DA:29,1
DA:34,8
LF:15
LH:14
BRF:0
BRH:0
end_of_record
TN:
SF:src/routes/google/index.ts
FNF:0
FNH:0
DA:7,8
DA:8,8
DA:9,8
DA:10,8
DA:11,8
DA:13,8
DA:15,8
DA:16,8
DA:17,8
DA:18,8
DA:20,8
LF:11
LH:11
BRF:0
BRH:0
end_of_record
TN:
SF:src/routes/google/stats.ts
FN:15,(anonymous_1)
FN:26,(anonymous_2)
FN:37,(anonymous_3)
FN:48,(anonymous_4)
FN:66,(anonymous_5)
FNF:5
FNH:5
FNDA:1,(anonymous_1)
FNDA:1,(anonymous_2)
FNDA:1,(anonymous_3)
FNDA:1,(anonymous_4)
FNDA:1,(anonymous_5)
DA:7,8
DA:8,8
DA:10,8
DA:11,8
DA:13,8
DA:16,1
DA:17,1
DA:19,0
DA:24,8
DA:27,1
DA:28,1
DA:30,0
DA:35,8
DA:38,1
DA:39,1
DA:41,0
DA:46,8
DA:49,1
DA:50,1
DA:53,1
DA:55,0
DA:64,8
DA:67,1
DA:68,1
DA:70,0
DA:74,8
LF:26
LH:21
BRDA:51,0,0,1
BRDA:51,0,1,0
BRF:2
BRH:1
end_of_record
TN:
SF:src/routes/google/tag.ts
FN:13,(anonymous_1)
FN:17,(anonymous_2)
FN:26,(anonymous_3)
FNF:3
FNH:3
FNDA:10,(anonymous_1)
FNDA:2,(anonymous_2)
FNDA:3,(anonymous_3)
DA:7,8
DA:8,8
DA:10,8
DA:11,8
DA:13,8
DA:14,10
DA:17,8
DA:18,2
DA:19,2
DA:20,2
DA:22,1
DA:26,8
DA:28,3
DA:29,3
DA:30,3
DA:31,3
DA:34,0
DA:37,8
LF:18
LH:17
BRF:0
BRH:0
end_of_record
TN:
SF:src/routes/twitter/ad.ts
FN:17,(anonymous_1)
FN:88,(anonymous_2)
FN:99,(anonymous_3)
FN:112,(anonymous_4)
FNF:4
FNH:4
FNDA:14,(anonymous_1)
FNDA:4,(anonymous_2)
FNDA:4,(anonymous_3)
FNDA:3,(anonymous_4)
DA:7,8
DA:8,8
DA:9,8
DA:11,8
DA:12,8
DA:14,8
DA:29,14
DA:34,14
DA:55,14
DA:56,0
DA:57,0
DA:61,14
DA:62,14
DA:66,0
DA:71,14
DA:80,14
DA:84,14
DA:88,8
DA:89,4
DA:90,4
DA:91,4
DA:93,1
DA:97,8
DA:100,4
DA:101,4
DA:102,4
DA:103,2
DA:105,2
DA:110,8
DA:113,3
DA:114,3
DA:115,3
DA:116,1
DA:118,2
DA:123,8
LF:35
LH:32
BRDA:35,0,0,1
BRDA:35,0,1,13
BRDA:36,1,0,14
BRDA:36,1,1,0
BRDA:38,2,0,1
BRDA:38,2,1,13
BRDA:39,3,0,1
BRDA:39,3,1,13
BRDA:40,4,0,1
BRDA:40,4,1,13
BRDA:41,5,0,0
BRDA:41,5,1,14
BRDA:44,6,0,1
BRDA:44,6,1,13
BRDA:48,7,0,1
BRDA:48,7,1,13
BRDA:50,8,0,14
BRDA:50,8,1,0
BRDA:51,9,0,0
BRDA:51,9,1,14
BRDA:55,10,0,0
BRDA:55,10,1,14
BRDA:55,11,0,14
BRDA:55,11,1,14
BRDA:61,12,0,14
BRDA:61,12,1,0
BRF:26
BRH:20
end_of_record
TN:
SF:src/routes/twitter/bot.ts
FN:17,(anonymous_1)
FN:39,(anonymous_2)
FN:82,(anonymous_3)
FN:98,(anonymous_4)
FNF:4
FNH:2
FNDA:1,(anonymous_1)
FNDA:0,(anonymous_2)
FNDA:0,(anonymous_3)
FNDA:2,(anonymous_4)
DA:7,8
DA:8,8
DA:15,8
DA:17,8
DA:18,1
DA:19,1
DA:20,1
DA:22,0
DA:39,8
DA:40,0
DA:41,0
DA:42,0
DA:44,0
DA:82,8
DA:83,0
DA:84,0
DA:85,0
DA:86,0
DA:87,0
DA:88,0
DA:89,0
DA:90,0
DA:92,0
DA:96,8
DA:99,2
DA:100,2
DA:101,2
DA:102,2
DA:104,1
DA:109,8
LF:30
LH:16
BRDA:84,0,0,0
BRDA:84,0,1,0
BRDA:85,1,0,0
BRDA:85,1,1,0
BRF:4
BRH:0
end_of_record
TN:
SF:src/routes/twitter/index.ts
FNF:0
FNH:0
DA:7,8
DA:8,8
DA:9,8
DA:10,8
DA:11,8
DA:13,8
DA:15,8
DA:16,8
DA:17,8
DA:18,8
DA:20,8
LF:11
LH:11
BRF:0
BRH:0
end_of_record
TN:
SF:src/routes/twitter/stats.ts
FN:15,(anonymous_1)
FN:26,(anonymous_2)
FN:37,(anonymous_3)
FN:48,(anonymous_4)
FN:62,(anonymous_5)
FNF:5
FNH:4
FNDA:1,(anonymous_1)
FNDA:1,(anonymous_2)
FNDA:0,(anonymous_3)
FNDA:1,(anonymous_4)
FNDA:1,(anonymous_5)
DA:7,8
DA:8,8
DA:10,8
DA:11,8
DA:13,8
DA:16,1
DA:17,1
DA:19,0
DA:24,8
DA:27,1
DA:28,1
DA:30,0
DA:35,8
DA:38,0
DA:39,0
DA:41,0
DA:46,8
DA:49,1
DA:50,1
DA:53,1
DA:55,0
DA:60,8
DA:63,1
DA:64,1
DA:66,0
DA:70,8
LF:26
LH:19
BRDA:51,0,0,1
BRDA:51,0,1,0
BRF:2
BRH:1
end_of_record
TN:
SF:src/routes/twitter/tag.ts
FN:13,(anonymous_1)
FN:17,(anonymous_2)
FN:26,(anonymous_3)
FNF:3
FNH:3
FNDA:11,(anonymous_1)
FNDA:2,(anonymous_2)
FNDA:3,(anonymous_3)
DA:7,8
DA:8,8
DA:10,8
DA:11,8
DA:13,8
DA:14,11
DA:17,8
DA:18,2
DA:19,2
DA:20,2
DA:22,1
DA:26,8
DA:28,3
DA:29,3
DA:30,3
DA:31,3
DA:34,0
DA:37,8
LF:18
LH:17
BRF:0
BRH:0
end_of_record
TN:
SF:src/tests/customMatchers.ts
FN:2,(anonymous_0)
FN:6,(anonymous_1)
FN:12,(anonymous_2)
FN:16,(anonymous_3)
FNF:4
FNH:1
FNDA:16,(anonymous_0)
FNDA:0,(anonymous_1)
FNDA:0,(anonymous_2)
FNDA:0,(anonymous_3)
DA:1,3
DA:3,16
DA:4,16
DA:5,14
DA:6,0
DA:10,2
DA:12,0
DA:17,0
DA:24,3
DA:38,3
DA:48,3
DA:58,3
LF:12
LH:9
BRDA:11,0,0,2
BRDA:11,0,1,0
BRF:2
BRH:1
end_of_record
TN:
SF:src/tests/testConnection.ts
FN:10,(anonymous_1)
FN:46,(anonymous_2)
FN:52,(anonymous_3)
FNF:3
FNH:3
FNDA:8,(anonymous_1)
FNDA:8,(anonymous_2)
FNDA:55,(anonymous_3)
DA:1,8
DA:2,8
DA:3,8
DA:4,8
DA:5,8
DA:6,0
DA:9,8
DA:13,8
DA:29,8
DA:30,8
DA:33,8
DA:34,8
DA:35,0
DA:36,0
DA:39,8
DA:40,8
DA:42,0
DA:47,8
DA:49,8
DA:53,55
DA:54,55
DA:55,55
DA:56,495
DA:57,495
DA:62,8
LF:25
LH:21
BRDA:5,0,0,0
BRDA:5,0,1,8
BRDA:21,1,0,0
BRDA:21,1,1,8
BRDA:23,2,0,8
BRDA:23,2,1,0
BRDA:34,3,0,0
BRDA:34,3,1,8
BRDA:35,4,0,0
BRDA:35,4,1,0
BRF:10
BRH:4
end_of_record
