TN:
SF:src/app.ts
FN:14,(anonymous_8)
FN:14,(anonymous_9)
FN:25,(anonymous_10)
FN:25,(anonymous_11)
FN:26,(anonymous_12)
FN:34,(anonymous_13)
FN:46,(anonymous_14)
FN:61,(anonymous_15)
FNF:8
FNH:6
FNDA:5,(anonymous_8)
FNDA:5,(anonymous_9)
FNDA:34,(anonymous_10)
FNDA:34,(anonymous_11)
FNDA:0,(anonymous_12)
FNDA:0,(anonymous_13)
FNDA:4,(anonymous_14)
FNDA:5,(anonymous_15)
DA:1,5
DA:2,5
DA:4,5
DA:5,5
DA:6,5
DA:7,5
DA:8,5
DA:9,5
DA:11,5
DA:14,5
DA:15,5
DA:22,5
DA:23,5
DA:25,34
DA:26,34
DA:27,0
DA:34,5
DA:35,0
DA:38,5
DA:41,5
DA:46,5
DA:47,4
DA:48,4
DA:49,1
DA:51,3
DA:56,5
DA:57,5
DA:58,0
DA:61,5
DA:62,5
DA:66,5
DA:67,5
LF:32
LH:29
BRDA:48,0,0,1
BRDA:48,0,1,3
BRDA:56,1,0,5
BRDA:56,1,1,0
BRDA:57,2,0,0
BRDA:57,2,1,5
BRDA:57,3,0,5
BRDA:57,3,1,5
BRF:8
BRH:6
end_of_record
TN:
SF:src/configs/config.ts
FNF:0
FNH:0
DA:1,6
DA:2,6
DA:3,6
DA:4,6
DA:6,6
DA:8,6
DA:9,6
DA:12,0
DA:13,0
DA:16,0
DA:17,0
DA:19,0
DA:33,6
DA:44,6
DA:45,6
DA:46,6
LF:16
LH:11
BRDA:7,0,0,6
BRDA:7,0,1,0
BRDA:7,0,2,0
BRDA:7,0,3,0
BRDA:7,0,4,0
BRDA:7,0,5,0
BRDA:34,1,0,6
BRDA:34,1,1,0
BRDA:35,2,0,6
BRDA:35,2,1,0
BRDA:36,3,0,6
BRDA:36,3,1,0
BRDA:37,4,0,6
BRDA:37,4,1,0
BRDA:38,5,0,6
BRDA:38,5,1,0
BRDA:39,6,0,6
BRDA:39,6,1,0
BRDA:40,7,0,6
BRDA:40,7,1,0
BRDA:41,8,0,0
BRDA:41,8,1,6
BRDA:42,9,0,6
BRDA:42,9,1,0
BRF:24
BRH:10
end_of_record
TN:
SF:src/configs/ormconfig.ts
FNF:0
FNH:0
DA:1,6
DA:2,6
DA:5,6
DA:6,6
DA:7,6
LF:5
LH:5
BRDA:9,0,0,6
BRDA:9,0,1,0
BRDA:10,1,0,6
BRDA:10,1,1,0
BRDA:11,2,0,6
BRDA:11,2,1,0
BRDA:12,3,0,6
BRDA:12,3,1,0
BRDA:13,4,0,6
BRDA:13,4,1,0
BRDA:14,5,0,6
BRDA:14,5,1,0
BRDA:15,6,0,6
BRDA:15,6,1,6
BRF:14
BRH:8
end_of_record
TN:
SF:src/controllers/index.ts
FNF:0
FNH:0
DA:1,5
DA:2,5
DA:3,5
DA:4,5
DA:5,5
DA:6,5
DA:7,5
DA:8,5
LF:8
LH:8
BRF:0
BRH:0
end_of_record
TN:
SF:src/controllers/google/adController.ts
FN:19,(anonymous_7)
FN:32,(anonymous_9)
FN:89,(anonymous_10)
FN:101,(anonymous_11)
FN:125,(anonymous_12)
FN:140,(anonymous_14)
FN:156,(anonymous_16)
FNF:7
FNH:6
FNDA:7,(anonymous_7)
FNDA:1,(anonymous_9)
FNDA:8,(anonymous_10)
FNDA:13,(anonymous_11)
FNDA:4,(anonymous_12)
FNDA:4,(anonymous_14)
FNDA:0,(anonymous_16)
DA:1,5
DA:2,5
DA:5,5
DA:31,7
DA:32,7
DA:33,7
DA:60,7
DA:61,7
DA:62,1
DA:65,7
DA:66,2
DA:69,7
DA:70,1
DA:76,7
DA:77,1
DA:80,7
DA:81,1
DA:84,7
DA:85,1
DA:88,7
DA:89,4
DA:90,8
DA:91,14
DA:92,8
DA:94,6
DA:101,13
DA:103,7
DA:105,7
DA:112,7
DA:113,7
DA:115,7
DA:118,7
DA:126,4
DA:141,4
DA:145,4
DA:157,0
DA:161,0
LF:37
LH:35
BRDA:32,0,0,6
BRDA:32,0,1,1
BRDA:32,1,0,7
BRDA:32,1,1,7
BRDA:34,2,0,7
BRDA:34,2,1,0
BRDA:35,3,0,1
BRDA:35,3,1,6
BRDA:61,4,0,1
BRDA:61,4,1,6
BRDA:65,5,0,2
BRDA:65,5,1,5
BRDA:69,6,0,1
BRDA:69,6,1,6
BRDA:76,7,0,1
BRDA:76,7,1,6
BRDA:80,8,0,1
BRDA:80,8,1,6
BRDA:84,9,0,1
BRDA:84,9,1,6
BRDA:88,10,0,4
BRDA:88,10,1,3
BRDA:91,11,0,8
BRDA:91,11,1,6
BRF:24
BRH:23
end_of_record
TN:
SF:src/controllers/google/botController.ts
FN:4,(anonymous_7)
FN:8,(anonymous_9)
FNF:2
FNH:2
FNDA:1,(anonymous_7)
FNDA:2,(anonymous_9)
DA:1,5
DA:3,5
DA:5,1
DA:9,2
LF:4
LH:4
BRF:0
BRH:0
end_of_record
TN:
SF:src/controllers/google/statController.ts
FN:8,(anonymous_7)
FN:49,(anonymous_9)
FN:62,(anonymous_11)
FN:73,(anonymous_12)
FN:95,(anonymous_14)
FN:108,(anonymous_15)
FN:138,(anonymous_17)
FNF:7
FNH:7
FNDA:1,(anonymous_7)
FNDA:1,(anonymous_9)
FNDA:4,(anonymous_11)
FNDA:1,(anonymous_12)
FNDA:4,(anonymous_14)
FNDA:1,(anonymous_15)
FNDA:1,(anonymous_17)
DA:1,5
DA:2,5
DA:4,5
DA:17,1
DA:18,1
DA:24,1
DA:29,1
DA:36,1
DA:40,1
DA:55,1
DA:62,1
DA:63,4
DA:64,1
DA:67,1
DA:80,1
DA:95,1
DA:96,4
DA:97,1
DA:99,4
DA:100,4
DA:102,1
DA:116,1
DA:119,1
DA:122,1
DA:123,1
DA:135,1
DA:143,1
DA:148,1
DA:153,1
DA:155,1
LF:30
LH:30
BRDA:63,0,0,1
BRDA:63,0,1,3
BRDA:96,1,0,1
BRDA:96,1,1,3
BRF:4
BRH:4
end_of_record
TN:
SF:src/controllers/google/tagController.ts
FN:4,(anonymous_7)
FN:8,(anonymous_9)
FN:14,(anonymous_11)
FN:20,(anonymous_13)
FNF:4
FNH:1
FNDA:2,(anonymous_7)
FNDA:0,(anonymous_9)
FNDA:0,(anonymous_11)
FNDA:0,(anonymous_13)
DA:1,5
DA:3,5
DA:5,2
DA:9,0
DA:15,0
DA:21,0
DA:24,0
LF:7
LH:3
BRF:0
BRH:0
end_of_record
TN:
SF:src/controllers/twitter/adController.ts
FN:19,(anonymous_7)
FN:33,(anonymous_9)
FN:74,(anonymous_10)
FN:91,(anonymous_11)
FN:104,(anonymous_12)
FN:141,(anonymous_13)
FN:155,(anonymous_15)
FN:197,(anonymous_16)
FN:214,(anonymous_17)
FN:227,(anonymous_18)
FN:238,(anonymous_19)
FN:256,(anonymous_20)
FN:271,(anonymous_22)
FN:287,(anonymous_24)
FNF:14
FNH:5
FNDA:0,(anonymous_7)
FNDA:0,(anonymous_9)
FNDA:0,(anonymous_10)
FNDA:0,(anonymous_11)
FNDA:0,(anonymous_12)
FNDA:7,(anonymous_13)
FNDA:1,(anonymous_15)
FNDA:0,(anonymous_16)
FNDA:8,(anonymous_17)
FNDA:13,(anonymous_18)
FNDA:13,(anonymous_19)
FNDA:0,(anonymous_20)
FNDA:0,(anonymous_22)
FNDA:0,(anonymous_24)
DA:1,5
DA:2,5
DA:5,5
DA:32,0
DA:33,0
DA:35,0
DA:54,0
DA:56,0
DA:57,0
DA:60,0
DA:61,0
DA:67,0
DA:68,0
DA:71,0
DA:72,0
DA:74,0
DA:78,0
DA:79,0
DA:82,0
DA:83,0
DA:86,0
DA:87,0
DA:90,0
DA:91,0
DA:92,0
DA:93,0
DA:94,0
DA:96,0
DA:103,0
DA:104,0
DA:106,0
DA:108,0
DA:115,0
DA:116,0
DA:118,0
DA:121,0
DA:154,7
DA:155,7
DA:157,7
DA:177,7
DA:179,7
DA:180,2
DA:183,7
DA:184,1
DA:190,7
DA:191,1
DA:194,7
DA:195,0
DA:197,0
DA:201,7
DA:202,1
DA:205,7
DA:206,1
DA:209,7
DA:210,0
DA:213,7
DA:214,4
DA:215,8
DA:216,12
DA:217,8
DA:219,4
DA:226,7
DA:227,13
DA:230,7
DA:232,7
DA:238,7
DA:239,13
DA:240,13
DA:243,7
DA:244,7
DA:246,7
DA:249,7
DA:257,0
DA:272,0
DA:276,0
DA:288,0
DA:292,0
LF:77
LH:36
BRDA:33,0,0,0
BRDA:33,0,1,0
BRDA:33,1,0,0
BRDA:33,1,1,0
BRDA:36,2,0,0
BRDA:36,2,1,0
BRDA:37,3,0,0
BRDA:37,3,1,0
BRDA:56,4,0,0
BRDA:56,4,1,0
BRDA:60,5,0,0
BRDA:60,5,1,0
BRDA:67,6,0,0
BRDA:67,6,1,0
BRDA:71,7,0,0
BRDA:71,7,1,0
BRDA:78,8,0,0
BRDA:78,8,1,0
BRDA:82,9,0,0
BRDA:82,9,1,0
BRDA:86,10,0,0
BRDA:86,10,1,0
BRDA:90,11,0,0
BRDA:90,11,1,0
BRDA:93,12,0,0
BRDA:93,12,1,0
BRDA:155,13,0,6
BRDA:155,13,1,1
BRDA:155,14,0,7
BRDA:155,14,1,7
BRDA:158,15,0,7
BRDA:158,15,1,0
BRDA:159,16,0,1
BRDA:159,16,1,6
BRDA:179,17,0,2
BRDA:179,17,1,5
BRDA:183,18,0,1
BRDA:183,18,1,6
BRDA:190,19,0,1
BRDA:190,19,1,6
BRDA:194,20,0,0
BRDA:194,20,1,7
BRDA:201,21,0,1
BRDA:201,21,1,6
BRDA:205,22,0,1
BRDA:205,22,1,6
BRDA:209,23,0,0
BRDA:209,23,1,7
BRDA:213,24,0,4
BRDA:213,24,1,3
BRDA:216,25,0,8
BRDA:216,25,1,4
BRF:52
BRH:23
end_of_record
TN:
SF:src/controllers/twitter/botController.ts
FN:4,(anonymous_7)
FN:8,(anonymous_9)
FNF:2
FNH:0
FNDA:0,(anonymous_7)
FNDA:0,(anonymous_9)
DA:1,5
DA:3,5
DA:5,0
DA:9,0
LF:4
LH:2
BRF:0
BRH:0
end_of_record
TN:
SF:src/controllers/twitter/statController.ts
FN:13,(anonymous_7)
FN:43,(anonymous_9)
FN:56,(anonymous_11)
FN:67,(anonymous_12)
FN:84,(anonymous_14)
FN:96,(anonymous_15)
FN:128,(anonymous_17)
FNF:7
FNH:5
FNDA:1,(anonymous_7)
FNDA:1,(anonymous_9)
FNDA:4,(anonymous_11)
FNDA:0,(anonymous_12)
FNDA:0,(anonymous_14)
FNDA:1,(anonymous_15)
FNDA:1,(anonymous_17)
DA:1,5
DA:2,5
DA:9,5
DA:22,1
DA:23,1
DA:29,1
DA:34,1
DA:49,1
DA:56,1
DA:57,4
DA:58,1
DA:61,1
DA:74,0
DA:84,0
DA:85,0
DA:86,0
DA:89,0
DA:90,0
DA:104,1
DA:107,1
DA:111,1
DA:113,1
DA:125,1
DA:135,1
DA:141,1
DA:147,1
DA:153,1
DA:155,1
LF:28
LH:22
BRDA:57,0,0,1
BRDA:57,0,1,3
BRDA:85,1,0,0
BRDA:85,1,1,0
BRF:4
BRH:2
end_of_record
TN:
SF:src/controllers/twitter/tagController.ts
FN:4,(anonymous_7)
FN:8,(anonymous_9)
FN:14,(anonymous_11)
FN:20,(anonymous_13)
FNF:4
FNH:0
FNDA:0,(anonymous_7)
FNDA:0,(anonymous_9)
FNDA:0,(anonymous_11)
FNDA:0,(anonymous_13)
DA:1,5
DA:3,5
DA:5,0
DA:9,0
DA:15,0
DA:21,0
DA:24,0
LF:7
LH:2
BRF:0
BRH:0
end_of_record
TN:
SF:src/helpers/dbConnection.ts
FN:4,(anonymous_8)
FN:4,(anonymous_9)
FN:25,(anonymous_10)
FN:25,(anonymous_11)
FNF:4
FNH:4
FNDA:34,(anonymous_8)
FNDA:34,(anonymous_9)
FNDA:34,(anonymous_10)
FNDA:34,(anonymous_11)
DA:1,5
DA:2,5
DA:4,34
DA:6,34
DA:7,34
DA:10,34
DA:11,34
DA:12,34
DA:13,0
DA:16,0
DA:18,34
DA:20,0
DA:21,0
DA:25,34
DA:26,34
DA:27,34
DA:28,34
DA:29,34
DA:32,0
LF:19
LH:14
BRDA:11,0,0,34
BRDA:11,0,1,0
BRDA:12,1,0,0
BRDA:12,1,1,34
BRDA:28,2,0,34
BRDA:28,2,1,0
BRF:6
BRH:3
end_of_record
TN:
SF:src/helpers/paginate.ts
FN:14,(anonymous_0)
FN:15,(anonymous_1)
FN:35,(anonymous_2)
FNF:3
FNH:3
FNDA:10,(anonymous_0)
FNDA:14,(anonymous_1)
FNDA:14,(anonymous_2)
DA:15,10
DA:16,14
DA:17,8
DA:18,8
DA:19,0
DA:22,14
DA:42,14
DA:49,14
DA:51,14
DA:52,12
DA:53,1
DA:55,11
DA:58,14
DA:59,8
DA:63,14
DA:65,14
DA:67,14
DA:72,14
DA:73,14
DA:74,4
DA:79,10
DA:82,14
DA:83,14
DA:84,2
DA:89,12
DA:92,14
DA:101,5
LF:27
LH:26
BRDA:16,0,0,8
BRDA:16,0,1,6
BRDA:18,1,0,0
BRDA:18,1,1,8
BRDA:51,2,0,12
BRDA:51,2,1,2
BRDA:52,3,0,1
BRDA:52,3,1,11
BRDA:58,4,0,8
BRDA:58,4,1,6
BRDA:73,5,0,4
BRDA:73,5,1,10
BRDA:83,6,0,2
BRDA:83,6,1,12
BRF:14
BRH:13
end_of_record
TN:
SF:src/models/GoogleAd.ts
FN:58,(anonymous_2)
FN:63,(anonymous_3)
FN:22,(anonymous_4)
FN:22,(anonymous_5)
FN:30,(anonymous_6)
FN:52,(anonymous_7)
FN:52,(anonymous_8)
FNF:7
FNH:7
FNDA:29,(anonymous_2)
FNDA:18,(anonymous_3)
FNDA:6,(anonymous_4)
FNDA:6,(anonymous_5)
FNDA:18,(anonymous_6)
FNDA:6,(anonymous_7)
FNDA:6,(anonymous_8)
DA:1,6
DA:11,6
DA:18,6
DA:20,6
DA:22,6
DA:24,6
DA:27,6
DA:30,18
DA:32,6
DA:35,6
DA:38,6
DA:41,6
DA:44,6
DA:47,6
DA:50,6
DA:52,6
DA:53,6
DA:58,6
DA:59,29
DA:63,18
DA:66,16
LF:21
LH:21
BRDA:59,0,0,13
BRDA:59,0,1,16
BRF:2
BRH:2
end_of_record
TN:
SF:src/models/GoogleAdTag.ts
FN:21,(anonymous_2)
FN:21,(anonymous_3)
FN:25,(anonymous_4)
FN:25,(anonymous_5)
FNF:4
FNH:4
FNDA:6,(anonymous_2)
FNDA:6,(anonymous_3)
FNDA:6,(anonymous_4)
FNDA:6,(anonymous_5)
DA:1,6
DA:8,6
DA:14,6
DA:16,6
DA:19,6
DA:21,6
DA:23,6
DA:25,6
DA:27,6
LF:9
LH:9
BRF:0
BRH:0
end_of_record
TN:
SF:src/models/GoogleBot.ts
FN:62,(anonymous_2)
FN:62,(anonymous_3)
FNF:2
FNH:2
FNDA:6,(anonymous_2)
FNDA:6,(anonymous_3)
DA:1,6
DA:8,6
DA:14,6
DA:16,6
DA:19,6
DA:22,6
DA:25,6
DA:28,6
DA:31,6
DA:35,6
DA:38,6
DA:42,6
DA:46,6
DA:49,6
DA:60,6
DA:62,6
DA:63,6
LF:17
LH:17
BRF:0
BRH:0
end_of_record
TN:
SF:src/models/GoogleTag.ts
FN:33,(anonymous_9)
FN:37,(anonymous_10)
FN:45,(anonymous_11)
FN:27,(anonymous_13)
FN:27,(anonymous_14)
FNF:5
FNH:4
FNDA:24,(anonymous_9)
FNDA:0,(anonymous_10)
FNDA:60,(anonymous_11)
FNDA:6,(anonymous_13)
FNDA:6,(anonymous_14)
DA:1,6
DA:12,6
DA:20,6
DA:22,6
DA:25,6
DA:27,6
DA:28,6
DA:33,6
DA:36,24
DA:37,0
DA:40,0
DA:41,0
DA:45,6
DA:53,60
DA:55,60
LF:15
LH:12
BRDA:36,0,0,24
BRDA:36,0,1,0
BRF:2
BRH:1
end_of_record
TN:
SF:src/models/TwitterAd.ts
FN:12,(anonymous_2)
FN:60,(anonymous_3)
FN:65,(anonymous_4)
FN:44,(anonymous_5)
FN:44,(anonymous_6)
FN:49,(anonymous_7)
FN:49,(anonymous_8)
FNF:7
FNH:7
FNDA:6,(anonymous_2)
FNDA:26,(anonymous_3)
FNDA:18,(anonymous_4)
FNDA:6,(anonymous_5)
FNDA:6,(anonymous_6)
FNDA:6,(anonymous_7)
FNDA:6,(anonymous_8)
DA:1,6
DA:10,6
DA:12,6
DA:13,6
DA:14,6
DA:15,6
DA:25,6
DA:27,6
DA:30,6
DA:33,6
DA:36,6
DA:39,6
DA:42,6
DA:44,6
DA:45,6
DA:49,6
DA:50,6
DA:57,6
DA:60,6
DA:61,26
DA:65,18
DA:68,13
LF:22
LH:22
BRDA:12,0,0,6
BRDA:12,0,1,6
BRDA:61,1,0,13
BRDA:61,1,1,13
BRF:4
BRH:4
end_of_record
TN:
SF:src/models/TwitterAdSeenByBot.ts
FN:46,(anonymous_2)
FN:23,(anonymous_3)
FN:23,(anonymous_4)
FN:31,(anonymous_5)
FN:31,(anonymous_6)
FN:40,(anonymous_7)
FNF:6
FNH:6
FNDA:14,(anonymous_2)
FNDA:6,(anonymous_3)
FNDA:6,(anonymous_4)
FNDA:6,(anonymous_5)
FNDA:6,(anonymous_6)
FNDA:18,(anonymous_7)
DA:1,6
DA:10,6
DA:19,6
DA:21,6
DA:23,6
DA:25,6
DA:29,6
DA:31,6
DA:33,6
DA:37,6
DA:40,18
DA:43,6
DA:46,6
DA:47,14
DA:51,0
DA:52,0
DA:53,0
DA:54,0
DA:57,0
LF:19
LH:14
BRDA:47,0,0,14
BRDA:47,0,1,0
BRF:2
BRH:1
end_of_record
TN:
SF:src/models/TwitterAdTag.ts
FN:21,(anonymous_2)
FN:21,(anonymous_3)
FN:25,(anonymous_4)
FN:25,(anonymous_5)
FNF:4
FNH:4
FNDA:6,(anonymous_2)
FNDA:6,(anonymous_3)
FNDA:6,(anonymous_4)
FNDA:6,(anonymous_5)
DA:1,6
DA:8,6
DA:14,6
DA:16,6
DA:19,6
DA:21,6
DA:23,6
DA:25,6
DA:27,6
LF:9
LH:9
BRF:0
BRH:0
end_of_record
TN:
SF:src/models/TwitterBot.ts
FN:4,(anonymous_2)
FN:10,(anonymous_3)
FN:62,(anonymous_4)
FN:62,(anonymous_5)
FNF:4
FNH:4
FNDA:6,(anonymous_2)
FNDA:6,(anonymous_3)
FNDA:6,(anonymous_4)
FNDA:6,(anonymous_5)
DA:1,6
DA:2,6
DA:4,6
DA:5,6
DA:6,6
DA:7,6
DA:10,6
DA:11,6
DA:12,6
DA:13,6
DA:14,6
DA:15,6
DA:16,6
DA:23,6
DA:24,6
DA:25,6
DA:28,6
DA:31,6
DA:34,6
DA:37,6
DA:44,6
DA:51,6
DA:54,6
DA:57,6
DA:60,6
DA:62,6
DA:63,6
LF:27
LH:27
BRDA:4,0,0,6
BRDA:4,0,1,6
BRDA:10,1,0,6
BRDA:10,1,1,6
BRF:4
BRH:4
end_of_record
TN:
SF:src/models/TwitterTag.ts
FN:33,(anonymous_9)
FN:37,(anonymous_10)
FN:45,(anonymous_11)
FN:27,(anonymous_13)
FN:27,(anonymous_14)
FNF:5
FNH:4
FNDA:18,(anonymous_9)
FNDA:0,(anonymous_10)
FNDA:30,(anonymous_11)
FNDA:6,(anonymous_13)
FNDA:6,(anonymous_14)
DA:1,6
DA:12,6
DA:20,6
DA:22,6
DA:25,6
DA:27,6
DA:28,6
DA:33,6
DA:36,18
DA:37,0
DA:40,0
DA:41,0
DA:45,6
DA:53,30
DA:54,30
LF:15
LH:12
BRDA:36,0,0,18
BRDA:36,0,1,0
BRF:2
BRH:1
end_of_record
TN:
SF:src/models/index.ts
FNF:0
FNH:0
DA:1,6
DA:2,6
DA:3,6
DA:4,6
DA:5,6
DA:6,6
DA:7,6
DA:8,6
DA:9,6
LF:9
LH:9
BRF:0
BRH:0
end_of_record
TN:
SF:src/routes/index.ts
FNF:0
FNH:0
DA:1,5
DA:2,5
DA:3,5
DA:5,5
DA:8,5
DA:11,5
DA:12,5
DA:14,5
LF:8
LH:8
BRF:0
BRH:0
end_of_record
TN:
SF:src/routes/google/ad.ts
FN:11,(anonymous_8)
FN:11,(anonymous_9)
FN:72,(anonymous_10)
FN:72,(anonymous_11)
FN:83,(anonymous_12)
FN:83,(anonymous_13)
FN:96,(anonymous_14)
FN:96,(anonymous_15)
FNF:8
FNH:6
FNDA:7,(anonymous_8)
FNDA:7,(anonymous_9)
FNDA:2,(anonymous_10)
FNDA:2,(anonymous_11)
FNDA:4,(anonymous_12)
FNDA:4,(anonymous_13)
FNDA:0,(anonymous_14)
FNDA:0,(anonymous_15)
DA:1,5
DA:2,5
DA:3,5
DA:5,5
DA:6,5
DA:8,5
DA:11,7
DA:21,7
DA:26,7
DA:45,7
DA:46,0
DA:47,0
DA:51,7
DA:55,7
DA:64,7
DA:68,7
DA:72,5
DA:73,2
DA:74,2
DA:75,2
DA:77,1
DA:81,5
DA:83,4
DA:84,4
DA:85,4
DA:86,4
DA:87,2
DA:89,2
DA:94,5
DA:96,0
DA:97,0
DA:98,0
DA:99,0
DA:100,0
DA:102,0
DA:107,5
LF:36
LH:28
BRDA:27,0,0,1
BRDA:27,0,1,6
BRDA:28,1,0,7
BRDA:28,1,1,0
BRDA:30,2,0,1
BRDA:30,2,1,6
BRDA:31,3,0,1
BRDA:31,3,1,6
BRDA:32,4,0,1
BRDA:32,4,1,6
BRDA:33,5,0,1
BRDA:33,5,1,6
BRDA:36,6,0,1
BRDA:36,6,1,6
BRDA:40,7,0,1
BRDA:40,7,1,6
BRDA:45,8,0,0
BRDA:45,8,1,7
BRDA:45,9,0,7
BRDA:45,9,1,7
BRF:20
BRH:18
end_of_record
TN:
SF:src/routes/google/bot.ts
FN:6,(anonymous_8)
FN:6,(anonymous_9)
FN:17,(anonymous_10)
FN:17,(anonymous_11)
FNF:4
FNH:4
FNDA:1,(anonymous_8)
FNDA:1,(anonymous_9)
FNDA:2,(anonymous_10)
FNDA:2,(anonymous_11)
DA:1,5
DA:2,5
DA:4,5
DA:6,5
DA:7,1
DA:8,1
DA:9,1
DA:11,0
DA:15,5
DA:17,2
DA:18,2
DA:19,2
DA:20,2
DA:21,2
DA:23,1
DA:28,5
LF:16
LH:15
BRF:0
BRH:0
end_of_record
TN:
SF:src/routes/google/index.ts
FNF:0
FNH:0
DA:1,5
DA:2,5
DA:3,5
DA:4,5
DA:5,5
DA:7,5
DA:9,5
DA:10,5
DA:11,5
DA:12,5
DA:14,5
LF:11
LH:11
BRF:0
BRH:0
end_of_record
TN:
SF:src/routes/google/stats.ts
FN:9,(anonymous_8)
FN:9,(anonymous_9)
FN:20,(anonymous_10)
FN:20,(anonymous_11)
FN:31,(anonymous_12)
FN:31,(anonymous_13)
FN:42,(anonymous_14)
FN:42,(anonymous_15)
FN:60,(anonymous_16)
FN:60,(anonymous_17)
FNF:10
FNH:10
FNDA:1,(anonymous_8)
FNDA:1,(anonymous_9)
FNDA:1,(anonymous_10)
FNDA:1,(anonymous_11)
FNDA:1,(anonymous_12)
FNDA:1,(anonymous_13)
FNDA:1,(anonymous_14)
FNDA:1,(anonymous_15)
FNDA:1,(anonymous_16)
FNDA:1,(anonymous_17)
DA:1,5
DA:2,5
DA:4,5
DA:5,5
DA:7,5
DA:9,1
DA:10,1
DA:11,1
DA:13,0
DA:18,5
DA:20,1
DA:21,1
DA:22,1
DA:24,0
DA:29,5
DA:31,1
DA:32,1
DA:33,1
DA:35,0
DA:40,5
DA:42,1
DA:43,1
DA:44,1
DA:47,1
DA:49,0
DA:58,5
DA:60,1
DA:61,1
DA:62,1
DA:64,0
DA:68,5
LF:31
LH:26
BRDA:45,0,0,1
BRDA:45,0,1,0
BRF:2
BRH:1
end_of_record
TN:
SF:src/routes/google/tag.ts
FN:7,(anonymous_8)
FN:7,(anonymous_9)
FN:11,(anonymous_10)
FN:11,(anonymous_11)
FN:20,(anonymous_12)
FN:20,(anonymous_13)
FNF:6
FNH:2
FNDA:2,(anonymous_8)
FNDA:2,(anonymous_9)
FNDA:0,(anonymous_10)
FNDA:0,(anonymous_11)
FNDA:0,(anonymous_12)
FNDA:0,(anonymous_13)
DA:1,5
DA:2,5
DA:4,5
DA:5,5
DA:7,5
DA:8,2
DA:11,5
DA:12,0
DA:13,0
DA:14,0
DA:16,0
DA:20,5
DA:22,0
DA:23,0
DA:24,0
DA:25,0
DA:28,0
DA:31,5
LF:18
LH:9
BRF:0
BRH:0
end_of_record
TN:
SF:src/routes/twitter/ad.ts
FN:11,(anonymous_8)
FN:11,(anonymous_9)
FN:82,(anonymous_10)
FN:82,(anonymous_11)
FN:93,(anonymous_12)
FN:93,(anonymous_13)
FN:106,(anonymous_14)
FN:106,(anonymous_15)
FNF:8
FNH:2
FNDA:7,(anonymous_8)
FNDA:7,(anonymous_9)
FNDA:0,(anonymous_10)
FNDA:0,(anonymous_11)
FNDA:0,(anonymous_12)
FNDA:0,(anonymous_13)
FNDA:0,(anonymous_14)
FNDA:0,(anonymous_15)
DA:1,5
DA:2,5
DA:3,5
DA:5,5
DA:6,5
DA:8,5
DA:11,7
DA:23,7
DA:28,7
DA:49,7
DA:50,0
DA:51,0
DA:55,7
DA:56,7
DA:60,0
DA:65,7
DA:74,7
DA:78,7
DA:82,5
DA:83,0
DA:84,0
DA:85,0
DA:87,0
DA:91,5
DA:93,0
DA:94,0
DA:95,0
DA:96,0
DA:97,0
DA:99,0
DA:104,5
DA:106,0
DA:107,0
DA:108,0
DA:109,0
DA:110,0
DA:112,0
DA:117,5
LF:38
LH:19
BRDA:29,0,0,1
BRDA:29,0,1,6
BRDA:30,1,0,7
BRDA:30,1,1,0
BRDA:32,2,0,1
BRDA:32,2,1,6
BRDA:33,3,0,1
BRDA:33,3,1,6
BRDA:34,4,0,1
BRDA:34,4,1,6
BRDA:35,5,0,0
BRDA:35,5,1,7
BRDA:38,6,0,1
BRDA:38,6,1,6
BRDA:42,7,0,1
BRDA:42,7,1,6
BRDA:44,8,0,7
BRDA:44,8,1,0
BRDA:45,9,0,0
BRDA:45,9,1,7
BRDA:49,10,0,0
BRDA:49,10,1,7
BRDA:49,11,0,7
BRDA:49,11,1,7
BRDA:55,12,0,7
BRDA:55,12,1,0
BRF:26
BRH:20
end_of_record
TN:
SF:src/routes/twitter/bot.ts
FN:6,(anonymous_8)
FN:6,(anonymous_9)
FN:17,(anonymous_10)
FN:17,(anonymous_11)
FNF:4
FNH:0
FNDA:0,(anonymous_8)
FNDA:0,(anonymous_9)
FNDA:0,(anonymous_10)
FNDA:0,(anonymous_11)
DA:1,5
DA:2,5
DA:4,5
DA:6,5
DA:7,0
DA:8,0
DA:9,0
DA:11,0
DA:15,5
DA:17,0
DA:18,0
DA:19,0
DA:20,0
DA:21,0
DA:23,0
DA:28,5
LF:16
LH:6
BRF:0
BRH:0
end_of_record
TN:
SF:src/routes/twitter/index.ts
FNF:0
FNH:0
DA:1,5
DA:2,5
DA:3,5
DA:4,5
DA:5,5
DA:7,5
DA:9,5
DA:10,5
DA:11,5
DA:12,5
DA:14,5
LF:11
LH:11
BRF:0
BRH:0
end_of_record
TN:
SF:src/routes/twitter/stats.ts
FN:9,(anonymous_8)
FN:9,(anonymous_9)
FN:20,(anonymous_10)
FN:20,(anonymous_11)
FN:31,(anonymous_12)
FN:31,(anonymous_13)
FN:42,(anonymous_14)
FN:42,(anonymous_15)
FN:56,(anonymous_16)
FN:56,(anonymous_17)
FNF:10
FNH:8
FNDA:1,(anonymous_8)
FNDA:1,(anonymous_9)
FNDA:1,(anonymous_10)
FNDA:1,(anonymous_11)
FNDA:0,(anonymous_12)
FNDA:0,(anonymous_13)
FNDA:1,(anonymous_14)
FNDA:1,(anonymous_15)
FNDA:1,(anonymous_16)
FNDA:1,(anonymous_17)
DA:1,5
DA:2,5
DA:4,5
DA:5,5
DA:7,5
DA:9,1
DA:10,1
DA:11,1
DA:13,0
DA:18,5
DA:20,1
DA:21,1
DA:22,1
DA:24,0
DA:29,5
DA:31,0
DA:32,0
DA:33,0
DA:35,0
DA:40,5
DA:42,1
DA:43,1
DA:44,1
DA:47,1
DA:49,0
DA:54,5
DA:56,1
DA:57,1
DA:58,1
DA:60,0
DA:64,5
LF:31
LH:23
BRDA:45,0,0,1
BRDA:45,0,1,0
BRF:2
BRH:1
end_of_record
TN:
SF:src/routes/twitter/tag.ts
FN:7,(anonymous_8)
FN:7,(anonymous_9)
FN:11,(anonymous_10)
FN:11,(anonymous_11)
FN:20,(anonymous_12)
FN:20,(anonymous_13)
FNF:6
FNH:0
FNDA:0,(anonymous_8)
FNDA:0,(anonymous_9)
FNDA:0,(anonymous_10)
FNDA:0,(anonymous_11)
FNDA:0,(anonymous_12)
FNDA:0,(anonymous_13)
DA:1,5
DA:2,5
DA:4,5
DA:5,5
DA:7,5
DA:8,0
DA:11,5
DA:12,0
DA:13,0
DA:14,0
DA:16,0
DA:20,5
DA:22,0
DA:23,0
DA:24,0
DA:25,0
DA:28,0
DA:31,5
LF:18
LH:8
BRF:0
BRH:0
end_of_record
TN:
SF:src/tests/customMatchers.ts
FN:2,(anonymous_0)
FN:6,(anonymous_1)
FN:12,(anonymous_2)
FN:16,(anonymous_3)
FNF:4
FNH:1
FNDA:16,(anonymous_0)
FNDA:0,(anonymous_1)
FNDA:0,(anonymous_2)
FNDA:0,(anonymous_3)
DA:1,3
DA:3,16
DA:4,16
DA:5,14
DA:6,0
DA:10,2
DA:12,0
DA:17,0
DA:24,3
DA:38,3
DA:48,3
DA:58,3
LF:12
LH:9
BRDA:11,0,0,2
BRDA:11,0,1,0
BRF:2
BRH:1
end_of_record
TN:
SF:src/tests/testConnection.ts
FN:10,(anonymous_8)
FN:46,(anonymous_10)
FN:52,(anonymous_12)
FNF:3
FNH:3
FNDA:6,(anonymous_8)
FNDA:6,(anonymous_10)
FNDA:30,(anonymous_12)
DA:1,6
DA:2,6
DA:3,6
DA:4,6
DA:5,6
DA:6,0
DA:9,6
DA:13,6
DA:29,6
DA:30,6
DA:33,6
DA:34,6
DA:35,0
DA:36,0
DA:39,6
DA:40,6
DA:42,0
DA:47,6
DA:49,6
DA:53,30
DA:54,30
DA:55,30
DA:56,270
DA:57,270
DA:62,6
LF:25
LH:21
BRDA:5,0,0,0
BRDA:5,0,1,6
BRDA:21,1,0,0
BRDA:21,1,1,6
BRDA:23,2,0,6
BRDA:23,2,1,0
BRDA:34,3,0,0
BRDA:34,3,1,6
BRDA:35,4,0,0
BRDA:35,4,1,0
BRF:10
BRH:4
end_of_record
